ARM GAS  /tmp/ccNGCzZ1.s 			page 1


   1              		.cpu cortex-m0
   2              		.eabi_attribute 20, 1
   3              		.eabi_attribute 21, 1
   4              		.eabi_attribute 23, 3
   5              		.eabi_attribute 24, 1
   6              		.eabi_attribute 25, 1
   7              		.eabi_attribute 26, 1
   8              		.eabi_attribute 30, 6
   9              		.eabi_attribute 34, 0
  10              		.eabi_attribute 18, 4
  11              		.file	"chcore_v6m.c"
  12              		.text
  13              	.Ltext0:
  14              		.cfi_sections	.debug_frame
  15              		.section	.text.port_lock,"ax",%progbits
  16              		.align	1
  17              		.p2align 4,,15
  18              		.syntax unified
  19              		.code	16
  20              		.thumb_func
  21              		.fpu softvfp
  22              		.type	port_lock, %function
  23              	port_lock:
  24              	.LFB38:
  25              		.file 1 "ChibiOS/os/rt/ports/ARMCMx/chcore_v6m.h"
  26              		.loc 1 330 0
  27              		.cfi_startproc
  28              		@ args = 0, pretend = 0, frame = 0
  29              		@ frame_needed = 0, uses_anonymous_args = 0
  30              		@ link register save eliminated.
  31              	.LBB15:
  32              	.LBB16:
  33              		.file 2 "ChibiOS/os/ext/CMSIS/include/core_cmFunc.h"
  34              		.loc 2 344 0
  35              		.syntax divided
  36              	@ 344 "ChibiOS/os/ext/CMSIS/include/core_cmFunc.h" 1
  37 0000 72B6     		cpsid i
  38              	@ 0 "" 2
  39              		.thumb
  40              		.syntax unified
  41              	.LBE16:
  42              	.LBE15:
  43              		.loc 1 333 0
  44 0002 C046     		nop
  45              		@ sp needed
  46 0004 7047     		bx	lr
  47              		.cfi_endproc
  48              	.LFE38:
  49              		.size	port_lock, .-port_lock
  50 0006 C046     		.section	.text.port_unlock,"ax",%progbits
  51              		.align	1
  52              		.p2align 4,,15
  53              		.syntax unified
  54              		.code	16
  55              		.thumb_func
  56              		.fpu softvfp
  57              		.type	port_unlock, %function
ARM GAS  /tmp/ccNGCzZ1.s 			page 2


  58              	port_unlock:
  59              	.LFB39:
  60              		.loc 1 339 0
  61              		.cfi_startproc
  62              		@ args = 0, pretend = 0, frame = 0
  63              		@ frame_needed = 0, uses_anonymous_args = 0
  64              		@ link register save eliminated.
  65              	.LBB17:
  66              	.LBB18:
  67              		.loc 2 333 0
  68              		.syntax divided
  69              	@ 333 "ChibiOS/os/ext/CMSIS/include/core_cmFunc.h" 1
  70 0000 62B6     		cpsie i
  71              	@ 0 "" 2
  72              		.thumb
  73              		.syntax unified
  74              	.LBE18:
  75              	.LBE17:
  76              		.loc 1 342 0
  77 0002 C046     		nop
  78              		@ sp needed
  79 0004 7047     		bx	lr
  80              		.cfi_endproc
  81              	.LFE39:
  82              		.size	port_unlock, .-port_unlock
  83 0006 C046     		.section	.text.port_lock_from_isr,"ax",%progbits
  84              		.align	1
  85              		.p2align 4,,15
  86              		.syntax unified
  87              		.code	16
  88              		.thumb_func
  89              		.fpu softvfp
  90              		.type	port_lock_from_isr, %function
  91              	port_lock_from_isr:
  92              	.LFB40:
  93              		.loc 1 349 0
  94              		.cfi_startproc
  95              		@ args = 0, pretend = 0, frame = 0
  96              		@ frame_needed = 0, uses_anonymous_args = 0
  97 0000 10B5     		push	{r4, lr}
  98              		.cfi_def_cfa_offset 8
  99              		.cfi_offset 4, -8
 100              		.cfi_offset 14, -4
 101              		.loc 1 351 0
 102 0002 FFF7FEFF 		bl	port_lock
 103              		.loc 1 352 0
 104 0006 C046     		nop
 105              		@ sp needed
 106 0008 10BD     		pop	{r4, pc}
 107              		.cfi_endproc
 108              	.LFE40:
 109              		.size	port_lock_from_isr, .-port_lock_from_isr
 110 000a C046     		.section	.text.port_unlock_from_isr,"ax",%progbits
 111              		.align	1
 112              		.p2align 4,,15
 113              		.syntax unified
 114              		.code	16
ARM GAS  /tmp/ccNGCzZ1.s 			page 3


 115              		.thumb_func
 116              		.fpu softvfp
 117              		.type	port_unlock_from_isr, %function
 118              	port_unlock_from_isr:
 119              	.LFB41:
 120              		.loc 1 359 0
 121              		.cfi_startproc
 122              		@ args = 0, pretend = 0, frame = 0
 123              		@ frame_needed = 0, uses_anonymous_args = 0
 124 0000 10B5     		push	{r4, lr}
 125              		.cfi_def_cfa_offset 8
 126              		.cfi_offset 4, -8
 127              		.cfi_offset 14, -4
 128              		.loc 1 361 0
 129 0002 FFF7FEFF 		bl	port_unlock
 130              		.loc 1 362 0
 131 0006 C046     		nop
 132              		@ sp needed
 133 0008 10BD     		pop	{r4, pc}
 134              		.cfi_endproc
 135              	.LFE41:
 136              		.size	port_unlock_from_isr, .-port_unlock_from_isr
 137 000a C046     		.section	.text.NMI_Handler,"ax",%progbits
 138              		.align	1
 139              		.p2align 4,,15
 140              		.global	NMI_Handler
 141              		.syntax unified
 142              		.code	16
 143              		.thumb_func
 144              		.fpu softvfp
 145              		.type	NMI_Handler, %function
 146              	NMI_Handler:
 147              	.LFB152:
 148              		.file 3 "ChibiOS/os/rt/ports/ARMCMx/chcore_v6m.c"
 149              		.loc 3 61 0
 150              		.cfi_startproc
 151              		@ args = 0, pretend = 0, frame = 8
 152              		@ frame_needed = 1, uses_anonymous_args = 0
 153 0000 90B5     		push	{r4, r7, lr}
 154              		.cfi_def_cfa_offset 12
 155              		.cfi_offset 4, -12
 156              		.cfi_offset 7, -8
 157              		.cfi_offset 14, -4
 158 0002 83B0     		sub	sp, sp, #12
 159              		.cfi_def_cfa_offset 24
 160 0004 00AF     		add	r7, sp, #0
 161              		.cfi_def_cfa_register 7
 162              	.LBB19:
 163              	.LBB20:
 164              		.loc 2 430 0
 165              		.syntax divided
 166              	@ 430 "ChibiOS/os/ext/CMSIS/include/core_cmFunc.h" 1
 167 0006 EFF30983 		MRS r3, psp
 168              	
 169              	@ 0 "" 2
 170              		.thumb
 171              		.syntax unified
ARM GAS  /tmp/ccNGCzZ1.s 			page 4


 172 000a 1C00     		movs	r4, r3
 173              		.loc 2 431 0
 174 000c 2300     		movs	r3, r4
 175              	.LBE20:
 176              	.LBE19:
 177              		.loc 3 65 0
 178 000e 7B60     		str	r3, [r7, #4]
 179              		.loc 3 69 0
 180 0010 7B68     		ldr	r3, [r7, #4]
 181 0012 2033     		adds	r3, r3, #32
 182 0014 7B60     		str	r3, [r7, #4]
 183              		.loc 3 72 0
 184 0016 7B68     		ldr	r3, [r7, #4]
 185 0018 3B60     		str	r3, [r7]
 186              	.LBB21:
 187              	.LBB22:
 188              		.loc 2 443 0
 189 001a 3B68     		ldr	r3, [r7]
 190              		.syntax divided
 191              	@ 443 "ChibiOS/os/ext/CMSIS/include/core_cmFunc.h" 1
 192 001c 83F30988 		MSR psp, r3
 193              	
 194              	@ 0 "" 2
 195              		.thumb
 196              		.syntax unified
 197              	.LBE22:
 198              	.LBE21:
 199              		.loc 3 75 0
 200 0020 FFF7FEFF 		bl	port_unlock_from_isr
 201              		.loc 3 76 0
 202 0024 C046     		nop
 203 0026 BD46     		mov	sp, r7
 204 0028 03B0     		add	sp, sp, #12
 205              		@ sp needed
 206 002a 90BD     		pop	{r4, r7, pc}
 207              		.cfi_endproc
 208              	.LFE152:
 209              		.size	NMI_Handler, .-NMI_Handler
 210              		.section	.text._port_irq_epilogue,"ax",%progbits
 211              		.align	1
 212              		.p2align 4,,15
 213              		.global	_port_irq_epilogue
 214              		.syntax unified
 215              		.code	16
 216              		.thumb_func
 217              		.fpu softvfp
 218              		.type	_port_irq_epilogue, %function
 219              	_port_irq_epilogue:
 220              	.LFB153:
 221              		.loc 3 110 0
 222              		.cfi_startproc
 223              		@ args = 0, pretend = 0, frame = 16
 224              		@ frame_needed = 1, uses_anonymous_args = 0
 225 0000 90B5     		push	{r4, r7, lr}
 226              		.cfi_def_cfa_offset 12
 227              		.cfi_offset 4, -12
 228              		.cfi_offset 7, -8
ARM GAS  /tmp/ccNGCzZ1.s 			page 5


 229              		.cfi_offset 14, -4
 230 0002 85B0     		sub	sp, sp, #20
 231              		.cfi_def_cfa_offset 32
 232 0004 00AF     		add	r7, sp, #0
 233              		.cfi_def_cfa_register 7
 234 0006 7860     		str	r0, [r7, #4]
 235              		.loc 3 112 0
 236 0008 7B68     		ldr	r3, [r7, #4]
 237 000a 0F33     		adds	r3, r3, #15
 238 000c 1DD0     		beq	.L11
 239              	.LBB23:
 240              		.loc 3 115 0
 241 000e FFF7FEFF 		bl	port_lock_from_isr
 242              	.LBB24:
 243              	.LBB25:
 244              		.loc 2 430 0
 245              		.syntax divided
 246              	@ 430 "ChibiOS/os/ext/CMSIS/include/core_cmFunc.h" 1
 247 0012 EFF30983 		MRS r3, psp
 248              	
 249              	@ 0 "" 2
 250              		.thumb
 251              		.syntax unified
 252 0016 1C00     		movs	r4, r3
 253              		.loc 2 431 0
 254 0018 2300     		movs	r3, r4
 255              	.LBE25:
 256              	.LBE24:
 257              		.loc 3 118 0
 258 001a FB60     		str	r3, [r7, #12]
 259              		.loc 3 122 0
 260 001c FB68     		ldr	r3, [r7, #12]
 261 001e 203B     		subs	r3, r3, #32
 262 0020 FB60     		str	r3, [r7, #12]
 263              		.loc 3 125 0
 264 0022 FB68     		ldr	r3, [r7, #12]
 265 0024 BB60     		str	r3, [r7, #8]
 266              	.LBB26:
 267              	.LBB27:
 268              		.loc 2 443 0
 269 0026 BB68     		ldr	r3, [r7, #8]
 270              		.syntax divided
 271              	@ 443 "ChibiOS/os/ext/CMSIS/include/core_cmFunc.h" 1
 272 0028 83F30988 		MSR psp, r3
 273              	
 274              	@ 0 "" 2
 275              		.thumb
 276              		.syntax unified
 277              	.LBE27:
 278              	.LBE26:
 279              		.loc 3 128 0
 280 002c FB68     		ldr	r3, [r7, #12]
 281 002e 8022     		movs	r2, #128
 282 0030 5204     		lsls	r2, r2, #17
 283 0032 DA61     		str	r2, [r3, #28]
 284              		.loc 3 132 0
 285 0034 FFF7FEFF 		bl	chSchIsPreemptionRequired
ARM GAS  /tmp/ccNGCzZ1.s 			page 6


 286 0038 031E     		subs	r3, r0, #0
 287 003a 03D0     		beq	.L10
 288              		.loc 3 134 0
 289 003c FB68     		ldr	r3, [r7, #12]
 290 003e 054A     		ldr	r2, .L12
 291 0040 9A61     		str	r2, [r3, #24]
 292              	.LBE23:
 293              		.loc 3 145 0
 294 0042 02E0     		b	.L11
 295              	.L10:
 296              	.LBB28:
 297              		.loc 3 139 0
 298 0044 FB68     		ldr	r3, [r7, #12]
 299 0046 044A     		ldr	r2, .L12+4
 300 0048 9A61     		str	r2, [r3, #24]
 301              	.L11:
 302              	.LBE28:
 303              		.loc 3 145 0
 304 004a C046     		nop
 305 004c BD46     		mov	sp, r7
 306 004e 05B0     		add	sp, sp, #20
 307              		@ sp needed
 308 0050 90BD     		pop	{r4, r7, pc}
 309              	.L13:
 310 0052 C046     		.align	2
 311              	.L12:
 312 0054 00000000 		.word	_port_switch_from_isr
 313 0058 00000000 		.word	_port_exit_from_isr
 314              		.cfi_endproc
 315              	.LFE153:
 316              		.size	_port_irq_epilogue, .-_port_irq_epilogue
 317              		.text
 318              	.Letext0:
 319              		.file 4 "/home/felix/opt/gcc-arm-none-eabi-6-2017-q1-update/arm-none-eabi/include/machine/_default
 320              		.file 5 "/home/felix/opt/gcc-arm-none-eabi-6-2017-q1-update/arm-none-eabi/include/sys/_stdint.h"
 321              		.file 6 "ChibiOS/os/rt/ports/ARMCMx/compilers/GCC/chtypes.h"
 322              		.file 7 "ChibiOS/os/rt/include/chsystypes.h"
 323              		.file 8 "ChibiOS/os/rt/include/chschd.h"
 324              		.file 9 "ChibiOS/os/rt/ports/ARMCMx/chcore.h"
 325              		.file 10 "ChibiOS/os/rt/include/chdebug.h"
 326              		.file 11 "ChibiOS/os/rt/include/chsem.h"
 327              		.file 12 "ChibiOS/os/rt/include/chmtx.h"
 328              		.file 13 "ChibiOS/os/rt/include/chregistry.h"
 329              		.file 14 "ChibiOS/os/ext/CMSIS/ST/STM32F0xx/system_stm32f0xx.h"
 330              		.section	.debug_info,"",%progbits
 331              	.Ldebug_info0:
 332 0000 E7090000 		.4byte	0x9e7
 333 0004 0400     		.2byte	0x4
 334 0006 00000000 		.4byte	.Ldebug_abbrev0
 335 000a 04       		.byte	0x4
 336 000b 01       		.uleb128 0x1
 337 000c 87020000 		.4byte	.LASF148
 338 0010 0C       		.byte	0xc
 339 0011 E8010000 		.4byte	.LASF149
 340 0015 94030000 		.4byte	.LASF150
 341 0019 18000000 		.4byte	.Ldebug_ranges0+0x18
 342 001d 00000000 		.4byte	0
ARM GAS  /tmp/ccNGCzZ1.s 			page 7


 343 0021 00000000 		.4byte	.Ldebug_line0
 344 0025 02       		.uleb128 0x2
 345 0026 04       		.byte	0x4
 346 0027 05       		.byte	0x5
 347 0028 696E7400 		.ascii	"int\000"
 348 002c 03       		.uleb128 0x3
 349 002d 04       		.byte	0x4
 350 002e 07       		.byte	0x7
 351 002f 88000000 		.4byte	.LASF0
 352 0033 03       		.uleb128 0x3
 353 0034 08       		.byte	0x8
 354 0035 05       		.byte	0x5
 355 0036 57040000 		.4byte	.LASF1
 356 003a 03       		.uleb128 0x3
 357 003b 08       		.byte	0x8
 358 003c 04       		.byte	0x4
 359 003d F1040000 		.4byte	.LASF2
 360 0041 03       		.uleb128 0x3
 361 0042 01       		.byte	0x1
 362 0043 06       		.byte	0x6
 363 0044 09070000 		.4byte	.LASF3
 364 0048 04       		.uleb128 0x4
 365 0049 C5050000 		.4byte	.LASF6
 366 004d 04       		.byte	0x4
 367 004e 2B       		.byte	0x2b
 368 004f 53000000 		.4byte	0x53
 369 0053 03       		.uleb128 0x3
 370 0054 01       		.byte	0x1
 371 0055 08       		.byte	0x8
 372 0056 7A060000 		.4byte	.LASF4
 373 005a 03       		.uleb128 0x3
 374 005b 02       		.byte	0x2
 375 005c 05       		.byte	0x5
 376 005d 39050000 		.4byte	.LASF5
 377 0061 04       		.uleb128 0x4
 378 0062 D7010000 		.4byte	.LASF7
 379 0066 04       		.byte	0x4
 380 0067 39       		.byte	0x39
 381 0068 6C000000 		.4byte	0x6c
 382 006c 03       		.uleb128 0x3
 383 006d 02       		.byte	0x2
 384 006e 07       		.byte	0x7
 385 006f 22070000 		.4byte	.LASF8
 386 0073 04       		.uleb128 0x4
 387 0074 A4000000 		.4byte	.LASF9
 388 0078 04       		.byte	0x4
 389 0079 4D       		.byte	0x4d
 390 007a 7E000000 		.4byte	0x7e
 391 007e 03       		.uleb128 0x3
 392 007f 04       		.byte	0x4
 393 0080 05       		.byte	0x5
 394 0081 65050000 		.4byte	.LASF10
 395 0085 04       		.uleb128 0x4
 396 0086 88060000 		.4byte	.LASF11
 397 008a 04       		.byte	0x4
 398 008b 4F       		.byte	0x4f
 399 008c 90000000 		.4byte	0x90
ARM GAS  /tmp/ccNGCzZ1.s 			page 8


 400 0090 03       		.uleb128 0x3
 401 0091 04       		.byte	0x4
 402 0092 07       		.byte	0x7
 403 0093 06060000 		.4byte	.LASF12
 404 0097 04       		.uleb128 0x4
 405 0098 5E030000 		.4byte	.LASF13
 406 009c 04       		.byte	0x4
 407 009d 69       		.byte	0x69
 408 009e A2000000 		.4byte	0xa2
 409 00a2 03       		.uleb128 0x3
 410 00a3 08       		.byte	0x8
 411 00a4 07       		.byte	0x7
 412 00a5 B6010000 		.4byte	.LASF14
 413 00a9 04       		.uleb128 0x4
 414 00aa 12040000 		.4byte	.LASF15
 415 00ae 05       		.byte	0x5
 416 00af 18       		.byte	0x18
 417 00b0 48000000 		.4byte	0x48
 418 00b4 04       		.uleb128 0x4
 419 00b5 FD040000 		.4byte	.LASF16
 420 00b9 05       		.byte	0x5
 421 00ba 24       		.byte	0x24
 422 00bb 61000000 		.4byte	0x61
 423 00bf 04       		.uleb128 0x4
 424 00c0 32060000 		.4byte	.LASF17
 425 00c4 05       		.byte	0x5
 426 00c5 2C       		.byte	0x2c
 427 00c6 73000000 		.4byte	0x73
 428 00ca 04       		.uleb128 0x4
 429 00cb 5A010000 		.4byte	.LASF18
 430 00cf 05       		.byte	0x5
 431 00d0 30       		.byte	0x30
 432 00d1 85000000 		.4byte	0x85
 433 00d5 04       		.uleb128 0x4
 434 00d6 98050000 		.4byte	.LASF19
 435 00da 05       		.byte	0x5
 436 00db 3C       		.byte	0x3c
 437 00dc 97000000 		.4byte	0x97
 438 00e0 04       		.uleb128 0x4
 439 00e1 D6040000 		.4byte	.LASF20
 440 00e5 06       		.byte	0x6
 441 00e6 3C       		.byte	0x3c
 442 00e7 A9000000 		.4byte	0xa9
 443 00eb 04       		.uleb128 0x4
 444 00ec E8030000 		.4byte	.LASF21
 445 00f0 06       		.byte	0x6
 446 00f1 3D       		.byte	0x3d
 447 00f2 A9000000 		.4byte	0xa9
 448 00f6 04       		.uleb128 0x4
 449 00f7 FE050000 		.4byte	.LASF22
 450 00fb 06       		.byte	0x6
 451 00fc 3E       		.byte	0x3e
 452 00fd A9000000 		.4byte	0xa9
 453 0101 04       		.uleb128 0x4
 454 0102 96010000 		.4byte	.LASF23
 455 0106 06       		.byte	0x6
 456 0107 40       		.byte	0x40
ARM GAS  /tmp/ccNGCzZ1.s 			page 9


 457 0108 CA000000 		.4byte	0xca
 458 010c 04       		.uleb128 0x4
 459 010d 75040000 		.4byte	.LASF24
 460 0111 06       		.byte	0x6
 461 0112 41       		.byte	0x41
 462 0113 BF000000 		.4byte	0xbf
 463 0117 04       		.uleb128 0x4
 464 0118 6F010000 		.4byte	.LASF25
 465 011c 06       		.byte	0x6
 466 011d 43       		.byte	0x43
 467 011e CA000000 		.4byte	0xca
 468 0122 04       		.uleb128 0x4
 469 0123 E2010000 		.4byte	.LASF26
 470 0127 06       		.byte	0x6
 471 0128 45       		.byte	0x45
 472 0129 BF000000 		.4byte	0xbf
 473 012d 04       		.uleb128 0x4
 474 012e 56000000 		.4byte	.LASF27
 475 0132 07       		.byte	0x7
 476 0133 35       		.byte	0x35
 477 0134 B4000000 		.4byte	0xb4
 478 0138 04       		.uleb128 0x4
 479 0139 37020000 		.4byte	.LASF28
 480 013d 07       		.byte	0x7
 481 013e 3F       		.byte	0x3f
 482 013f 43010000 		.4byte	0x143
 483 0143 05       		.uleb128 0x5
 484 0144 36040000 		.4byte	.LASF49
 485 0148 48       		.byte	0x48
 486 0149 08       		.byte	0x8
 487 014a C2       		.byte	0xc2
 488 014b 3C020000 		.4byte	0x23c
 489 014f 06       		.uleb128 0x6
 490 0150 91050000 		.4byte	.LASF29
 491 0154 08       		.byte	0x8
 492 0155 C3       		.byte	0xc3
 493 0156 47020000 		.4byte	0x247
 494 015a 00       		.byte	0
 495 015b 06       		.uleb128 0x6
 496 015c EE050000 		.4byte	.LASF30
 497 0160 08       		.byte	0x8
 498 0161 C5       		.byte	0xc5
 499 0162 47020000 		.4byte	0x247
 500 0166 04       		.byte	0x4
 501 0167 06       		.uleb128 0x6
 502 0168 4F000000 		.4byte	.LASF31
 503 016c 08       		.byte	0x8
 504 016d C7       		.byte	0xc7
 505 016e 01010000 		.4byte	0x101
 506 0172 08       		.byte	0x8
 507 0173 06       		.uleb128 0x6
 508 0174 A1050000 		.4byte	.LASF32
 509 0178 08       		.byte	0x8
 510 0179 C8       		.byte	0xc8
 511 017a A0040000 		.4byte	0x4a0
 512 017e 0C       		.byte	0xc
 513 017f 06       		.uleb128 0x6
ARM GAS  /tmp/ccNGCzZ1.s 			page 10


 514 0180 10020000 		.4byte	.LASF33
 515 0184 08       		.byte	0x8
 516 0185 CA       		.byte	0xca
 517 0186 47020000 		.4byte	0x247
 518 018a 10       		.byte	0x10
 519 018b 06       		.uleb128 0x6
 520 018c F7030000 		.4byte	.LASF34
 521 0190 08       		.byte	0x8
 522 0191 CB       		.byte	0xcb
 523 0192 47020000 		.4byte	0x247
 524 0196 14       		.byte	0x14
 525 0197 06       		.uleb128 0x6
 526 0198 84030000 		.4byte	.LASF35
 527 019c 08       		.byte	0x8
 528 019d D2       		.byte	0xd2
 529 019e F1060000 		.4byte	0x6f1
 530 01a2 18       		.byte	0x18
 531 01a3 06       		.uleb128 0x6
 532 01a4 07040000 		.4byte	.LASF36
 533 01a8 08       		.byte	0x8
 534 01a9 D8       		.byte	0xd8
 535 01aa 08070000 		.4byte	0x708
 536 01ae 1C       		.byte	0x1c
 537 01af 06       		.uleb128 0x6
 538 01b0 FF030000 		.4byte	.LASF37
 539 01b4 08       		.byte	0x8
 540 01b5 DD       		.byte	0xdd
 541 01b6 EB000000 		.4byte	0xeb
 542 01ba 20       		.byte	0x20
 543 01bb 06       		.uleb128 0x6
 544 01bc 83040000 		.4byte	.LASF38
 545 01c0 08       		.byte	0x8
 546 01c1 E1       		.byte	0xe1
 547 01c2 E0000000 		.4byte	0xe0
 548 01c6 21       		.byte	0x21
 549 01c7 06       		.uleb128 0x6
 550 01c8 A9060000 		.4byte	.LASF39
 551 01cc 08       		.byte	0x8
 552 01cd E6       		.byte	0xe6
 553 01ce F6000000 		.4byte	0xf6
 554 01d2 22       		.byte	0x22
 555 01d3 07       		.uleb128 0x7
 556 01d4 705F7500 		.ascii	"p_u\000"
 557 01d8 08       		.byte	0x8
 558 01d9 3101     		.2byte	0x131
 559 01db 2C060000 		.4byte	0x62c
 560 01df 24       		.byte	0x24
 561 01e0 08       		.uleb128 0x8
 562 01e1 20000000 		.4byte	.LASF40
 563 01e5 08       		.byte	0x8
 564 01e6 3601     		.2byte	0x136
 565 01e8 4D020000 		.4byte	0x24d
 566 01ec 28       		.byte	0x28
 567 01ed 08       		.uleb128 0x8
 568 01ee 7D000000 		.4byte	.LASF41
 569 01f2 08       		.byte	0x8
 570 01f3 3C01     		.2byte	0x13c
ARM GAS  /tmp/ccNGCzZ1.s 			page 11


 571 01f5 71020000 		.4byte	0x271
 572 01f9 2C       		.byte	0x2c
 573 01fa 08       		.uleb128 0x8
 574 01fb D0040000 		.4byte	.LASF42
 575 01ff 08       		.byte	0x8
 576 0200 4001     		.2byte	0x140
 577 0202 0C010000 		.4byte	0x10c
 578 0206 34       		.byte	0x34
 579 0207 08       		.uleb128 0x8
 580 0208 52050000 		.4byte	.LASF43
 581 020c 08       		.byte	0x8
 582 020d 4601     		.2byte	0x146
 583 020f 17010000 		.4byte	0x117
 584 0213 38       		.byte	0x38
 585 0214 08       		.uleb128 0x8
 586 0215 2C040000 		.4byte	.LASF44
 587 0219 08       		.byte	0x8
 588 021a 4D01     		.2byte	0x14d
 589 021c EB060000 		.4byte	0x6eb
 590 0220 3C       		.byte	0x3c
 591 0221 08       		.uleb128 0x8
 592 0222 23050000 		.4byte	.LASF45
 593 0226 08       		.byte	0x8
 594 0227 5101     		.2byte	0x151
 595 0229 01010000 		.4byte	0x101
 596 022d 40       		.byte	0x40
 597 022e 08       		.uleb128 0x8
 598 022f 24040000 		.4byte	.LASF46
 599 0233 08       		.byte	0x8
 600 0234 5801     		.2byte	0x158
 601 0236 24030000 		.4byte	0x324
 602 023a 44       		.byte	0x44
 603 023b 00       		.byte	0
 604 023c 04       		.uleb128 0x4
 605 023d C9030000 		.4byte	.LASF47
 606 0241 07       		.byte	0x7
 607 0242 44       		.byte	0x44
 608 0243 47020000 		.4byte	0x247
 609 0247 09       		.uleb128 0x9
 610 0248 04       		.byte	0x4
 611 0249 38010000 		.4byte	0x138
 612 024d 04       		.uleb128 0x4
 613 024e 95000000 		.4byte	.LASF48
 614 0252 07       		.byte	0x7
 615 0253 49       		.byte	0x49
 616 0254 58020000 		.4byte	0x258
 617 0258 05       		.uleb128 0x5
 618 0259 00000000 		.4byte	.LASF50
 619 025d 04       		.byte	0x4
 620 025e 08       		.byte	0x8
 621 025f B0       		.byte	0xb0
 622 0260 71020000 		.4byte	0x271
 623 0264 06       		.uleb128 0x6
 624 0265 91050000 		.4byte	.LASF29
 625 0269 08       		.byte	0x8
 626 026a B1       		.byte	0xb1
 627 026b 47020000 		.4byte	0x247
ARM GAS  /tmp/ccNGCzZ1.s 			page 12


 628 026f 00       		.byte	0
 629 0270 00       		.byte	0
 630 0271 04       		.uleb128 0x4
 631 0272 10000000 		.4byte	.LASF51
 632 0276 07       		.byte	0x7
 633 0277 50       		.byte	0x50
 634 0278 7C020000 		.4byte	0x27c
 635 027c 05       		.uleb128 0x5
 636 027d 1F010000 		.4byte	.LASF52
 637 0281 08       		.byte	0x8
 638 0282 08       		.byte	0x8
 639 0283 B7       		.byte	0xb7
 640 0284 A1020000 		.4byte	0x2a1
 641 0288 06       		.uleb128 0x6
 642 0289 91050000 		.4byte	.LASF29
 643 028d 08       		.byte	0x8
 644 028e B8       		.byte	0xb8
 645 028f 47020000 		.4byte	0x247
 646 0293 00       		.byte	0
 647 0294 06       		.uleb128 0x6
 648 0295 EE050000 		.4byte	.LASF30
 649 0299 08       		.byte	0x8
 650 029a B9       		.byte	0xb9
 651 029b 47020000 		.4byte	0x247
 652 029f 04       		.byte	0x4
 653 02a0 00       		.byte	0
 654 02a1 04       		.uleb128 0x4
 655 02a2 25060000 		.4byte	.LASF53
 656 02a6 07       		.byte	0x7
 657 02a7 57       		.byte	0x57
 658 02a8 AC020000 		.4byte	0x2ac
 659 02ac 0A       		.uleb128 0xa
 660 02ad EE000000 		.4byte	.LASF54
 661 02b1 1C       		.byte	0x1c
 662 02b2 08       		.byte	0x8
 663 02b3 9001     		.2byte	0x190
 664 02b5 08030000 		.4byte	0x308
 665 02b9 08       		.uleb128 0x8
 666 02ba 65040000 		.4byte	.LASF55
 667 02be 08       		.byte	0x8
 668 02bf 9101     		.2byte	0x191
 669 02c1 71020000 		.4byte	0x271
 670 02c5 00       		.byte	0
 671 02c6 08       		.uleb128 0x8
 672 02c7 7B010000 		.4byte	.LASF56
 673 02cb 08       		.byte	0x8
 674 02cc 9201     		.2byte	0x192
 675 02ce 01010000 		.4byte	0x101
 676 02d2 08       		.byte	0x8
 677 02d3 08       		.uleb128 0x8
 678 02d4 35070000 		.4byte	.LASF57
 679 02d8 08       		.byte	0x8
 680 02d9 9401     		.2byte	0x194
 681 02db A0040000 		.4byte	0x4a0
 682 02df 0C       		.byte	0xc
 683 02e0 08       		.uleb128 0x8
 684 02e1 6D040000 		.4byte	.LASF58
ARM GAS  /tmp/ccNGCzZ1.s 			page 13


 685 02e5 08       		.byte	0x8
 686 02e6 9701     		.2byte	0x197
 687 02e8 47020000 		.4byte	0x247
 688 02ec 10       		.byte	0x10
 689 02ed 08       		.uleb128 0x8
 690 02ee BE040000 		.4byte	.LASF59
 691 02f2 08       		.byte	0x8
 692 02f3 9801     		.2byte	0x198
 693 02f5 47020000 		.4byte	0x247
 694 02f9 14       		.byte	0x14
 695 02fa 08       		.uleb128 0x8
 696 02fb 43050000 		.4byte	.LASF60
 697 02ff 08       		.byte	0x8
 698 0300 9B01     		.2byte	0x19b
 699 0302 47020000 		.4byte	0x247
 700 0306 18       		.byte	0x18
 701 0307 00       		.byte	0
 702 0308 04       		.uleb128 0x4
 703 0309 3B010000 		.4byte	.LASF61
 704 030d 07       		.byte	0x7
 705 030e 5C       		.byte	0x5c
 706 030f 13030000 		.4byte	0x313
 707 0313 09       		.uleb128 0x9
 708 0314 04       		.byte	0x4
 709 0315 19030000 		.4byte	0x319
 710 0319 0B       		.uleb128 0xb
 711 031a 24030000 		.4byte	0x324
 712 031e 0C       		.uleb128 0xc
 713 031f 24030000 		.4byte	0x324
 714 0323 00       		.byte	0
 715 0324 0D       		.uleb128 0xd
 716 0325 04       		.byte	0x4
 717 0326 04       		.uleb128 0x4
 718 0327 8B040000 		.4byte	.LASF62
 719 032b 07       		.byte	0x7
 720 032c 61       		.byte	0x61
 721 032d 31030000 		.4byte	0x331
 722 0331 0A       		.uleb128 0xa
 723 0332 9E010000 		.4byte	.LASF63
 724 0336 14       		.byte	0x14
 725 0337 08       		.byte	0x8
 726 0338 6B01     		.2byte	0x16b
 727 033a 80030000 		.4byte	0x380
 728 033e 08       		.uleb128 0x8
 729 033f D6060000 		.4byte	.LASF64
 730 0343 08       		.byte	0x8
 731 0344 6C01     		.2byte	0x16c
 732 0346 0E070000 		.4byte	0x70e
 733 034a 00       		.byte	0
 734 034b 08       		.uleb128 0x8
 735 034c 63070000 		.4byte	.LASF65
 736 0350 08       		.byte	0x8
 737 0351 6D01     		.2byte	0x16d
 738 0353 0E070000 		.4byte	0x70e
 739 0357 04       		.byte	0x4
 740 0358 08       		.uleb128 0x8
 741 0359 8B030000 		.4byte	.LASF66
ARM GAS  /tmp/ccNGCzZ1.s 			page 14


 742 035d 08       		.byte	0x8
 743 035e 6E01     		.2byte	0x16e
 744 0360 2D010000 		.4byte	0x12d
 745 0364 08       		.byte	0x8
 746 0365 08       		.uleb128 0x8
 747 0366 4F070000 		.4byte	.LASF67
 748 036a 08       		.byte	0x8
 749 036b 6F01     		.2byte	0x16f
 750 036d 08030000 		.4byte	0x308
 751 0371 0C       		.byte	0xc
 752 0372 08       		.uleb128 0x8
 753 0373 82010000 		.4byte	.LASF68
 754 0377 08       		.byte	0x8
 755 0378 7101     		.2byte	0x171
 756 037a 24030000 		.4byte	0x324
 757 037e 10       		.byte	0x10
 758 037f 00       		.byte	0
 759 0380 04       		.uleb128 0x4
 760 0381 93060000 		.4byte	.LASF69
 761 0385 07       		.byte	0x7
 762 0386 66       		.byte	0x66
 763 0387 8B030000 		.4byte	0x38b
 764 038b 0A       		.uleb128 0xa
 765 038c 18020000 		.4byte	.LASF70
 766 0390 0C       		.byte	0xc
 767 0391 08       		.byte	0x8
 768 0392 7B01     		.2byte	0x17b
 769 0394 CD030000 		.4byte	0x3cd
 770 0398 08       		.uleb128 0x8
 771 0399 D6060000 		.4byte	.LASF64
 772 039d 08       		.byte	0x8
 773 039e 7C01     		.2byte	0x17c
 774 03a0 0E070000 		.4byte	0x70e
 775 03a4 00       		.byte	0
 776 03a5 08       		.uleb128 0x8
 777 03a6 63070000 		.4byte	.LASF65
 778 03aa 08       		.byte	0x8
 779 03ab 7E01     		.2byte	0x17e
 780 03ad 0E070000 		.4byte	0x70e
 781 03b1 04       		.byte	0x4
 782 03b2 08       		.uleb128 0x8
 783 03b3 8B030000 		.4byte	.LASF66
 784 03b7 08       		.byte	0x8
 785 03b8 8001     		.2byte	0x180
 786 03ba 2D010000 		.4byte	0x12d
 787 03be 08       		.byte	0x8
 788 03bf 08       		.uleb128 0x8
 789 03c0 DC030000 		.4byte	.LASF71
 790 03c4 08       		.byte	0x8
 791 03c5 8801     		.2byte	0x188
 792 03c7 2D010000 		.4byte	0x12d
 793 03cb 0A       		.byte	0xa
 794 03cc 00       		.byte	0
 795 03cd 04       		.uleb128 0x4
 796 03ce 48040000 		.4byte	.LASF72
 797 03d2 07       		.byte	0x7
 798 03d3 6B       		.byte	0x6b
ARM GAS  /tmp/ccNGCzZ1.s 			page 15


 799 03d4 D8030000 		.4byte	0x3d8
 800 03d8 0E       		.uleb128 0xe
 801 03d9 4A010000 		.4byte	.LASF73
 802 03dd 1404     		.2byte	0x414
 803 03df 08       		.byte	0x8
 804 03e0 A201     		.2byte	0x1a2
 805 03e2 1B040000 		.4byte	0x41b
 806 03e6 08       		.uleb128 0x8
 807 03e7 C6040000 		.4byte	.LASF74
 808 03eb 08       		.byte	0x8
 809 03ec AA01     		.2byte	0x1aa
 810 03ee F7060000 		.4byte	0x6f7
 811 03f2 00       		.byte	0
 812 03f3 08       		.uleb128 0x8
 813 03f4 9B040000 		.4byte	.LASF75
 814 03f8 08       		.byte	0x8
 815 03f9 AF01     		.2byte	0x1af
 816 03fb 22010000 		.4byte	0x122
 817 03ff 04       		.byte	0x4
 818 0400 08       		.uleb128 0x8
 819 0401 10050000 		.4byte	.LASF76
 820 0405 08       		.byte	0x8
 821 0406 B301     		.2byte	0x1b3
 822 0408 22010000 		.4byte	0x122
 823 040c 08       		.byte	0x8
 824 040d 08       		.uleb128 0x8
 825 040e 3A060000 		.4byte	.LASF77
 826 0412 08       		.byte	0x8
 827 0413 B901     		.2byte	0x1b9
 828 0415 21060000 		.4byte	0x621
 829 0419 0C       		.byte	0xc
 830 041a 00       		.byte	0
 831 041b 04       		.uleb128 0x4
 832 041c DE060000 		.4byte	.LASF78
 833 0420 07       		.byte	0x7
 834 0421 70       		.byte	0x70
 835 0422 26040000 		.4byte	0x426
 836 0426 0E       		.uleb128 0xe
 837 0427 87050000 		.4byte	.LASF79
 838 042b 6805     		.2byte	0x568
 839 042d 08       		.byte	0x8
 840 042e C201     		.2byte	0x1c2
 841 0430 78040000 		.4byte	0x478
 842 0434 08       		.uleb128 0x8
 843 0435 A7050000 		.4byte	.LASF80
 844 0439 08       		.byte	0x8
 845 043a C601     		.2byte	0x1c6
 846 043c A1020000 		.4byte	0x2a1
 847 0440 00       		.byte	0
 848 0441 08       		.uleb128 0x8
 849 0442 D4000000 		.4byte	.LASF81
 850 0446 08       		.byte	0x8
 851 0447 CA01     		.2byte	0x1ca
 852 0449 80030000 		.4byte	0x380
 853 044d 1C       		.byte	0x1c
 854 044e 07       		.uleb128 0x7
 855 044f 64626700 		.ascii	"dbg\000"
ARM GAS  /tmp/ccNGCzZ1.s 			page 16


 856 0453 08       		.byte	0x8
 857 0454 CE01     		.2byte	0x1ce
 858 0456 CD030000 		.4byte	0x3cd
 859 045a 28       		.byte	0x28
 860 045b 0F       		.uleb128 0xf
 861 045c E6040000 		.4byte	.LASF82
 862 0460 08       		.byte	0x8
 863 0461 D201     		.2byte	0x1d2
 864 0463 38010000 		.4byte	0x138
 865 0467 3C04     		.2byte	0x43c
 866 0469 0F       		.uleb128 0xf
 867 046a FC000000 		.4byte	.LASF83
 868 046e 08       		.byte	0x8
 869 046f E301     		.2byte	0x1e3
 870 0471 14070000 		.4byte	0x714
 871 0475 8804     		.2byte	0x488
 872 0477 00       		.byte	0
 873 0478 03       		.uleb128 0x3
 874 0479 04       		.byte	0x4
 875 047a 07       		.byte	0x7
 876 047b F5050000 		.4byte	.LASF84
 877 047f 10       		.uleb128 0x10
 878 0480 2A000000 		.4byte	.LASF116
 879 0484 0E       		.byte	0xe
 880 0485 4C       		.byte	0x4c
 881 0486 CA000000 		.4byte	0xca
 882 048a 04       		.uleb128 0x4
 883 048b 46000000 		.4byte	.LASF85
 884 048f 09       		.byte	0x9
 885 0490 65       		.byte	0x65
 886 0491 24030000 		.4byte	0x324
 887 0495 04       		.uleb128 0x4
 888 0496 3B070000 		.4byte	.LASF86
 889 049a 09       		.byte	0x9
 890 049b 6D       		.byte	0x6d
 891 049c D5000000 		.4byte	0xd5
 892 04a0 05       		.uleb128 0x5
 893 04a1 7B040000 		.4byte	.LASF87
 894 04a5 04       		.byte	0x4
 895 04a6 09       		.byte	0x9
 896 04a7 89       		.byte	0x89
 897 04a8 B9040000 		.4byte	0x4b9
 898 04ac 11       		.uleb128 0x11
 899 04ad 72313300 		.ascii	"r13\000"
 900 04b1 09       		.byte	0x9
 901 04b2 8A       		.byte	0x8a
 902 04b3 2B050000 		.4byte	0x52b
 903 04b7 00       		.byte	0
 904 04b8 00       		.byte	0
 905 04b9 05       		.uleb128 0x5
 906 04ba 6E050000 		.4byte	.LASF88
 907 04be 24       		.byte	0x24
 908 04bf 01       		.byte	0x1
 909 04c0 A4       		.byte	0xa4
 910 04c1 2B050000 		.4byte	0x52b
 911 04c5 11       		.uleb128 0x11
 912 04c6 723800   		.ascii	"r8\000"
ARM GAS  /tmp/ccNGCzZ1.s 			page 17


 913 04c9 01       		.byte	0x1
 914 04ca A5       		.byte	0xa5
 915 04cb 8A040000 		.4byte	0x48a
 916 04cf 00       		.byte	0
 917 04d0 11       		.uleb128 0x11
 918 04d1 723900   		.ascii	"r9\000"
 919 04d4 01       		.byte	0x1
 920 04d5 A6       		.byte	0xa6
 921 04d6 8A040000 		.4byte	0x48a
 922 04da 04       		.byte	0x4
 923 04db 11       		.uleb128 0x11
 924 04dc 72313000 		.ascii	"r10\000"
 925 04e0 01       		.byte	0x1
 926 04e1 A7       		.byte	0xa7
 927 04e2 8A040000 		.4byte	0x48a
 928 04e6 08       		.byte	0x8
 929 04e7 11       		.uleb128 0x11
 930 04e8 72313100 		.ascii	"r11\000"
 931 04ec 01       		.byte	0x1
 932 04ed A8       		.byte	0xa8
 933 04ee 8A040000 		.4byte	0x48a
 934 04f2 0C       		.byte	0xc
 935 04f3 11       		.uleb128 0x11
 936 04f4 723400   		.ascii	"r4\000"
 937 04f7 01       		.byte	0x1
 938 04f8 A9       		.byte	0xa9
 939 04f9 8A040000 		.4byte	0x48a
 940 04fd 10       		.byte	0x10
 941 04fe 11       		.uleb128 0x11
 942 04ff 723500   		.ascii	"r5\000"
 943 0502 01       		.byte	0x1
 944 0503 AA       		.byte	0xaa
 945 0504 8A040000 		.4byte	0x48a
 946 0508 14       		.byte	0x14
 947 0509 11       		.uleb128 0x11
 948 050a 723600   		.ascii	"r6\000"
 949 050d 01       		.byte	0x1
 950 050e AB       		.byte	0xab
 951 050f 8A040000 		.4byte	0x48a
 952 0513 18       		.byte	0x18
 953 0514 11       		.uleb128 0x11
 954 0515 723700   		.ascii	"r7\000"
 955 0518 01       		.byte	0x1
 956 0519 AC       		.byte	0xac
 957 051a 8A040000 		.4byte	0x48a
 958 051e 1C       		.byte	0x1c
 959 051f 11       		.uleb128 0x11
 960 0520 6C7200   		.ascii	"lr\000"
 961 0523 01       		.byte	0x1
 962 0524 AD       		.byte	0xad
 963 0525 8A040000 		.4byte	0x48a
 964 0529 20       		.byte	0x20
 965 052a 00       		.byte	0
 966 052b 09       		.uleb128 0x9
 967 052c 04       		.byte	0x4
 968 052d B9040000 		.4byte	0x4b9
 969 0531 05       		.uleb128 0x5
ARM GAS  /tmp/ccNGCzZ1.s 			page 18


 970 0532 CF050000 		.4byte	.LASF89
 971 0536 20       		.byte	0x20
 972 0537 01       		.byte	0x1
 973 0538 99       		.byte	0x99
 974 0539 99050000 		.4byte	0x599
 975 053d 11       		.uleb128 0x11
 976 053e 723000   		.ascii	"r0\000"
 977 0541 01       		.byte	0x1
 978 0542 9A       		.byte	0x9a
 979 0543 8A040000 		.4byte	0x48a
 980 0547 00       		.byte	0
 981 0548 11       		.uleb128 0x11
 982 0549 723100   		.ascii	"r1\000"
 983 054c 01       		.byte	0x1
 984 054d 9B       		.byte	0x9b
 985 054e 8A040000 		.4byte	0x48a
 986 0552 04       		.byte	0x4
 987 0553 11       		.uleb128 0x11
 988 0554 723200   		.ascii	"r2\000"
 989 0557 01       		.byte	0x1
 990 0558 9C       		.byte	0x9c
 991 0559 8A040000 		.4byte	0x48a
 992 055d 08       		.byte	0x8
 993 055e 11       		.uleb128 0x11
 994 055f 723300   		.ascii	"r3\000"
 995 0562 01       		.byte	0x1
 996 0563 9D       		.byte	0x9d
 997 0564 8A040000 		.4byte	0x48a
 998 0568 0C       		.byte	0xc
 999 0569 11       		.uleb128 0x11
 1000 056a 72313200 		.ascii	"r12\000"
 1001 056e 01       		.byte	0x1
 1002 056f 9E       		.byte	0x9e
 1003 0570 8A040000 		.4byte	0x48a
 1004 0574 10       		.byte	0x10
 1005 0575 06       		.uleb128 0x6
 1006 0576 CF060000 		.4byte	.LASF90
 1007 057a 01       		.byte	0x1
 1008 057b 9F       		.byte	0x9f
 1009 057c 8A040000 		.4byte	0x48a
 1010 0580 14       		.byte	0x14
 1011 0581 11       		.uleb128 0x11
 1012 0582 706300   		.ascii	"pc\000"
 1013 0585 01       		.byte	0x1
 1014 0586 A0       		.byte	0xa0
 1015 0587 8A040000 		.4byte	0x48a
 1016 058b 18       		.byte	0x18
 1017 058c 06       		.uleb128 0x6
 1018 058d E9050000 		.4byte	.LASF91
 1019 0591 01       		.byte	0x1
 1020 0592 A1       		.byte	0xa1
 1021 0593 8A040000 		.4byte	0x48a
 1022 0597 1C       		.byte	0x1c
 1023 0598 00       		.byte	0
 1024 0599 12       		.uleb128 0x12
 1025 059a 10       		.byte	0x10
 1026 059b 0A       		.byte	0xa
ARM GAS  /tmp/ccNGCzZ1.s 			page 19


 1027 059c 51       		.byte	0x51
 1028 059d D2050000 		.4byte	0x5d2
 1029 05a1 06       		.uleb128 0x6
 1030 05a2 2F020000 		.4byte	.LASF92
 1031 05a6 0A       		.byte	0xa
 1032 05a7 55       		.byte	0x55
 1033 05a8 2D010000 		.4byte	0x12d
 1034 05ac 00       		.byte	0
 1035 05ad 06       		.uleb128 0x6
 1036 05ae F1030000 		.4byte	.LASF93
 1037 05b2 0A       		.byte	0xa
 1038 05b3 59       		.byte	0x59
 1039 05b4 47020000 		.4byte	0x247
 1040 05b8 04       		.byte	0x4
 1041 05b9 06       		.uleb128 0x6
 1042 05ba CD010000 		.4byte	.LASF94
 1043 05be 0A       		.byte	0xa
 1044 05bf 5D       		.byte	0x5d
 1045 05c0 24030000 		.4byte	0x324
 1046 05c4 08       		.byte	0x8
 1047 05c5 06       		.uleb128 0x6
 1048 05c6 AE000000 		.4byte	.LASF95
 1049 05ca 0A       		.byte	0xa
 1050 05cb 61       		.byte	0x61
 1051 05cc A9000000 		.4byte	0xa9
 1052 05d0 0C       		.byte	0xc
 1053 05d1 00       		.byte	0
 1054 05d2 04       		.uleb128 0x4
 1055 05d3 4E060000 		.4byte	.LASF96
 1056 05d7 0A       		.byte	0xa
 1057 05d8 62       		.byte	0x62
 1058 05d9 99050000 		.4byte	0x599
 1059 05dd 13       		.uleb128 0x13
 1060 05de 0804     		.2byte	0x408
 1061 05e0 0A       		.byte	0xa
 1062 05e1 67       		.byte	0x67
 1063 05e2 0B060000 		.4byte	0x60b
 1064 05e6 06       		.uleb128 0x6
 1065 05e7 40040000 		.4byte	.LASF97
 1066 05eb 0A       		.byte	0xa
 1067 05ec 6B       		.byte	0x6b
 1068 05ed 2C000000 		.4byte	0x2c
 1069 05f1 00       		.byte	0
 1070 05f2 06       		.uleb128 0x6
 1071 05f3 B7040000 		.4byte	.LASF98
 1072 05f7 0A       		.byte	0xa
 1073 05f8 6F       		.byte	0x6f
 1074 05f9 0B060000 		.4byte	0x60b
 1075 05fd 04       		.byte	0x4
 1076 05fe 06       		.uleb128 0x6
 1077 05ff 1A040000 		.4byte	.LASF99
 1078 0603 0A       		.byte	0xa
 1079 0604 73       		.byte	0x73
 1080 0605 11060000 		.4byte	0x611
 1081 0609 08       		.byte	0x8
 1082 060a 00       		.byte	0
 1083 060b 09       		.uleb128 0x9
ARM GAS  /tmp/ccNGCzZ1.s 			page 20


 1084 060c 04       		.byte	0x4
 1085 060d D2050000 		.4byte	0x5d2
 1086 0611 14       		.uleb128 0x14
 1087 0612 D2050000 		.4byte	0x5d2
 1088 0616 21060000 		.4byte	0x621
 1089 061a 15       		.uleb128 0x15
 1090 061b 78040000 		.4byte	0x478
 1091 061f 3F       		.byte	0x3f
 1092 0620 00       		.byte	0
 1093 0621 04       		.uleb128 0x4
 1094 0622 F0060000 		.4byte	.LASF100
 1095 0626 0A       		.byte	0xa
 1096 0627 74       		.byte	0x74
 1097 0628 DD050000 		.4byte	0x5dd
 1098 062c 16       		.uleb128 0x16
 1099 062d 04       		.byte	0x4
 1100 062e 08       		.byte	0x8
 1101 062f FA       		.byte	0xfa
 1102 0630 89060000 		.4byte	0x689
 1103 0634 17       		.uleb128 0x17
 1104 0635 40020000 		.4byte	.LASF101
 1105 0639 08       		.byte	0x8
 1106 063a 0101     		.2byte	0x101
 1107 063c 0C010000 		.4byte	0x10c
 1108 0640 17       		.uleb128 0x17
 1109 0641 6B070000 		.4byte	.LASF102
 1110 0645 08       		.byte	0x8
 1111 0646 0801     		.2byte	0x108
 1112 0648 0C010000 		.4byte	0x10c
 1113 064c 17       		.uleb128 0x17
 1114 064d C3000000 		.4byte	.LASF103
 1115 0651 08       		.byte	0x8
 1116 0652 0F01     		.2byte	0x10f
 1117 0654 24030000 		.4byte	0x324
 1118 0658 17       		.uleb128 0x17
 1119 0659 EA060000 		.4byte	.LASF104
 1120 065d 08       		.byte	0x8
 1121 065e 1601     		.2byte	0x116
 1122 0660 89060000 		.4byte	0x689
 1123 0664 17       		.uleb128 0x17
 1124 0665 47060000 		.4byte	.LASF105
 1125 0669 08       		.byte	0x8
 1126 066a 1E01     		.2byte	0x11e
 1127 066c B4060000 		.4byte	0x6b4
 1128 0670 17       		.uleb128 0x17
 1129 0671 3A000000 		.4byte	.LASF106
 1130 0675 08       		.byte	0x8
 1131 0676 2701     		.2byte	0x127
 1132 0678 EB060000 		.4byte	0x6eb
 1133 067c 17       		.uleb128 0x17
 1134 067d 0B010000 		.4byte	.LASF107
 1135 0681 08       		.byte	0x8
 1136 0682 2F01     		.2byte	0x12f
 1137 0684 17010000 		.4byte	0x117
 1138 0688 00       		.byte	0
 1139 0689 09       		.uleb128 0x9
 1140 068a 04       		.byte	0x4
ARM GAS  /tmp/ccNGCzZ1.s 			page 21


 1141 068b 3C020000 		.4byte	0x23c
 1142 068f 05       		.uleb128 0x5
 1143 0690 89010000 		.4byte	.LASF108
 1144 0694 0C       		.byte	0xc
 1145 0695 0B       		.byte	0xb
 1146 0696 34       		.byte	0x34
 1147 0697 B4060000 		.4byte	0x6b4
 1148 069b 06       		.uleb128 0x6
 1149 069c 75000000 		.4byte	.LASF109
 1150 06a0 0B       		.byte	0xb
 1151 06a1 35       		.byte	0x35
 1152 06a2 71020000 		.4byte	0x271
 1153 06a6 00       		.byte	0
 1154 06a7 06       		.uleb128 0x6
 1155 06a8 44010000 		.4byte	.LASF110
 1156 06ac 0B       		.byte	0xb
 1157 06ad 37       		.byte	0x37
 1158 06ae 22010000 		.4byte	0x122
 1159 06b2 08       		.byte	0x8
 1160 06b3 00       		.byte	0
 1161 06b4 09       		.uleb128 0x9
 1162 06b5 04       		.byte	0x4
 1163 06b6 8F060000 		.4byte	0x68f
 1164 06ba 05       		.uleb128 0x5
 1165 06bb 55030000 		.4byte	.LASF111
 1166 06bf 10       		.byte	0x10
 1167 06c0 0C       		.byte	0xc
 1168 06c1 39       		.byte	0x39
 1169 06c2 EB060000 		.4byte	0x6eb
 1170 06c6 06       		.uleb128 0x6
 1171 06c7 5D050000 		.4byte	.LASF112
 1172 06cb 0C       		.byte	0xc
 1173 06cc 3A       		.byte	0x3a
 1174 06cd 71020000 		.4byte	0x271
 1175 06d1 00       		.byte	0
 1176 06d2 06       		.uleb128 0x6
 1177 06d3 6D000000 		.4byte	.LASF113
 1178 06d7 0C       		.byte	0xc
 1179 06d8 3C       		.byte	0x3c
 1180 06d9 47020000 		.4byte	0x247
 1181 06dd 08       		.byte	0x8
 1182 06de 06       		.uleb128 0x6
 1183 06df 02070000 		.4byte	.LASF114
 1184 06e3 0C       		.byte	0xc
 1185 06e4 3E       		.byte	0x3e
 1186 06e5 46080000 		.4byte	0x846
 1187 06e9 0C       		.byte	0xc
 1188 06ea 00       		.byte	0
 1189 06eb 09       		.uleb128 0x9
 1190 06ec 04       		.byte	0x4
 1191 06ed BA060000 		.4byte	0x6ba
 1192 06f1 09       		.uleb128 0x9
 1193 06f2 04       		.byte	0x4
 1194 06f3 03070000 		.4byte	0x703
 1195 06f7 18       		.uleb128 0x18
 1196 06f8 F1060000 		.4byte	0x6f1
 1197 06fc 03       		.uleb128 0x3
ARM GAS  /tmp/ccNGCzZ1.s 			page 22


 1198 06fd 01       		.byte	0x1
 1199 06fe 08       		.byte	0x8
 1200 06ff 41000000 		.4byte	.LASF115
 1201 0703 19       		.uleb128 0x19
 1202 0704 FC060000 		.4byte	0x6fc
 1203 0708 09       		.uleb128 0x9
 1204 0709 04       		.byte	0x4
 1205 070a 95040000 		.4byte	0x495
 1206 070e 09       		.uleb128 0x9
 1207 070f 04       		.byte	0x4
 1208 0710 26030000 		.4byte	0x326
 1209 0714 14       		.uleb128 0x14
 1210 0715 95040000 		.4byte	0x495
 1211 0719 24070000 		.4byte	0x724
 1212 071d 15       		.uleb128 0x15
 1213 071e 78040000 		.4byte	0x478
 1214 0722 1B       		.byte	0x1b
 1215 0723 00       		.byte	0
 1216 0724 1A       		.uleb128 0x1a
 1217 0725 636800   		.ascii	"ch\000"
 1218 0728 08       		.byte	0x8
 1219 0729 0902     		.2byte	0x209
 1220 072b 1B040000 		.4byte	0x41b
 1221 072f 12       		.uleb128 0x12
 1222 0730 16       		.byte	0x16
 1223 0731 0D       		.byte	0xd
 1224 0732 34       		.byte	0x34
 1225 0733 10080000 		.4byte	0x810
 1226 0737 06       		.uleb128 0x6
 1227 0738 DB050000 		.4byte	.LASF117
 1228 073c 0D       		.byte	0xd
 1229 073d 35       		.byte	0x35
 1230 073e 10080000 		.4byte	0x810
 1231 0742 00       		.byte	0
 1232 0743 06       		.uleb128 0x6
 1233 0744 AF040000 		.4byte	.LASF118
 1234 0748 0D       		.byte	0xd
 1235 0749 36       		.byte	0x36
 1236 074a A9000000 		.4byte	0xa9
 1237 074e 04       		.byte	0x4
 1238 074f 06       		.uleb128 0x6
 1239 0750 DE040000 		.4byte	.LASF119
 1240 0754 0D       		.byte	0xd
 1241 0755 37       		.byte	0x37
 1242 0756 A9000000 		.4byte	0xa9
 1243 075a 05       		.byte	0x5
 1244 075b 06       		.uleb128 0x6
 1245 075c 2E050000 		.4byte	.LASF120
 1246 0760 0D       		.byte	0xd
 1247 0761 38       		.byte	0x38
 1248 0762 B4000000 		.4byte	0xb4
 1249 0766 06       		.byte	0x6
 1250 0767 06       		.uleb128 0x6
 1251 0768 30010000 		.4byte	.LASF121
 1252 076c 0D       		.byte	0xd
 1253 076d 39       		.byte	0x39
 1254 076e A9000000 		.4byte	0xa9
ARM GAS  /tmp/ccNGCzZ1.s 			page 23


 1255 0772 08       		.byte	0x8
 1256 0773 06       		.uleb128 0x6
 1257 0774 63010000 		.4byte	.LASF122
 1258 0778 0D       		.byte	0xd
 1259 0779 3A       		.byte	0x3a
 1260 077a A9000000 		.4byte	0xa9
 1261 077e 09       		.byte	0x9
 1262 077f 06       		.uleb128 0x6
 1263 0780 47020000 		.4byte	.LASF123
 1264 0784 0D       		.byte	0xd
 1265 0785 3B       		.byte	0x3b
 1266 0786 A9000000 		.4byte	0xa9
 1267 078a 0A       		.byte	0xa
 1268 078b 06       		.uleb128 0x6
 1269 078c B9050000 		.4byte	.LASF124
 1270 0790 0D       		.byte	0xd
 1271 0791 3C       		.byte	0x3c
 1272 0792 A9000000 		.4byte	0xa9
 1273 0796 0B       		.byte	0xb
 1274 0797 06       		.uleb128 0x6
 1275 0798 69030000 		.4byte	.LASF125
 1276 079c 0D       		.byte	0xd
 1277 079d 3D       		.byte	0x3d
 1278 079e A9000000 		.4byte	0xa9
 1279 07a2 0C       		.byte	0xc
 1280 07a3 06       		.uleb128 0x6
 1281 07a4 15070000 		.4byte	.LASF126
 1282 07a8 0D       		.byte	0xd
 1283 07a9 3E       		.byte	0x3e
 1284 07aa A9000000 		.4byte	0xa9
 1285 07ae 0D       		.byte	0xd
 1286 07af 06       		.uleb128 0x6
 1287 07b0 60000000 		.4byte	.LASF127
 1288 07b4 0D       		.byte	0xd
 1289 07b5 3F       		.byte	0x3f
 1290 07b6 A9000000 		.4byte	0xa9
 1291 07ba 0E       		.byte	0xe
 1292 07bb 06       		.uleb128 0x6
 1293 07bc B7000000 		.4byte	.LASF128
 1294 07c0 0D       		.byte	0xd
 1295 07c1 40       		.byte	0x40
 1296 07c2 A9000000 		.4byte	0xa9
 1297 07c6 0F       		.byte	0xf
 1298 07c7 06       		.uleb128 0x6
 1299 07c8 74030000 		.4byte	.LASF129
 1300 07cc 0D       		.byte	0xd
 1301 07cd 41       		.byte	0x41
 1302 07ce A9000000 		.4byte	0xa9
 1303 07d2 10       		.byte	0x10
 1304 07d3 06       		.uleb128 0x6
 1305 07d4 18060000 		.4byte	.LASF130
 1306 07d8 0D       		.byte	0xd
 1307 07d9 43       		.byte	0x43
 1308 07da A9000000 		.4byte	0xa9
 1309 07de 11       		.byte	0x11
 1310 07df 06       		.uleb128 0x6
 1311 07e0 12010000 		.4byte	.LASF131
ARM GAS  /tmp/ccNGCzZ1.s 			page 24


 1312 07e4 0D       		.byte	0xd
 1313 07e5 44       		.byte	0x44
 1314 07e6 A9000000 		.4byte	0xa9
 1315 07ea 12       		.byte	0x12
 1316 07eb 06       		.uleb128 0x6
 1317 07ec A3040000 		.4byte	.LASF132
 1318 07f0 0D       		.byte	0xd
 1319 07f1 45       		.byte	0x45
 1320 07f2 A9000000 		.4byte	0xa9
 1321 07f6 13       		.byte	0x13
 1322 07f7 06       		.uleb128 0x6
 1323 07f8 63020000 		.4byte	.LASF133
 1324 07fc 0D       		.byte	0xd
 1325 07fd 46       		.byte	0x46
 1326 07fe A9000000 		.4byte	0xa9
 1327 0802 14       		.byte	0x14
 1328 0803 06       		.uleb128 0x6
 1329 0804 AD050000 		.4byte	.LASF134
 1330 0808 0D       		.byte	0xd
 1331 0809 48       		.byte	0x48
 1332 080a A9000000 		.4byte	0xa9
 1333 080e 15       		.byte	0x15
 1334 080f 00       		.byte	0
 1335 0810 14       		.uleb128 0x14
 1336 0811 FC060000 		.4byte	0x6fc
 1337 0815 20080000 		.4byte	0x820
 1338 0819 15       		.uleb128 0x15
 1339 081a 78040000 		.4byte	0x478
 1340 081e 03       		.byte	0x3
 1341 081f 00       		.byte	0
 1342 0820 04       		.uleb128 0x4
 1343 0821 06050000 		.4byte	.LASF135
 1344 0825 0D       		.byte	0xd
 1345 0826 49       		.byte	0x49
 1346 0827 2F070000 		.4byte	0x72f
 1347 082b 19       		.uleb128 0x19
 1348 082c 20080000 		.4byte	0x820
 1349 0830 10       		.uleb128 0x10
 1350 0831 46070000 		.4byte	.LASF136
 1351 0835 0D       		.byte	0xd
 1352 0836 6E       		.byte	0x6e
 1353 0837 2B080000 		.4byte	0x82b
 1354 083b 04       		.uleb128 0x4
 1355 083c 5D060000 		.4byte	.LASF137
 1356 0840 0C       		.byte	0xc
 1357 0841 34       		.byte	0x34
 1358 0842 BA060000 		.4byte	0x6ba
 1359 0846 09       		.uleb128 0x9
 1360 0847 04       		.byte	0x4
 1361 0848 3B080000 		.4byte	0x83b
 1362 084c 03       		.uleb128 0x3
 1363 084d 01       		.byte	0x1
 1364 084e 02       		.byte	0x2
 1365 084f 72020000 		.4byte	.LASF138
 1366 0853 1B       		.uleb128 0x1b
 1367 0854 B0060000 		.4byte	.LASF139
 1368 0858 03       		.byte	0x3
ARM GAS  /tmp/ccNGCzZ1.s 			page 25


 1369 0859 6E       		.byte	0x6e
 1370 085a 00000000 		.4byte	.LFB153
 1371 085e 5C000000 		.4byte	.LFE153-.LFB153
 1372 0862 01       		.uleb128 0x1
 1373 0863 9C       		.byte	0x9c
 1374 0864 C7080000 		.4byte	0x8c7
 1375 0868 1C       		.uleb128 0x1c
 1376 0869 6C7200   		.ascii	"lr\000"
 1377 086c 03       		.byte	0x3
 1378 086d 6E       		.byte	0x6e
 1379 086e 8A040000 		.4byte	0x48a
 1380 0872 02       		.uleb128 0x2
 1381 0873 91       		.byte	0x91
 1382 0874 64       		.sleb128 -28
 1383 0875 1D       		.uleb128 0x1d
 1384 0876 00000000 		.4byte	.Ldebug_ranges0+0
 1385 087a 1E       		.uleb128 0x1e
 1386 087b 4D050000 		.4byte	.LASF141
 1387 087f 03       		.byte	0x3
 1388 0880 71       		.byte	0x71
 1389 0881 C7080000 		.4byte	0x8c7
 1390 0885 02       		.uleb128 0x2
 1391 0886 91       		.byte	0x91
 1392 0887 6C       		.sleb128 -20
 1393 0888 1F       		.uleb128 0x1f
 1394 0889 BA090000 		.4byte	0x9ba
 1395 088d 12000000 		.4byte	.LBB24
 1396 0891 08000000 		.4byte	.LBE24-.LBB24
 1397 0895 03       		.byte	0x3
 1398 0896 76       		.byte	0x76
 1399 0897 AD080000 		.4byte	0x8ad
 1400 089b 20       		.uleb128 0x20
 1401 089c 12000000 		.4byte	.LBB25
 1402 08a0 08000000 		.4byte	.LBE25-.LBB25
 1403 08a4 21       		.uleb128 0x21
 1404 08a5 CB090000 		.4byte	0x9cb
 1405 08a9 01       		.uleb128 0x1
 1406 08aa 54       		.byte	0x54
 1407 08ab 00       		.byte	0
 1408 08ac 00       		.byte	0
 1409 08ad 22       		.uleb128 0x22
 1410 08ae A0090000 		.4byte	0x9a0
 1411 08b2 26000000 		.4byte	.LBB26
 1412 08b6 06000000 		.4byte	.LBE26-.LBB26
 1413 08ba 03       		.byte	0x3
 1414 08bb 7D       		.byte	0x7d
 1415 08bc 23       		.uleb128 0x23
 1416 08bd AD090000 		.4byte	0x9ad
 1417 08c1 02       		.uleb128 0x2
 1418 08c2 91       		.byte	0x91
 1419 08c3 68       		.sleb128 -24
 1420 08c4 00       		.byte	0
 1421 08c5 00       		.byte	0
 1422 08c6 00       		.byte	0
 1423 08c7 09       		.uleb128 0x9
 1424 08c8 04       		.byte	0x4
 1425 08c9 31050000 		.4byte	0x531
ARM GAS  /tmp/ccNGCzZ1.s 			page 26


 1426 08cd 1B       		.uleb128 0x1b
 1427 08ce C3060000 		.4byte	.LASF140
 1428 08d2 03       		.byte	0x3
 1429 08d3 3D       		.byte	0x3d
 1430 08d4 00000000 		.4byte	.LFB152
 1431 08d8 2C000000 		.4byte	.LFE152-.LFB152
 1432 08dc 01       		.uleb128 0x1
 1433 08dd 9C       		.byte	0x9c
 1434 08de 2E090000 		.4byte	0x92e
 1435 08e2 1E       		.uleb128 0x1e
 1436 08e3 4D050000 		.4byte	.LASF141
 1437 08e7 03       		.byte	0x3
 1438 08e8 41       		.byte	0x41
 1439 08e9 C7080000 		.4byte	0x8c7
 1440 08ed 02       		.uleb128 0x2
 1441 08ee 91       		.byte	0x91
 1442 08ef 6C       		.sleb128 -20
 1443 08f0 1F       		.uleb128 0x1f
 1444 08f1 BA090000 		.4byte	0x9ba
 1445 08f5 06000000 		.4byte	.LBB19
 1446 08f9 08000000 		.4byte	.LBE19-.LBB19
 1447 08fd 03       		.byte	0x3
 1448 08fe 41       		.byte	0x41
 1449 08ff 15090000 		.4byte	0x915
 1450 0903 20       		.uleb128 0x20
 1451 0904 06000000 		.4byte	.LBB20
 1452 0908 08000000 		.4byte	.LBE20-.LBB20
 1453 090c 21       		.uleb128 0x21
 1454 090d CB090000 		.4byte	0x9cb
 1455 0911 01       		.uleb128 0x1
 1456 0912 54       		.byte	0x54
 1457 0913 00       		.byte	0
 1458 0914 00       		.byte	0
 1459 0915 22       		.uleb128 0x22
 1460 0916 A0090000 		.4byte	0x9a0
 1461 091a 1A000000 		.4byte	.LBB21
 1462 091e 06000000 		.4byte	.LBE21-.LBB21
 1463 0922 03       		.byte	0x3
 1464 0923 48       		.byte	0x48
 1465 0924 23       		.uleb128 0x23
 1466 0925 AD090000 		.4byte	0x9ad
 1467 0929 02       		.uleb128 0x2
 1468 092a 91       		.byte	0x91
 1469 092b 68       		.sleb128 -24
 1470 092c 00       		.byte	0
 1471 092d 00       		.byte	0
 1472 092e 24       		.uleb128 0x24
 1473 092f 65060000 		.4byte	.LASF142
 1474 0933 01       		.byte	0x1
 1475 0934 6701     		.2byte	0x167
 1476 0936 00000000 		.4byte	.LFB41
 1477 093a 0A000000 		.4byte	.LFE41-.LFB41
 1478 093e 01       		.uleb128 0x1
 1479 093f 9C       		.byte	0x9c
 1480 0940 24       		.uleb128 0x24
 1481 0941 DB000000 		.4byte	.LASF143
 1482 0945 01       		.byte	0x1
ARM GAS  /tmp/ccNGCzZ1.s 			page 27


 1483 0946 5D01     		.2byte	0x15d
 1484 0948 00000000 		.4byte	.LFB40
 1485 094c 0A000000 		.4byte	.LFE40-.LFB40
 1486 0950 01       		.uleb128 0x1
 1487 0951 9C       		.byte	0x9c
 1488 0952 25       		.uleb128 0x25
 1489 0953 57070000 		.4byte	.LASF144
 1490 0957 01       		.byte	0x1
 1491 0958 5301     		.2byte	0x153
 1492 095a 00000000 		.4byte	.LFB39
 1493 095e 06000000 		.4byte	.LFE39-.LFB39
 1494 0962 01       		.uleb128 0x1
 1495 0963 9C       		.byte	0x9c
 1496 0964 79090000 		.4byte	0x979
 1497 0968 26       		.uleb128 0x26
 1498 0969 E1090000 		.4byte	0x9e1
 1499 096d 00000000 		.4byte	.LBB17
 1500 0971 02000000 		.4byte	.LBE17-.LBB17
 1501 0975 01       		.byte	0x1
 1502 0976 5501     		.2byte	0x155
 1503 0978 00       		.byte	0
 1504 0979 25       		.uleb128 0x25
 1505 097a CA000000 		.4byte	.LASF145
 1506 097e 01       		.byte	0x1
 1507 097f 4A01     		.2byte	0x14a
 1508 0981 00000000 		.4byte	.LFB38
 1509 0985 06000000 		.4byte	.LFE38-.LFB38
 1510 0989 01       		.uleb128 0x1
 1511 098a 9C       		.byte	0x9c
 1512 098b A0090000 		.4byte	0x9a0
 1513 098f 26       		.uleb128 0x26
 1514 0990 D8090000 		.4byte	0x9d8
 1515 0994 00000000 		.4byte	.LBB15
 1516 0998 02000000 		.4byte	.LBE15-.LBB15
 1517 099c 01       		.byte	0x1
 1518 099d 4C01     		.2byte	0x14c
 1519 099f 00       		.byte	0
 1520 09a0 27       		.uleb128 0x27
 1521 09a1 19050000 		.4byte	.LASF151
 1522 09a5 02       		.byte	0x2
 1523 09a6 B901     		.2byte	0x1b9
 1524 09a8 03       		.byte	0x3
 1525 09a9 BA090000 		.4byte	0x9ba
 1526 09ad 28       		.uleb128 0x28
 1527 09ae 78020000 		.4byte	.LASF152
 1528 09b2 02       		.byte	0x2
 1529 09b3 B901     		.2byte	0x1b9
 1530 09b5 CA000000 		.4byte	0xca
 1531 09b9 00       		.byte	0
 1532 09ba 29       		.uleb128 0x29
 1533 09bb 74070000 		.4byte	.LASF153
 1534 09bf 02       		.byte	0x2
 1535 09c0 AA01     		.2byte	0x1aa
 1536 09c2 CA000000 		.4byte	0xca
 1537 09c6 03       		.byte	0x3
 1538 09c7 D8090000 		.4byte	0x9d8
 1539 09cb 2A       		.uleb128 0x2a
ARM GAS  /tmp/ccNGCzZ1.s 			page 28


 1540 09cc AF010000 		.4byte	.LASF154
 1541 09d0 02       		.byte	0x2
 1542 09d1 AC01     		.2byte	0x1ac
 1543 09d3 CA000000 		.4byte	0xca
 1544 09d7 00       		.byte	0
 1545 09d8 2B       		.uleb128 0x2b
 1546 09d9 55020000 		.4byte	.LASF146
 1547 09dd 02       		.byte	0x2
 1548 09de 5601     		.2byte	0x156
 1549 09e0 03       		.byte	0x3
 1550 09e1 2B       		.uleb128 0x2b
 1551 09e2 7A050000 		.4byte	.LASF147
 1552 09e6 02       		.byte	0x2
 1553 09e7 4B01     		.2byte	0x14b
 1554 09e9 03       		.byte	0x3
 1555 09ea 00       		.byte	0
 1556              		.section	.debug_abbrev,"",%progbits
 1557              	.Ldebug_abbrev0:
 1558 0000 01       		.uleb128 0x1
 1559 0001 11       		.uleb128 0x11
 1560 0002 01       		.byte	0x1
 1561 0003 25       		.uleb128 0x25
 1562 0004 0E       		.uleb128 0xe
 1563 0005 13       		.uleb128 0x13
 1564 0006 0B       		.uleb128 0xb
 1565 0007 03       		.uleb128 0x3
 1566 0008 0E       		.uleb128 0xe
 1567 0009 1B       		.uleb128 0x1b
 1568 000a 0E       		.uleb128 0xe
 1569 000b 55       		.uleb128 0x55
 1570 000c 17       		.uleb128 0x17
 1571 000d 11       		.uleb128 0x11
 1572 000e 01       		.uleb128 0x1
 1573 000f 10       		.uleb128 0x10
 1574 0010 17       		.uleb128 0x17
 1575 0011 00       		.byte	0
 1576 0012 00       		.byte	0
 1577 0013 02       		.uleb128 0x2
 1578 0014 24       		.uleb128 0x24
 1579 0015 00       		.byte	0
 1580 0016 0B       		.uleb128 0xb
 1581 0017 0B       		.uleb128 0xb
 1582 0018 3E       		.uleb128 0x3e
 1583 0019 0B       		.uleb128 0xb
 1584 001a 03       		.uleb128 0x3
 1585 001b 08       		.uleb128 0x8
 1586 001c 00       		.byte	0
 1587 001d 00       		.byte	0
 1588 001e 03       		.uleb128 0x3
 1589 001f 24       		.uleb128 0x24
 1590 0020 00       		.byte	0
 1591 0021 0B       		.uleb128 0xb
 1592 0022 0B       		.uleb128 0xb
 1593 0023 3E       		.uleb128 0x3e
 1594 0024 0B       		.uleb128 0xb
 1595 0025 03       		.uleb128 0x3
 1596 0026 0E       		.uleb128 0xe
ARM GAS  /tmp/ccNGCzZ1.s 			page 29


 1597 0027 00       		.byte	0
 1598 0028 00       		.byte	0
 1599 0029 04       		.uleb128 0x4
 1600 002a 16       		.uleb128 0x16
 1601 002b 00       		.byte	0
 1602 002c 03       		.uleb128 0x3
 1603 002d 0E       		.uleb128 0xe
 1604 002e 3A       		.uleb128 0x3a
 1605 002f 0B       		.uleb128 0xb
 1606 0030 3B       		.uleb128 0x3b
 1607 0031 0B       		.uleb128 0xb
 1608 0032 49       		.uleb128 0x49
 1609 0033 13       		.uleb128 0x13
 1610 0034 00       		.byte	0
 1611 0035 00       		.byte	0
 1612 0036 05       		.uleb128 0x5
 1613 0037 13       		.uleb128 0x13
 1614 0038 01       		.byte	0x1
 1615 0039 03       		.uleb128 0x3
 1616 003a 0E       		.uleb128 0xe
 1617 003b 0B       		.uleb128 0xb
 1618 003c 0B       		.uleb128 0xb
 1619 003d 3A       		.uleb128 0x3a
 1620 003e 0B       		.uleb128 0xb
 1621 003f 3B       		.uleb128 0x3b
 1622 0040 0B       		.uleb128 0xb
 1623 0041 01       		.uleb128 0x1
 1624 0042 13       		.uleb128 0x13
 1625 0043 00       		.byte	0
 1626 0044 00       		.byte	0
 1627 0045 06       		.uleb128 0x6
 1628 0046 0D       		.uleb128 0xd
 1629 0047 00       		.byte	0
 1630 0048 03       		.uleb128 0x3
 1631 0049 0E       		.uleb128 0xe
 1632 004a 3A       		.uleb128 0x3a
 1633 004b 0B       		.uleb128 0xb
 1634 004c 3B       		.uleb128 0x3b
 1635 004d 0B       		.uleb128 0xb
 1636 004e 49       		.uleb128 0x49
 1637 004f 13       		.uleb128 0x13
 1638 0050 38       		.uleb128 0x38
 1639 0051 0B       		.uleb128 0xb
 1640 0052 00       		.byte	0
 1641 0053 00       		.byte	0
 1642 0054 07       		.uleb128 0x7
 1643 0055 0D       		.uleb128 0xd
 1644 0056 00       		.byte	0
 1645 0057 03       		.uleb128 0x3
 1646 0058 08       		.uleb128 0x8
 1647 0059 3A       		.uleb128 0x3a
 1648 005a 0B       		.uleb128 0xb
 1649 005b 3B       		.uleb128 0x3b
 1650 005c 05       		.uleb128 0x5
 1651 005d 49       		.uleb128 0x49
 1652 005e 13       		.uleb128 0x13
 1653 005f 38       		.uleb128 0x38
ARM GAS  /tmp/ccNGCzZ1.s 			page 30


 1654 0060 0B       		.uleb128 0xb
 1655 0061 00       		.byte	0
 1656 0062 00       		.byte	0
 1657 0063 08       		.uleb128 0x8
 1658 0064 0D       		.uleb128 0xd
 1659 0065 00       		.byte	0
 1660 0066 03       		.uleb128 0x3
 1661 0067 0E       		.uleb128 0xe
 1662 0068 3A       		.uleb128 0x3a
 1663 0069 0B       		.uleb128 0xb
 1664 006a 3B       		.uleb128 0x3b
 1665 006b 05       		.uleb128 0x5
 1666 006c 49       		.uleb128 0x49
 1667 006d 13       		.uleb128 0x13
 1668 006e 38       		.uleb128 0x38
 1669 006f 0B       		.uleb128 0xb
 1670 0070 00       		.byte	0
 1671 0071 00       		.byte	0
 1672 0072 09       		.uleb128 0x9
 1673 0073 0F       		.uleb128 0xf
 1674 0074 00       		.byte	0
 1675 0075 0B       		.uleb128 0xb
 1676 0076 0B       		.uleb128 0xb
 1677 0077 49       		.uleb128 0x49
 1678 0078 13       		.uleb128 0x13
 1679 0079 00       		.byte	0
 1680 007a 00       		.byte	0
 1681 007b 0A       		.uleb128 0xa
 1682 007c 13       		.uleb128 0x13
 1683 007d 01       		.byte	0x1
 1684 007e 03       		.uleb128 0x3
 1685 007f 0E       		.uleb128 0xe
 1686 0080 0B       		.uleb128 0xb
 1687 0081 0B       		.uleb128 0xb
 1688 0082 3A       		.uleb128 0x3a
 1689 0083 0B       		.uleb128 0xb
 1690 0084 3B       		.uleb128 0x3b
 1691 0085 05       		.uleb128 0x5
 1692 0086 01       		.uleb128 0x1
 1693 0087 13       		.uleb128 0x13
 1694 0088 00       		.byte	0
 1695 0089 00       		.byte	0
 1696 008a 0B       		.uleb128 0xb
 1697 008b 15       		.uleb128 0x15
 1698 008c 01       		.byte	0x1
 1699 008d 27       		.uleb128 0x27
 1700 008e 19       		.uleb128 0x19
 1701 008f 01       		.uleb128 0x1
 1702 0090 13       		.uleb128 0x13
 1703 0091 00       		.byte	0
 1704 0092 00       		.byte	0
 1705 0093 0C       		.uleb128 0xc
 1706 0094 05       		.uleb128 0x5
 1707 0095 00       		.byte	0
 1708 0096 49       		.uleb128 0x49
 1709 0097 13       		.uleb128 0x13
 1710 0098 00       		.byte	0
ARM GAS  /tmp/ccNGCzZ1.s 			page 31


 1711 0099 00       		.byte	0
 1712 009a 0D       		.uleb128 0xd
 1713 009b 0F       		.uleb128 0xf
 1714 009c 00       		.byte	0
 1715 009d 0B       		.uleb128 0xb
 1716 009e 0B       		.uleb128 0xb
 1717 009f 00       		.byte	0
 1718 00a0 00       		.byte	0
 1719 00a1 0E       		.uleb128 0xe
 1720 00a2 13       		.uleb128 0x13
 1721 00a3 01       		.byte	0x1
 1722 00a4 03       		.uleb128 0x3
 1723 00a5 0E       		.uleb128 0xe
 1724 00a6 0B       		.uleb128 0xb
 1725 00a7 05       		.uleb128 0x5
 1726 00a8 3A       		.uleb128 0x3a
 1727 00a9 0B       		.uleb128 0xb
 1728 00aa 3B       		.uleb128 0x3b
 1729 00ab 05       		.uleb128 0x5
 1730 00ac 01       		.uleb128 0x1
 1731 00ad 13       		.uleb128 0x13
 1732 00ae 00       		.byte	0
 1733 00af 00       		.byte	0
 1734 00b0 0F       		.uleb128 0xf
 1735 00b1 0D       		.uleb128 0xd
 1736 00b2 00       		.byte	0
 1737 00b3 03       		.uleb128 0x3
 1738 00b4 0E       		.uleb128 0xe
 1739 00b5 3A       		.uleb128 0x3a
 1740 00b6 0B       		.uleb128 0xb
 1741 00b7 3B       		.uleb128 0x3b
 1742 00b8 05       		.uleb128 0x5
 1743 00b9 49       		.uleb128 0x49
 1744 00ba 13       		.uleb128 0x13
 1745 00bb 38       		.uleb128 0x38
 1746 00bc 05       		.uleb128 0x5
 1747 00bd 00       		.byte	0
 1748 00be 00       		.byte	0
 1749 00bf 10       		.uleb128 0x10
 1750 00c0 34       		.uleb128 0x34
 1751 00c1 00       		.byte	0
 1752 00c2 03       		.uleb128 0x3
 1753 00c3 0E       		.uleb128 0xe
 1754 00c4 3A       		.uleb128 0x3a
 1755 00c5 0B       		.uleb128 0xb
 1756 00c6 3B       		.uleb128 0x3b
 1757 00c7 0B       		.uleb128 0xb
 1758 00c8 49       		.uleb128 0x49
 1759 00c9 13       		.uleb128 0x13
 1760 00ca 3F       		.uleb128 0x3f
 1761 00cb 19       		.uleb128 0x19
 1762 00cc 3C       		.uleb128 0x3c
 1763 00cd 19       		.uleb128 0x19
 1764 00ce 00       		.byte	0
 1765 00cf 00       		.byte	0
 1766 00d0 11       		.uleb128 0x11
 1767 00d1 0D       		.uleb128 0xd
ARM GAS  /tmp/ccNGCzZ1.s 			page 32


 1768 00d2 00       		.byte	0
 1769 00d3 03       		.uleb128 0x3
 1770 00d4 08       		.uleb128 0x8
 1771 00d5 3A       		.uleb128 0x3a
 1772 00d6 0B       		.uleb128 0xb
 1773 00d7 3B       		.uleb128 0x3b
 1774 00d8 0B       		.uleb128 0xb
 1775 00d9 49       		.uleb128 0x49
 1776 00da 13       		.uleb128 0x13
 1777 00db 38       		.uleb128 0x38
 1778 00dc 0B       		.uleb128 0xb
 1779 00dd 00       		.byte	0
 1780 00de 00       		.byte	0
 1781 00df 12       		.uleb128 0x12
 1782 00e0 13       		.uleb128 0x13
 1783 00e1 01       		.byte	0x1
 1784 00e2 0B       		.uleb128 0xb
 1785 00e3 0B       		.uleb128 0xb
 1786 00e4 3A       		.uleb128 0x3a
 1787 00e5 0B       		.uleb128 0xb
 1788 00e6 3B       		.uleb128 0x3b
 1789 00e7 0B       		.uleb128 0xb
 1790 00e8 01       		.uleb128 0x1
 1791 00e9 13       		.uleb128 0x13
 1792 00ea 00       		.byte	0
 1793 00eb 00       		.byte	0
 1794 00ec 13       		.uleb128 0x13
 1795 00ed 13       		.uleb128 0x13
 1796 00ee 01       		.byte	0x1
 1797 00ef 0B       		.uleb128 0xb
 1798 00f0 05       		.uleb128 0x5
 1799 00f1 3A       		.uleb128 0x3a
 1800 00f2 0B       		.uleb128 0xb
 1801 00f3 3B       		.uleb128 0x3b
 1802 00f4 0B       		.uleb128 0xb
 1803 00f5 01       		.uleb128 0x1
 1804 00f6 13       		.uleb128 0x13
 1805 00f7 00       		.byte	0
 1806 00f8 00       		.byte	0
 1807 00f9 14       		.uleb128 0x14
 1808 00fa 01       		.uleb128 0x1
 1809 00fb 01       		.byte	0x1
 1810 00fc 49       		.uleb128 0x49
 1811 00fd 13       		.uleb128 0x13
 1812 00fe 01       		.uleb128 0x1
 1813 00ff 13       		.uleb128 0x13
 1814 0100 00       		.byte	0
 1815 0101 00       		.byte	0
 1816 0102 15       		.uleb128 0x15
 1817 0103 21       		.uleb128 0x21
 1818 0104 00       		.byte	0
 1819 0105 49       		.uleb128 0x49
 1820 0106 13       		.uleb128 0x13
 1821 0107 2F       		.uleb128 0x2f
 1822 0108 0B       		.uleb128 0xb
 1823 0109 00       		.byte	0
 1824 010a 00       		.byte	0
ARM GAS  /tmp/ccNGCzZ1.s 			page 33


 1825 010b 16       		.uleb128 0x16
 1826 010c 17       		.uleb128 0x17
 1827 010d 01       		.byte	0x1
 1828 010e 0B       		.uleb128 0xb
 1829 010f 0B       		.uleb128 0xb
 1830 0110 3A       		.uleb128 0x3a
 1831 0111 0B       		.uleb128 0xb
 1832 0112 3B       		.uleb128 0x3b
 1833 0113 0B       		.uleb128 0xb
 1834 0114 01       		.uleb128 0x1
 1835 0115 13       		.uleb128 0x13
 1836 0116 00       		.byte	0
 1837 0117 00       		.byte	0
 1838 0118 17       		.uleb128 0x17
 1839 0119 0D       		.uleb128 0xd
 1840 011a 00       		.byte	0
 1841 011b 03       		.uleb128 0x3
 1842 011c 0E       		.uleb128 0xe
 1843 011d 3A       		.uleb128 0x3a
 1844 011e 0B       		.uleb128 0xb
 1845 011f 3B       		.uleb128 0x3b
 1846 0120 05       		.uleb128 0x5
 1847 0121 49       		.uleb128 0x49
 1848 0122 13       		.uleb128 0x13
 1849 0123 00       		.byte	0
 1850 0124 00       		.byte	0
 1851 0125 18       		.uleb128 0x18
 1852 0126 35       		.uleb128 0x35
 1853 0127 00       		.byte	0
 1854 0128 49       		.uleb128 0x49
 1855 0129 13       		.uleb128 0x13
 1856 012a 00       		.byte	0
 1857 012b 00       		.byte	0
 1858 012c 19       		.uleb128 0x19
 1859 012d 26       		.uleb128 0x26
 1860 012e 00       		.byte	0
 1861 012f 49       		.uleb128 0x49
 1862 0130 13       		.uleb128 0x13
 1863 0131 00       		.byte	0
 1864 0132 00       		.byte	0
 1865 0133 1A       		.uleb128 0x1a
 1866 0134 34       		.uleb128 0x34
 1867 0135 00       		.byte	0
 1868 0136 03       		.uleb128 0x3
 1869 0137 08       		.uleb128 0x8
 1870 0138 3A       		.uleb128 0x3a
 1871 0139 0B       		.uleb128 0xb
 1872 013a 3B       		.uleb128 0x3b
 1873 013b 05       		.uleb128 0x5
 1874 013c 49       		.uleb128 0x49
 1875 013d 13       		.uleb128 0x13
 1876 013e 3F       		.uleb128 0x3f
 1877 013f 19       		.uleb128 0x19
 1878 0140 3C       		.uleb128 0x3c
 1879 0141 19       		.uleb128 0x19
 1880 0142 00       		.byte	0
 1881 0143 00       		.byte	0
ARM GAS  /tmp/ccNGCzZ1.s 			page 34


 1882 0144 1B       		.uleb128 0x1b
 1883 0145 2E       		.uleb128 0x2e
 1884 0146 01       		.byte	0x1
 1885 0147 3F       		.uleb128 0x3f
 1886 0148 19       		.uleb128 0x19
 1887 0149 03       		.uleb128 0x3
 1888 014a 0E       		.uleb128 0xe
 1889 014b 3A       		.uleb128 0x3a
 1890 014c 0B       		.uleb128 0xb
 1891 014d 3B       		.uleb128 0x3b
 1892 014e 0B       		.uleb128 0xb
 1893 014f 27       		.uleb128 0x27
 1894 0150 19       		.uleb128 0x19
 1895 0151 11       		.uleb128 0x11
 1896 0152 01       		.uleb128 0x1
 1897 0153 12       		.uleb128 0x12
 1898 0154 06       		.uleb128 0x6
 1899 0155 40       		.uleb128 0x40
 1900 0156 18       		.uleb128 0x18
 1901 0157 9642     		.uleb128 0x2116
 1902 0159 19       		.uleb128 0x19
 1903 015a 01       		.uleb128 0x1
 1904 015b 13       		.uleb128 0x13
 1905 015c 00       		.byte	0
 1906 015d 00       		.byte	0
 1907 015e 1C       		.uleb128 0x1c
 1908 015f 05       		.uleb128 0x5
 1909 0160 00       		.byte	0
 1910 0161 03       		.uleb128 0x3
 1911 0162 08       		.uleb128 0x8
 1912 0163 3A       		.uleb128 0x3a
 1913 0164 0B       		.uleb128 0xb
 1914 0165 3B       		.uleb128 0x3b
 1915 0166 0B       		.uleb128 0xb
 1916 0167 49       		.uleb128 0x49
 1917 0168 13       		.uleb128 0x13
 1918 0169 02       		.uleb128 0x2
 1919 016a 18       		.uleb128 0x18
 1920 016b 00       		.byte	0
 1921 016c 00       		.byte	0
 1922 016d 1D       		.uleb128 0x1d
 1923 016e 0B       		.uleb128 0xb
 1924 016f 01       		.byte	0x1
 1925 0170 55       		.uleb128 0x55
 1926 0171 17       		.uleb128 0x17
 1927 0172 00       		.byte	0
 1928 0173 00       		.byte	0
 1929 0174 1E       		.uleb128 0x1e
 1930 0175 34       		.uleb128 0x34
 1931 0176 00       		.byte	0
 1932 0177 03       		.uleb128 0x3
 1933 0178 0E       		.uleb128 0xe
 1934 0179 3A       		.uleb128 0x3a
 1935 017a 0B       		.uleb128 0xb
 1936 017b 3B       		.uleb128 0x3b
 1937 017c 0B       		.uleb128 0xb
 1938 017d 49       		.uleb128 0x49
ARM GAS  /tmp/ccNGCzZ1.s 			page 35


 1939 017e 13       		.uleb128 0x13
 1940 017f 02       		.uleb128 0x2
 1941 0180 18       		.uleb128 0x18
 1942 0181 00       		.byte	0
 1943 0182 00       		.byte	0
 1944 0183 1F       		.uleb128 0x1f
 1945 0184 1D       		.uleb128 0x1d
 1946 0185 01       		.byte	0x1
 1947 0186 31       		.uleb128 0x31
 1948 0187 13       		.uleb128 0x13
 1949 0188 11       		.uleb128 0x11
 1950 0189 01       		.uleb128 0x1
 1951 018a 12       		.uleb128 0x12
 1952 018b 06       		.uleb128 0x6
 1953 018c 58       		.uleb128 0x58
 1954 018d 0B       		.uleb128 0xb
 1955 018e 59       		.uleb128 0x59
 1956 018f 0B       		.uleb128 0xb
 1957 0190 01       		.uleb128 0x1
 1958 0191 13       		.uleb128 0x13
 1959 0192 00       		.byte	0
 1960 0193 00       		.byte	0
 1961 0194 20       		.uleb128 0x20
 1962 0195 0B       		.uleb128 0xb
 1963 0196 01       		.byte	0x1
 1964 0197 11       		.uleb128 0x11
 1965 0198 01       		.uleb128 0x1
 1966 0199 12       		.uleb128 0x12
 1967 019a 06       		.uleb128 0x6
 1968 019b 00       		.byte	0
 1969 019c 00       		.byte	0
 1970 019d 21       		.uleb128 0x21
 1971 019e 34       		.uleb128 0x34
 1972 019f 00       		.byte	0
 1973 01a0 31       		.uleb128 0x31
 1974 01a1 13       		.uleb128 0x13
 1975 01a2 02       		.uleb128 0x2
 1976 01a3 18       		.uleb128 0x18
 1977 01a4 00       		.byte	0
 1978 01a5 00       		.byte	0
 1979 01a6 22       		.uleb128 0x22
 1980 01a7 1D       		.uleb128 0x1d
 1981 01a8 01       		.byte	0x1
 1982 01a9 31       		.uleb128 0x31
 1983 01aa 13       		.uleb128 0x13
 1984 01ab 11       		.uleb128 0x11
 1985 01ac 01       		.uleb128 0x1
 1986 01ad 12       		.uleb128 0x12
 1987 01ae 06       		.uleb128 0x6
 1988 01af 58       		.uleb128 0x58
 1989 01b0 0B       		.uleb128 0xb
 1990 01b1 59       		.uleb128 0x59
 1991 01b2 0B       		.uleb128 0xb
 1992 01b3 00       		.byte	0
 1993 01b4 00       		.byte	0
 1994 01b5 23       		.uleb128 0x23
 1995 01b6 05       		.uleb128 0x5
ARM GAS  /tmp/ccNGCzZ1.s 			page 36


 1996 01b7 00       		.byte	0
 1997 01b8 31       		.uleb128 0x31
 1998 01b9 13       		.uleb128 0x13
 1999 01ba 02       		.uleb128 0x2
 2000 01bb 18       		.uleb128 0x18
 2001 01bc 00       		.byte	0
 2002 01bd 00       		.byte	0
 2003 01be 24       		.uleb128 0x24
 2004 01bf 2E       		.uleb128 0x2e
 2005 01c0 00       		.byte	0
 2006 01c1 03       		.uleb128 0x3
 2007 01c2 0E       		.uleb128 0xe
 2008 01c3 3A       		.uleb128 0x3a
 2009 01c4 0B       		.uleb128 0xb
 2010 01c5 3B       		.uleb128 0x3b
 2011 01c6 05       		.uleb128 0x5
 2012 01c7 27       		.uleb128 0x27
 2013 01c8 19       		.uleb128 0x19
 2014 01c9 11       		.uleb128 0x11
 2015 01ca 01       		.uleb128 0x1
 2016 01cb 12       		.uleb128 0x12
 2017 01cc 06       		.uleb128 0x6
 2018 01cd 40       		.uleb128 0x40
 2019 01ce 18       		.uleb128 0x18
 2020 01cf 9642     		.uleb128 0x2116
 2021 01d1 19       		.uleb128 0x19
 2022 01d2 00       		.byte	0
 2023 01d3 00       		.byte	0
 2024 01d4 25       		.uleb128 0x25
 2025 01d5 2E       		.uleb128 0x2e
 2026 01d6 01       		.byte	0x1
 2027 01d7 03       		.uleb128 0x3
 2028 01d8 0E       		.uleb128 0xe
 2029 01d9 3A       		.uleb128 0x3a
 2030 01da 0B       		.uleb128 0xb
 2031 01db 3B       		.uleb128 0x3b
 2032 01dc 05       		.uleb128 0x5
 2033 01dd 27       		.uleb128 0x27
 2034 01de 19       		.uleb128 0x19
 2035 01df 11       		.uleb128 0x11
 2036 01e0 01       		.uleb128 0x1
 2037 01e1 12       		.uleb128 0x12
 2038 01e2 06       		.uleb128 0x6
 2039 01e3 40       		.uleb128 0x40
 2040 01e4 18       		.uleb128 0x18
 2041 01e5 9742     		.uleb128 0x2117
 2042 01e7 19       		.uleb128 0x19
 2043 01e8 01       		.uleb128 0x1
 2044 01e9 13       		.uleb128 0x13
 2045 01ea 00       		.byte	0
 2046 01eb 00       		.byte	0
 2047 01ec 26       		.uleb128 0x26
 2048 01ed 1D       		.uleb128 0x1d
 2049 01ee 00       		.byte	0
 2050 01ef 31       		.uleb128 0x31
 2051 01f0 13       		.uleb128 0x13
 2052 01f1 11       		.uleb128 0x11
ARM GAS  /tmp/ccNGCzZ1.s 			page 37


 2053 01f2 01       		.uleb128 0x1
 2054 01f3 12       		.uleb128 0x12
 2055 01f4 06       		.uleb128 0x6
 2056 01f5 58       		.uleb128 0x58
 2057 01f6 0B       		.uleb128 0xb
 2058 01f7 59       		.uleb128 0x59
 2059 01f8 05       		.uleb128 0x5
 2060 01f9 00       		.byte	0
 2061 01fa 00       		.byte	0
 2062 01fb 27       		.uleb128 0x27
 2063 01fc 2E       		.uleb128 0x2e
 2064 01fd 01       		.byte	0x1
 2065 01fe 03       		.uleb128 0x3
 2066 01ff 0E       		.uleb128 0xe
 2067 0200 3A       		.uleb128 0x3a
 2068 0201 0B       		.uleb128 0xb
 2069 0202 3B       		.uleb128 0x3b
 2070 0203 05       		.uleb128 0x5
 2071 0204 27       		.uleb128 0x27
 2072 0205 19       		.uleb128 0x19
 2073 0206 20       		.uleb128 0x20
 2074 0207 0B       		.uleb128 0xb
 2075 0208 01       		.uleb128 0x1
 2076 0209 13       		.uleb128 0x13
 2077 020a 00       		.byte	0
 2078 020b 00       		.byte	0
 2079 020c 28       		.uleb128 0x28
 2080 020d 05       		.uleb128 0x5
 2081 020e 00       		.byte	0
 2082 020f 03       		.uleb128 0x3
 2083 0210 0E       		.uleb128 0xe
 2084 0211 3A       		.uleb128 0x3a
 2085 0212 0B       		.uleb128 0xb
 2086 0213 3B       		.uleb128 0x3b
 2087 0214 05       		.uleb128 0x5
 2088 0215 49       		.uleb128 0x49
 2089 0216 13       		.uleb128 0x13
 2090 0217 00       		.byte	0
 2091 0218 00       		.byte	0
 2092 0219 29       		.uleb128 0x29
 2093 021a 2E       		.uleb128 0x2e
 2094 021b 01       		.byte	0x1
 2095 021c 03       		.uleb128 0x3
 2096 021d 0E       		.uleb128 0xe
 2097 021e 3A       		.uleb128 0x3a
 2098 021f 0B       		.uleb128 0xb
 2099 0220 3B       		.uleb128 0x3b
 2100 0221 05       		.uleb128 0x5
 2101 0222 27       		.uleb128 0x27
 2102 0223 19       		.uleb128 0x19
 2103 0224 49       		.uleb128 0x49
 2104 0225 13       		.uleb128 0x13
 2105 0226 20       		.uleb128 0x20
 2106 0227 0B       		.uleb128 0xb
 2107 0228 01       		.uleb128 0x1
 2108 0229 13       		.uleb128 0x13
 2109 022a 00       		.byte	0
ARM GAS  /tmp/ccNGCzZ1.s 			page 38


 2110 022b 00       		.byte	0
 2111 022c 2A       		.uleb128 0x2a
 2112 022d 34       		.uleb128 0x34
 2113 022e 00       		.byte	0
 2114 022f 03       		.uleb128 0x3
 2115 0230 0E       		.uleb128 0xe
 2116 0231 3A       		.uleb128 0x3a
 2117 0232 0B       		.uleb128 0xb
 2118 0233 3B       		.uleb128 0x3b
 2119 0234 05       		.uleb128 0x5
 2120 0235 49       		.uleb128 0x49
 2121 0236 13       		.uleb128 0x13
 2122 0237 00       		.byte	0
 2123 0238 00       		.byte	0
 2124 0239 2B       		.uleb128 0x2b
 2125 023a 2E       		.uleb128 0x2e
 2126 023b 00       		.byte	0
 2127 023c 03       		.uleb128 0x3
 2128 023d 0E       		.uleb128 0xe
 2129 023e 3A       		.uleb128 0x3a
 2130 023f 0B       		.uleb128 0xb
 2131 0240 3B       		.uleb128 0x3b
 2132 0241 05       		.uleb128 0x5
 2133 0242 27       		.uleb128 0x27
 2134 0243 19       		.uleb128 0x19
 2135 0244 20       		.uleb128 0x20
 2136 0245 0B       		.uleb128 0xb
 2137 0246 00       		.byte	0
 2138 0247 00       		.byte	0
 2139 0248 00       		.byte	0
 2140              		.section	.debug_aranges,"",%progbits
 2141 0000 44000000 		.4byte	0x44
 2142 0004 0200     		.2byte	0x2
 2143 0006 00000000 		.4byte	.Ldebug_info0
 2144 000a 04       		.byte	0x4
 2145 000b 00       		.byte	0
 2146 000c 0000     		.2byte	0
 2147 000e 0000     		.2byte	0
 2148 0010 00000000 		.4byte	.LFB38
 2149 0014 06000000 		.4byte	.LFE38-.LFB38
 2150 0018 00000000 		.4byte	.LFB39
 2151 001c 06000000 		.4byte	.LFE39-.LFB39
 2152 0020 00000000 		.4byte	.LFB40
 2153 0024 0A000000 		.4byte	.LFE40-.LFB40
 2154 0028 00000000 		.4byte	.LFB41
 2155 002c 0A000000 		.4byte	.LFE41-.LFB41
 2156 0030 00000000 		.4byte	.LFB152
 2157 0034 2C000000 		.4byte	.LFE152-.LFB152
 2158 0038 00000000 		.4byte	.LFB153
 2159 003c 5C000000 		.4byte	.LFE153-.LFB153
 2160 0040 00000000 		.4byte	0
 2161 0044 00000000 		.4byte	0
 2162              		.section	.debug_ranges,"",%progbits
 2163              	.Ldebug_ranges0:
 2164 0000 0E000000 		.4byte	.LBB23
 2165 0004 42000000 		.4byte	.LBE23
 2166 0008 44000000 		.4byte	.LBB28
ARM GAS  /tmp/ccNGCzZ1.s 			page 39


 2167 000c 4A000000 		.4byte	.LBE28
 2168 0010 00000000 		.4byte	0
 2169 0014 00000000 		.4byte	0
 2170 0018 00000000 		.4byte	.LFB38
 2171 001c 06000000 		.4byte	.LFE38
 2172 0020 00000000 		.4byte	.LFB39
 2173 0024 06000000 		.4byte	.LFE39
 2174 0028 00000000 		.4byte	.LFB40
 2175 002c 0A000000 		.4byte	.LFE40
 2176 0030 00000000 		.4byte	.LFB41
 2177 0034 0A000000 		.4byte	.LFE41
 2178 0038 00000000 		.4byte	.LFB152
 2179 003c 2C000000 		.4byte	.LFE152
 2180 0040 00000000 		.4byte	.LFB153
 2181 0044 5C000000 		.4byte	.LFE153
 2182 0048 00000000 		.4byte	0
 2183 004c 00000000 		.4byte	0
 2184              		.section	.debug_line,"",%progbits
 2185              	.Ldebug_line0:
 2186 0000 DD020000 		.section	.debug_str,"MS",%progbits,1
 2186      02001A02 
 2186      00000201 
 2186      FB0E0D00 
 2186      01010101 
 2187              	.LASF50:
 2188 0000 63685F74 		.ascii	"ch_threads_list\000"
 2188      68726561 
 2188      64735F6C 
 2188      69737400 
 2189              	.LASF51:
 2190 0010 74687265 		.ascii	"threads_queue_t\000"
 2190      6164735F 
 2190      71756575 
 2190      655F7400 
 2191              	.LASF40:
 2192 0020 705F7761 		.ascii	"p_waiting\000"
 2192      6974696E 
 2192      6700
 2193              	.LASF116:
 2194 002a 53797374 		.ascii	"SystemCoreClock\000"
 2194      656D436F 
 2194      7265436C 
 2194      6F636B00 
 2195              	.LASF106:
 2196 003a 77746D74 		.ascii	"wtmtxp\000"
 2196      787000
 2197              	.LASF115:
 2198 0041 63686172 		.ascii	"char\000"
 2198      00
 2199              	.LASF85:
 2200 0046 72656761 		.ascii	"regarm_t\000"
 2200      726D5F74 
 2200      00
 2201              	.LASF31:
 2202 004f 705F7072 		.ascii	"p_prio\000"
 2202      696F00
 2203              	.LASF27:
ARM GAS  /tmp/ccNGCzZ1.s 			page 40


 2204 0056 73797374 		.ascii	"systime_t\000"
 2204      696D655F 
 2204      7400
 2205              	.LASF127:
 2206 0060 63665F6F 		.ascii	"cf_off_older\000"
 2206      66665F6F 
 2206      6C646572 
 2206      00
 2207              	.LASF113:
 2208 006d 6D5F6F77 		.ascii	"m_owner\000"
 2208      6E657200 
 2209              	.LASF109:
 2210 0075 735F7175 		.ascii	"s_queue\000"
 2210      65756500 
 2211              	.LASF41:
 2212 007d 705F6D73 		.ascii	"p_msgqueue\000"
 2212      67717565 
 2212      756500
 2213              	.LASF0:
 2214 0088 756E7369 		.ascii	"unsigned int\000"
 2214      676E6564 
 2214      20696E74 
 2214      00
 2215              	.LASF48:
 2216 0095 74687265 		.ascii	"threads_list_t\000"
 2216      6164735F 
 2216      6C697374 
 2216      5F7400
 2217              	.LASF9:
 2218 00a4 5F5F696E 		.ascii	"__int32_t\000"
 2218      7433325F 
 2218      7400
 2219              	.LASF95:
 2220 00ae 73655F73 		.ascii	"se_state\000"
 2220      74617465 
 2220      00
 2221              	.LASF128:
 2222 00b7 63665F6F 		.ascii	"cf_off_name\000"
 2222      66665F6E 
 2222      616D6500 
 2223              	.LASF103:
 2224 00c3 77746F62 		.ascii	"wtobjp\000"
 2224      6A7000
 2225              	.LASF145:
 2226 00ca 706F7274 		.ascii	"port_lock\000"
 2226      5F6C6F63 
 2226      6B00
 2227              	.LASF81:
 2228 00d4 76746C69 		.ascii	"vtlist\000"
 2228      737400
 2229              	.LASF143:
 2230 00db 706F7274 		.ascii	"port_lock_from_isr\000"
 2230      5F6C6F63 
 2230      6B5F6672 
 2230      6F6D5F69 
 2230      737200
 2231              	.LASF54:
ARM GAS  /tmp/ccNGCzZ1.s 			page 41


 2232 00ee 63685F72 		.ascii	"ch_ready_list\000"
 2232      65616479 
 2232      5F6C6973 
 2232      7400
 2233              	.LASF83:
 2234 00fc 69646C65 		.ascii	"idle_thread_wa\000"
 2234      5F746872 
 2234      6561645F 
 2234      776100
 2235              	.LASF107:
 2236 010b 65776D61 		.ascii	"ewmask\000"
 2236      736B00
 2237              	.LASF131:
 2238 0112 63665F6F 		.ascii	"cf_off_flags\000"
 2238      66665F66 
 2238      6C616773 
 2238      00
 2239              	.LASF52:
 2240 011f 63685F74 		.ascii	"ch_threads_queue\000"
 2240      68726561 
 2240      64735F71 
 2240      75657565 
 2240      00
 2241              	.LASF121:
 2242 0130 63685F70 		.ascii	"ch_ptrsize\000"
 2242      74727369 
 2242      7A6500
 2243              	.LASF61:
 2244 013b 76746675 		.ascii	"vtfunc_t\000"
 2244      6E635F74 
 2244      00
 2245              	.LASF110:
 2246 0144 735F636E 		.ascii	"s_cnt\000"
 2246      7400
 2247              	.LASF73:
 2248 014a 63685F73 		.ascii	"ch_system_debug\000"
 2248      79737465 
 2248      6D5F6465 
 2248      62756700 
 2249              	.LASF18:
 2250 015a 75696E74 		.ascii	"uint32_t\000"
 2250      33325F74 
 2250      00
 2251              	.LASF122:
 2252 0163 63685F74 		.ascii	"ch_timesize\000"
 2252      696D6573 
 2252      697A6500 
 2253              	.LASF25:
 2254 016f 6576656E 		.ascii	"eventmask_t\000"
 2254      746D6173 
 2254      6B5F7400 
 2255              	.LASF56:
 2256 017b 725F7072 		.ascii	"r_prio\000"
 2256      696F00
 2257              	.LASF68:
 2258 0182 76745F70 		.ascii	"vt_par\000"
 2258      617200
ARM GAS  /tmp/ccNGCzZ1.s 			page 42


 2259              	.LASF108:
 2260 0189 63685F73 		.ascii	"ch_semaphore\000"
 2260      656D6170 
 2260      686F7265 
 2260      00
 2261              	.LASF23:
 2262 0196 74707269 		.ascii	"tprio_t\000"
 2262      6F5F7400 
 2263              	.LASF63:
 2264 019e 63685F76 		.ascii	"ch_virtual_timer\000"
 2264      69727475 
 2264      616C5F74 
 2264      696D6572 
 2264      00
 2265              	.LASF154:
 2266 01af 72657375 		.ascii	"result\000"
 2266      6C7400
 2267              	.LASF14:
 2268 01b6 6C6F6E67 		.ascii	"long long unsigned int\000"
 2268      206C6F6E 
 2268      6720756E 
 2268      7369676E 
 2268      65642069 
 2269              	.LASF94:
 2270 01cd 73655F77 		.ascii	"se_wtobjp\000"
 2270      746F626A 
 2270      7000
 2271              	.LASF7:
 2272 01d7 5F5F7569 		.ascii	"__uint16_t\000"
 2272      6E743136 
 2272      5F7400
 2273              	.LASF26:
 2274 01e2 636E745F 		.ascii	"cnt_t\000"
 2274      7400
 2275              	.LASF149:
 2276 01e8 43686962 		.ascii	"ChibiOS/os/rt/ports/ARMCMx/chcore_v6m.c\000"
 2276      694F532F 
 2276      6F732F72 
 2276      742F706F 
 2276      7274732F 
 2277              	.LASF33:
 2278 0210 705F6E65 		.ascii	"p_newer\000"
 2278      77657200 
 2279              	.LASF70:
 2280 0218 63685F76 		.ascii	"ch_virtual_timers_list\000"
 2280      69727475 
 2280      616C5F74 
 2280      696D6572 
 2280      735F6C69 
 2281              	.LASF92:
 2282 022f 73655F74 		.ascii	"se_time\000"
 2282      696D6500 
 2283              	.LASF28:
 2284 0237 74687265 		.ascii	"thread_t\000"
 2284      61645F74 
 2284      00
 2285              	.LASF101:
ARM GAS  /tmp/ccNGCzZ1.s 			page 43


 2286 0240 7264796D 		.ascii	"rdymsg\000"
 2286      736700
 2287              	.LASF123:
 2288 0247 63685F74 		.ascii	"ch_threadsize\000"
 2288      68726561 
 2288      6473697A 
 2288      6500
 2289              	.LASF146:
 2290 0255 5F5F6469 		.ascii	"__disable_irq\000"
 2290      7361626C 
 2290      655F6972 
 2290      7100
 2291              	.LASF133:
 2292 0263 63665F6F 		.ascii	"cf_off_preempt\000"
 2292      66665F70 
 2292      7265656D 
 2292      707400
 2293              	.LASF138:
 2294 0272 5F426F6F 		.ascii	"_Bool\000"
 2294      6C00
 2295              	.LASF152:
 2296 0278 746F704F 		.ascii	"topOfProcStack\000"
 2296      6650726F 
 2296      63537461 
 2296      636B00
 2297              	.LASF148:
 2298 0287 474E5520 		.ascii	"GNU C11 6.3.1 20170215 (release) [ARM/embedded-6-br"
 2298      43313120 
 2298      362E332E 
 2298      31203230 
 2298      31373032 
 2299 02ba 616E6368 		.ascii	"anch revision 245512] -mcpu=cortex-m0 -mno-thumb-in"
 2299      20726576 
 2299      6973696F 
 2299      6E203234 
 2299      35353132 
 2300 02ed 74657277 		.ascii	"terwork -mthumb -ggdb -O0 -fomit-frame-pointer -fal"
 2300      6F726B20 
 2300      2D6D7468 
 2300      756D6220 
 2300      2D676764 
 2301 0320 69676E2D 		.ascii	"ign-functions=16 -ffunction-sections -fdata-section"
 2301      66756E63 
 2301      74696F6E 
 2301      733D3136 
 2301      202D6666 
 2302 0353 7300     		.ascii	"s\000"
 2303              	.LASF111:
 2304 0355 63685F6D 		.ascii	"ch_mutex\000"
 2304      75746578 
 2304      00
 2305              	.LASF13:
 2306 035e 5F5F7569 		.ascii	"__uint64_t\000"
 2306      6E743634 
 2306      5F7400
 2307              	.LASF125:
 2308 0369 63665F6F 		.ascii	"cf_off_ctx\000"
ARM GAS  /tmp/ccNGCzZ1.s 			page 44


 2308      66665F63 
 2308      747800
 2309              	.LASF129:
 2310 0374 63665F6F 		.ascii	"cf_off_stklimit\000"
 2310      66665F73 
 2310      746B6C69 
 2310      6D697400 
 2311              	.LASF35:
 2312 0384 705F6E61 		.ascii	"p_name\000"
 2312      6D6500
 2313              	.LASF66:
 2314 038b 76745F64 		.ascii	"vt_delta\000"
 2314      656C7461 
 2314      00
 2315              	.LASF150:
 2316 0394 2F686F6D 		.ascii	"/home/felix/Desktop/workspace/esho/UltrasonicCortex"
 2316      652F6665 
 2316      6C69782F 
 2316      4465736B 
 2316      746F702F 
 2317 03c7 2F00     		.ascii	"/\000"
 2318              	.LASF47:
 2319 03c9 74687265 		.ascii	"thread_reference_t\000"
 2319      61645F72 
 2319      65666572 
 2319      656E6365 
 2319      5F7400
 2320              	.LASF71:
 2321 03dc 76745F6C 		.ascii	"vt_lasttime\000"
 2321      61737474 
 2321      696D6500 
 2322              	.LASF21:
 2323 03e8 74737461 		.ascii	"tstate_t\000"
 2323      74655F74 
 2323      00
 2324              	.LASF93:
 2325 03f1 73655F74 		.ascii	"se_tp\000"
 2325      7000
 2326              	.LASF34:
 2327 03f7 705F6F6C 		.ascii	"p_older\000"
 2327      64657200 
 2328              	.LASF37:
 2329 03ff 705F7374 		.ascii	"p_state\000"
 2329      61746500 
 2330              	.LASF36:
 2331 0407 705F7374 		.ascii	"p_stklimit\000"
 2331      6B6C696D 
 2331      697400
 2332              	.LASF15:
 2333 0412 75696E74 		.ascii	"uint8_t\000"
 2333      385F7400 
 2334              	.LASF99:
 2335 041a 74625F62 		.ascii	"tb_buffer\000"
 2335      75666665 
 2335      7200
 2336              	.LASF46:
 2337 0424 705F6D70 		.ascii	"p_mpool\000"
ARM GAS  /tmp/ccNGCzZ1.s 			page 45


 2337      6F6F6C00 
 2338              	.LASF44:
 2339 042c 705F6D74 		.ascii	"p_mtxlist\000"
 2339      786C6973 
 2339      7400
 2340              	.LASF49:
 2341 0436 63685F74 		.ascii	"ch_thread\000"
 2341      68726561 
 2341      6400
 2342              	.LASF97:
 2343 0440 74625F73 		.ascii	"tb_size\000"
 2343      697A6500 
 2344              	.LASF72:
 2345 0448 73797374 		.ascii	"system_debug_t\000"
 2345      656D5F64 
 2345      65627567 
 2345      5F7400
 2346              	.LASF1:
 2347 0457 6C6F6E67 		.ascii	"long long int\000"
 2347      206C6F6E 
 2347      6720696E 
 2347      7400
 2348              	.LASF55:
 2349 0465 725F7175 		.ascii	"r_queue\000"
 2349      65756500 
 2350              	.LASF58:
 2351 046d 725F6E65 		.ascii	"r_newer\000"
 2351      77657200 
 2352              	.LASF24:
 2353 0475 6D73675F 		.ascii	"msg_t\000"
 2353      7400
 2354              	.LASF87:
 2355 047b 636F6E74 		.ascii	"context\000"
 2355      65787400 
 2356              	.LASF38:
 2357 0483 705F666C 		.ascii	"p_flags\000"
 2357      61677300 
 2358              	.LASF62:
 2359 048b 76697274 		.ascii	"virtual_timer_t\000"
 2359      75616C5F 
 2359      74696D65 
 2359      725F7400 
 2360              	.LASF75:
 2361 049b 6973725F 		.ascii	"isr_cnt\000"
 2361      636E7400 
 2362              	.LASF132:
 2363 04a3 63665F6F 		.ascii	"cf_off_refs\000"
 2363      66665F72 
 2363      65667300 
 2364              	.LASF118:
 2365 04af 63685F7A 		.ascii	"ch_zero\000"
 2365      65726F00 
 2366              	.LASF98:
 2367 04b7 74625F70 		.ascii	"tb_ptr\000"
 2367      747200
 2368              	.LASF59:
 2369 04be 725F6F6C 		.ascii	"r_older\000"
ARM GAS  /tmp/ccNGCzZ1.s 			page 46


 2369      64657200 
 2370              	.LASF74:
 2371 04c6 70616E69 		.ascii	"panic_msg\000"
 2371      635F6D73 
 2371      6700
 2372              	.LASF42:
 2373 04d0 705F6D73 		.ascii	"p_msg\000"
 2373      6700
 2374              	.LASF20:
 2375 04d6 746D6F64 		.ascii	"tmode_t\000"
 2375      655F7400 
 2376              	.LASF119:
 2377 04de 63685F73 		.ascii	"ch_size\000"
 2377      697A6500 
 2378              	.LASF82:
 2379 04e6 6D61696E 		.ascii	"mainthread\000"
 2379      74687265 
 2379      616400
 2380              	.LASF2:
 2381 04f1 6C6F6E67 		.ascii	"long double\000"
 2381      20646F75 
 2381      626C6500 
 2382              	.LASF16:
 2383 04fd 75696E74 		.ascii	"uint16_t\000"
 2383      31365F74 
 2383      00
 2384              	.LASF135:
 2385 0506 63686465 		.ascii	"chdebug_t\000"
 2385      6275675F 
 2385      7400
 2386              	.LASF76:
 2387 0510 6C6F636B 		.ascii	"lock_cnt\000"
 2387      5F636E74 
 2387      00
 2388              	.LASF151:
 2389 0519 5F5F7365 		.ascii	"__set_PSP\000"
 2389      745F5053 
 2389      5000
 2390              	.LASF45:
 2391 0523 705F7265 		.ascii	"p_realprio\000"
 2391      616C7072 
 2391      696F00
 2392              	.LASF120:
 2393 052e 63685F76 		.ascii	"ch_version\000"
 2393      65727369 
 2393      6F6E00
 2394              	.LASF5:
 2395 0539 73686F72 		.ascii	"short int\000"
 2395      7420696E 
 2395      7400
 2396              	.LASF60:
 2397 0543 725F6375 		.ascii	"r_current\000"
 2397      7272656E 
 2397      7400
 2398              	.LASF141:
 2399 054d 63747870 		.ascii	"ctxp\000"
 2399      00
ARM GAS  /tmp/ccNGCzZ1.s 			page 47


 2400              	.LASF43:
 2401 0552 705F6570 		.ascii	"p_epending\000"
 2401      656E6469 
 2401      6E6700
 2402              	.LASF112:
 2403 055d 6D5F7175 		.ascii	"m_queue\000"
 2403      65756500 
 2404              	.LASF10:
 2405 0565 6C6F6E67 		.ascii	"long int\000"
 2405      20696E74 
 2405      00
 2406              	.LASF88:
 2407 056e 706F7274 		.ascii	"port_intctx\000"
 2407      5F696E74 
 2407      63747800 
 2408              	.LASF147:
 2409 057a 5F5F656E 		.ascii	"__enable_irq\000"
 2409      61626C65 
 2409      5F697271 
 2409      00
 2410              	.LASF79:
 2411 0587 63685F73 		.ascii	"ch_system\000"
 2411      79737465 
 2411      6D00
 2412              	.LASF29:
 2413 0591 705F6E65 		.ascii	"p_next\000"
 2413      787400
 2414              	.LASF19:
 2415 0598 75696E74 		.ascii	"uint64_t\000"
 2415      36345F74 
 2415      00
 2416              	.LASF32:
 2417 05a1 705F6374 		.ascii	"p_ctx\000"
 2417      7800
 2418              	.LASF80:
 2419 05a7 726C6973 		.ascii	"rlist\000"
 2419      7400
 2420              	.LASF134:
 2421 05ad 63665F6F 		.ascii	"cf_off_time\000"
 2421      66665F74 
 2421      696D6500 
 2422              	.LASF124:
 2423 05b9 63665F6F 		.ascii	"cf_off_prio\000"
 2423      66665F70 
 2423      72696F00 
 2424              	.LASF6:
 2425 05c5 5F5F7569 		.ascii	"__uint8_t\000"
 2425      6E74385F 
 2425      7400
 2426              	.LASF89:
 2427 05cf 706F7274 		.ascii	"port_extctx\000"
 2427      5F657874 
 2427      63747800 
 2428              	.LASF117:
 2429 05db 63685F69 		.ascii	"ch_identifier\000"
 2429      64656E74 
 2429      69666965 
ARM GAS  /tmp/ccNGCzZ1.s 			page 48


 2429      7200
 2430              	.LASF91:
 2431 05e9 78707372 		.ascii	"xpsr\000"
 2431      00
 2432              	.LASF30:
 2433 05ee 705F7072 		.ascii	"p_prev\000"
 2433      657600
 2434              	.LASF84:
 2435 05f5 73697A65 		.ascii	"sizetype\000"
 2435      74797065 
 2435      00
 2436              	.LASF22:
 2437 05fe 74726566 		.ascii	"trefs_t\000"
 2437      735F7400 
 2438              	.LASF12:
 2439 0606 6C6F6E67 		.ascii	"long unsigned int\000"
 2439      20756E73 
 2439      69676E65 
 2439      6420696E 
 2439      7400
 2440              	.LASF130:
 2441 0618 63665F6F 		.ascii	"cf_off_state\000"
 2441      66665F73 
 2441      74617465 
 2441      00
 2442              	.LASF53:
 2443 0625 72656164 		.ascii	"ready_list_t\000"
 2443      795F6C69 
 2443      73745F74 
 2443      00
 2444              	.LASF17:
 2445 0632 696E7433 		.ascii	"int32_t\000"
 2445      325F7400 
 2446              	.LASF77:
 2447 063a 74726163 		.ascii	"trace_buffer\000"
 2447      655F6275 
 2447      66666572 
 2447      00
 2448              	.LASF105:
 2449 0647 77747365 		.ascii	"wtsemp\000"
 2449      6D7000
 2450              	.LASF96:
 2451 064e 63685F73 		.ascii	"ch_swc_event_t\000"
 2451      77635F65 
 2451      76656E74 
 2451      5F7400
 2452              	.LASF137:
 2453 065d 6D757465 		.ascii	"mutex_t\000"
 2453      785F7400 
 2454              	.LASF142:
 2455 0665 706F7274 		.ascii	"port_unlock_from_isr\000"
 2455      5F756E6C 
 2455      6F636B5F 
 2455      66726F6D 
 2455      5F697372 
 2456              	.LASF4:
 2457 067a 756E7369 		.ascii	"unsigned char\000"
ARM GAS  /tmp/ccNGCzZ1.s 			page 49


 2457      676E6564 
 2457      20636861 
 2457      7200
 2458              	.LASF11:
 2459 0688 5F5F7569 		.ascii	"__uint32_t\000"
 2459      6E743332 
 2459      5F7400
 2460              	.LASF69:
 2461 0693 76697274 		.ascii	"virtual_timers_list_t\000"
 2461      75616C5F 
 2461      74696D65 
 2461      72735F6C 
 2461      6973745F 
 2462              	.LASF39:
 2463 06a9 705F7265 		.ascii	"p_refs\000"
 2463      667300
 2464              	.LASF139:
 2465 06b0 5F706F72 		.ascii	"_port_irq_epilogue\000"
 2465      745F6972 
 2465      715F6570 
 2465      696C6F67 
 2465      756500
 2466              	.LASF140:
 2467 06c3 4E4D495F 		.ascii	"NMI_Handler\000"
 2467      48616E64 
 2467      6C657200 
 2468              	.LASF90:
 2469 06cf 6C725F74 		.ascii	"lr_thd\000"
 2469      686400
 2470              	.LASF64:
 2471 06d6 76745F6E 		.ascii	"vt_next\000"
 2471      65787400 
 2472              	.LASF78:
 2473 06de 63685F73 		.ascii	"ch_system_t\000"
 2473      79737465 
 2473      6D5F7400 
 2474              	.LASF104:
 2475 06ea 77747472 		.ascii	"wttrp\000"
 2475      7000
 2476              	.LASF100:
 2477 06f0 63685F74 		.ascii	"ch_trace_buffer_t\000"
 2477      72616365 
 2477      5F627566 
 2477      6665725F 
 2477      7400
 2478              	.LASF114:
 2479 0702 6D5F6E65 		.ascii	"m_next\000"
 2479      787400
 2480              	.LASF3:
 2481 0709 7369676E 		.ascii	"signed char\000"
 2481      65642063 
 2481      68617200 
 2482              	.LASF126:
 2483 0715 63665F6F 		.ascii	"cf_off_newer\000"
 2483      66665F6E 
 2483      65776572 
 2483      00
ARM GAS  /tmp/ccNGCzZ1.s 			page 50


 2484              	.LASF8:
 2485 0722 73686F72 		.ascii	"short unsigned int\000"
 2485      7420756E 
 2485      7369676E 
 2485      65642069 
 2485      6E7400
 2486              	.LASF57:
 2487 0735 725F6374 		.ascii	"r_ctx\000"
 2487      7800
 2488              	.LASF86:
 2489 073b 73746B61 		.ascii	"stkalign_t\000"
 2489      6C69676E 
 2489      5F7400
 2490              	.LASF136:
 2491 0746 63685F64 		.ascii	"ch_debug\000"
 2491      65627567 
 2491      00
 2492              	.LASF67:
 2493 074f 76745F66 		.ascii	"vt_func\000"
 2493      756E6300 
 2494              	.LASF144:
 2495 0757 706F7274 		.ascii	"port_unlock\000"
 2495      5F756E6C 
 2495      6F636B00 
 2496              	.LASF65:
 2497 0763 76745F70 		.ascii	"vt_prev\000"
 2497      72657600 
 2498              	.LASF102:
 2499 076b 65786974 		.ascii	"exitcode\000"
 2499      636F6465 
 2499      00
 2500              	.LASF153:
 2501 0774 5F5F6765 		.ascii	"__get_PSP\000"
 2501      745F5053 
 2501      5000
 2502              		.ident	"GCC: (GNU Tools for ARM Embedded Processors 6-2017-q1-update) 6.3.1 20170215 (release) [AR
ARM GAS  /tmp/ccNGCzZ1.s 			page 51


DEFINED SYMBOLS
                            *ABS*:0000000000000000 chcore_v6m.c
     /tmp/ccNGCzZ1.s:16     .text.port_lock:0000000000000000 $t
     /tmp/ccNGCzZ1.s:23     .text.port_lock:0000000000000000 port_lock
     /tmp/ccNGCzZ1.s:51     .text.port_unlock:0000000000000000 $t
     /tmp/ccNGCzZ1.s:58     .text.port_unlock:0000000000000000 port_unlock
     /tmp/ccNGCzZ1.s:84     .text.port_lock_from_isr:0000000000000000 $t
     /tmp/ccNGCzZ1.s:91     .text.port_lock_from_isr:0000000000000000 port_lock_from_isr
     /tmp/ccNGCzZ1.s:111    .text.port_unlock_from_isr:0000000000000000 $t
     /tmp/ccNGCzZ1.s:118    .text.port_unlock_from_isr:0000000000000000 port_unlock_from_isr
     /tmp/ccNGCzZ1.s:138    .text.NMI_Handler:0000000000000000 $t
     /tmp/ccNGCzZ1.s:146    .text.NMI_Handler:0000000000000000 NMI_Handler
     /tmp/ccNGCzZ1.s:211    .text._port_irq_epilogue:0000000000000000 $t
     /tmp/ccNGCzZ1.s:219    .text._port_irq_epilogue:0000000000000000 _port_irq_epilogue
     /tmp/ccNGCzZ1.s:312    .text._port_irq_epilogue:0000000000000054 $d
                     .debug_frame:0000000000000010 $d

UNDEFINED SYMBOLS
chSchIsPreemptionRequired
_port_switch_from_isr
_port_exit_from_isr
