ARM GAS  /tmp/ccUqcqgn.s 			page 1


   1              		.cpu cortex-m0
   2              		.eabi_attribute 20, 1
   3              		.eabi_attribute 21, 1
   4              		.eabi_attribute 23, 3
   5              		.eabi_attribute 24, 1
   6              		.eabi_attribute 25, 1
   7              		.eabi_attribute 26, 1
   8              		.eabi_attribute 30, 6
   9              		.eabi_attribute 34, 0
  10              		.eabi_attribute 18, 4
  11              		.file	"chmemcore.c"
  12              		.text
  13              	.Ltext0:
  14              		.cfi_sections	.debug_frame
  15              		.section	.text.port_lock,"ax",%progbits
  16              		.align	1
  17              		.p2align 4,,15
  18              		.syntax unified
  19              		.code	16
  20              		.thumb_func
  21              		.fpu softvfp
  22              		.type	port_lock, %function
  23              	port_lock:
  24              	.LFB38:
  25              		.file 1 "ChibiOS/os/rt/ports/ARMCMx/chcore_v6m.h"
  26              		.loc 1 330 0
  27              		.cfi_startproc
  28              		@ args = 0, pretend = 0, frame = 0
  29              		@ frame_needed = 0, uses_anonymous_args = 0
  30              		@ link register save eliminated.
  31              	.LBB6:
  32              	.LBB7:
  33              		.file 2 "ChibiOS/os/ext/CMSIS/include/core_cmFunc.h"
  34              		.loc 2 344 0
  35              		.syntax divided
  36              	@ 344 "ChibiOS/os/ext/CMSIS/include/core_cmFunc.h" 1
  37 0000 72B6     		cpsid i
  38              	@ 0 "" 2
  39              		.thumb
  40              		.syntax unified
  41              	.LBE7:
  42              	.LBE6:
  43              		.loc 1 333 0
  44 0002 C046     		nop
  45              		@ sp needed
  46 0004 7047     		bx	lr
  47              		.cfi_endproc
  48              	.LFE38:
  49              		.size	port_lock, .-port_lock
  50 0006 C046     		.section	.text.port_unlock,"ax",%progbits
  51              		.align	1
  52              		.p2align 4,,15
  53              		.syntax unified
  54              		.code	16
  55              		.thumb_func
  56              		.fpu softvfp
  57              		.type	port_unlock, %function
ARM GAS  /tmp/ccUqcqgn.s 			page 2


  58              	port_unlock:
  59              	.LFB39:
  60              		.loc 1 339 0
  61              		.cfi_startproc
  62              		@ args = 0, pretend = 0, frame = 0
  63              		@ frame_needed = 0, uses_anonymous_args = 0
  64              		@ link register save eliminated.
  65              	.LBB8:
  66              	.LBB9:
  67              		.loc 2 333 0
  68              		.syntax divided
  69              	@ 333 "ChibiOS/os/ext/CMSIS/include/core_cmFunc.h" 1
  70 0000 62B6     		cpsie i
  71              	@ 0 "" 2
  72              		.thumb
  73              		.syntax unified
  74              	.LBE9:
  75              	.LBE8:
  76              		.loc 1 342 0
  77 0002 C046     		nop
  78              		@ sp needed
  79 0004 7047     		bx	lr
  80              		.cfi_endproc
  81              	.LFE39:
  82              		.size	port_unlock, .-port_unlock
  83 0006 C046     		.section	.text.chSysLock,"ax",%progbits
  84              		.align	1
  85              		.p2align 4,,15
  86              		.syntax unified
  87              		.code	16
  88              		.thumb_func
  89              		.fpu softvfp
  90              		.type	chSysLock, %function
  91              	chSysLock:
  92              	.LFB77:
  93              		.file 3 "ChibiOS/os/rt/include/chsys.h"
  94              		.loc 3 346 0
  95              		.cfi_startproc
  96              		@ args = 0, pretend = 0, frame = 0
  97              		@ frame_needed = 0, uses_anonymous_args = 0
  98 0000 10B5     		push	{r4, lr}
  99              		.cfi_def_cfa_offset 8
 100              		.cfi_offset 4, -8
 101              		.cfi_offset 14, -4
 102              		.loc 3 348 0
 103 0002 FFF7FEFF 		bl	port_lock
 104              		.loc 3 350 0
 105 0006 FFF7FEFF 		bl	_dbg_check_lock
 106              		.loc 3 351 0
 107 000a C046     		nop
 108              		@ sp needed
 109 000c 10BD     		pop	{r4, pc}
 110              		.cfi_endproc
 111              	.LFE77:
 112              		.size	chSysLock, .-chSysLock
 113 000e C046     		.section	.text.chSysUnlock,"ax",%progbits
 114              		.align	1
ARM GAS  /tmp/ccUqcqgn.s 			page 3


 115              		.p2align 4,,15
 116              		.syntax unified
 117              		.code	16
 118              		.thumb_func
 119              		.fpu softvfp
 120              		.type	chSysUnlock, %function
 121              	chSysUnlock:
 122              	.LFB78:
 123              		.loc 3 358 0
 124              		.cfi_startproc
 125              		@ args = 0, pretend = 0, frame = 0
 126              		@ frame_needed = 0, uses_anonymous_args = 0
 127 0000 10B5     		push	{r4, lr}
 128              		.cfi_def_cfa_offset 8
 129              		.cfi_offset 4, -8
 130              		.cfi_offset 14, -4
 131              		.loc 3 360 0
 132 0002 FFF7FEFF 		bl	_dbg_check_unlock
 133              		.loc 3 367 0
 134 0006 0A4B     		ldr	r3, .L6
 135 0008 1A68     		ldr	r2, [r3]
 136 000a 094B     		ldr	r3, .L6
 137 000c 9A42     		cmp	r2, r3
 138 000e 0BD0     		beq	.L5
 139              		.loc 3 367 0 is_stmt 0 discriminator 2
 140 0010 074B     		ldr	r3, .L6
 141 0012 9B69     		ldr	r3, [r3, #24]
 142 0014 9A68     		ldr	r2, [r3, #8]
 143 0016 064B     		ldr	r3, .L6
 144 0018 1B68     		ldr	r3, [r3]
 145 001a 9B68     		ldr	r3, [r3, #8]
 146 001c 9A42     		cmp	r2, r3
 147 001e 03D2     		bcs	.L5
 148              		.loc 3 367 0 discriminator 3
 149 0020 044B     		ldr	r3, .L6+4
 150 0022 1800     		movs	r0, r3
 151 0024 FFF7FEFF 		bl	chSysHalt
 152              	.L5:
 153              		.loc 3 371 0 is_stmt 1
 154 0028 FFF7FEFF 		bl	port_unlock
 155              		.loc 3 372 0
 156 002c C046     		nop
 157              		@ sp needed
 158 002e 10BD     		pop	{r4, pc}
 159              	.L7:
 160              		.align	2
 161              	.L6:
 162 0030 00000000 		.word	ch
 163 0034 00000000 		.word	__func__.4993
 164              		.cfi_endproc
 165              	.LFE78:
 166              		.size	chSysUnlock, .-chSysUnlock
 167              		.section	.bss.nextmem,"aw",%nobits
 168              		.align	2
 169              		.type	nextmem, %object
 170              		.size	nextmem, 4
 171              	nextmem:
ARM GAS  /tmp/ccUqcqgn.s 			page 4


 172 0000 00000000 		.space	4
 173              		.section	.bss.endmem,"aw",%nobits
 174              		.align	2
 175              		.type	endmem, %object
 176              		.size	endmem, 4
 177              	endmem:
 178 0000 00000000 		.space	4
 179              		.section	.text._core_init,"ax",%progbits
 180              		.align	1
 181              		.p2align 4,,15
 182              		.global	_core_init
 183              		.syntax unified
 184              		.code	16
 185              		.thumb_func
 186              		.fpu softvfp
 187              		.type	_core_init, %function
 188              	_core_init:
 189              	.LFB152:
 190              		.file 4 "ChibiOS/os/rt/src/chmemcore.c"
 191              		.loc 4 78 0
 192              		.cfi_startproc
 193              		@ args = 0, pretend = 0, frame = 0
 194              		@ frame_needed = 0, uses_anonymous_args = 0
 195              		@ link register save eliminated.
 196              		.loc 4 84 0
 197 0000 074B     		ldr	r3, .L9
 198 0002 0733     		adds	r3, r3, #7
 199 0004 0722     		movs	r2, #7
 200 0006 9343     		bics	r3, r2
 201 0008 1A00     		movs	r2, r3
 202 000a 064B     		ldr	r3, .L9+4
 203 000c 1A60     		str	r2, [r3]
 204              		.loc 4 85 0
 205 000e 064B     		ldr	r3, .L9+8
 206 0010 0722     		movs	r2, #7
 207 0012 9343     		bics	r3, r2
 208 0014 1A00     		movs	r2, r3
 209 0016 054B     		ldr	r3, .L9+12
 210 0018 1A60     		str	r2, [r3]
 211              		.loc 4 95 0
 212 001a C046     		nop
 213              		@ sp needed
 214 001c 7047     		bx	lr
 215              	.L10:
 216 001e C046     		.align	2
 217              	.L9:
 218 0020 00000000 		.word	__heap_base__
 219 0024 00000000 		.word	nextmem
 220 0028 00000000 		.word	__heap_end__
 221 002c 00000000 		.word	endmem
 222              		.cfi_endproc
 223              	.LFE152:
 224              		.size	_core_init, .-_core_init
 225              		.section	.text.chCoreAlloc,"ax",%progbits
 226              		.align	1
 227              		.p2align 4,,15
 228              		.global	chCoreAlloc
ARM GAS  /tmp/ccUqcqgn.s 			page 5


 229              		.syntax unified
 230              		.code	16
 231              		.thumb_func
 232              		.fpu softvfp
 233              		.type	chCoreAlloc, %function
 234              	chCoreAlloc:
 235              	.LFB153:
 236              		.loc 4 109 0
 237              		.cfi_startproc
 238              		@ args = 0, pretend = 0, frame = 16
 239              		@ frame_needed = 0, uses_anonymous_args = 0
 240 0000 00B5     		push	{lr}
 241              		.cfi_def_cfa_offset 4
 242              		.cfi_offset 14, -4
 243 0002 85B0     		sub	sp, sp, #20
 244              		.cfi_def_cfa_offset 24
 245 0004 0190     		str	r0, [sp, #4]
 246              		.loc 4 112 0
 247 0006 FFF7FEFF 		bl	chSysLock
 248              		.loc 4 113 0
 249 000a 019B     		ldr	r3, [sp, #4]
 250 000c 1800     		movs	r0, r3
 251 000e FFF7FEFF 		bl	chCoreAllocI
 252 0012 0300     		movs	r3, r0
 253 0014 0393     		str	r3, [sp, #12]
 254              		.loc 4 114 0
 255 0016 FFF7FEFF 		bl	chSysUnlock
 256              		.loc 4 116 0
 257 001a 039B     		ldr	r3, [sp, #12]
 258              		.loc 4 117 0
 259 001c 1800     		movs	r0, r3
 260 001e 05B0     		add	sp, sp, #20
 261              		@ sp needed
 262 0020 00BD     		pop	{pc}
 263              		.cfi_endproc
 264              	.LFE153:
 265              		.size	chCoreAlloc, .-chCoreAlloc
 266 0022 C046     		.section	.text.chCoreAllocI,"ax",%progbits
 267              		.align	1
 268              		.p2align 4,,15
 269              		.global	chCoreAllocI
 270              		.syntax unified
 271              		.code	16
 272              		.thumb_func
 273              		.fpu softvfp
 274              		.type	chCoreAllocI, %function
 275              	chCoreAllocI:
 276              	.LFB154:
 277              		.loc 4 131 0
 278              		.cfi_startproc
 279              		@ args = 0, pretend = 0, frame = 16
 280              		@ frame_needed = 0, uses_anonymous_args = 0
 281 0000 00B5     		push	{lr}
 282              		.cfi_def_cfa_offset 4
 283              		.cfi_offset 14, -4
 284 0002 85B0     		sub	sp, sp, #20
 285              		.cfi_def_cfa_offset 24
ARM GAS  /tmp/ccUqcqgn.s 			page 6


 286 0004 0190     		str	r0, [sp, #4]
 287              		.loc 4 134 0
 288 0006 FFF7FEFF 		bl	chDbgCheckClassI
 289              		.loc 4 136 0
 290 000a 019B     		ldr	r3, [sp, #4]
 291 000c 0733     		adds	r3, r3, #7
 292 000e 0722     		movs	r2, #7
 293 0010 9343     		bics	r3, r2
 294 0012 0193     		str	r3, [sp, #4]
 295              		.loc 4 138 0
 296 0014 0C4B     		ldr	r3, .L16
 297 0016 1B68     		ldr	r3, [r3]
 298 0018 1A00     		movs	r2, r3
 299 001a 0C4B     		ldr	r3, .L16+4
 300 001c 1B68     		ldr	r3, [r3]
 301 001e D31A     		subs	r3, r2, r3
 302 0020 1A00     		movs	r2, r3
 303 0022 019B     		ldr	r3, [sp, #4]
 304 0024 9A42     		cmp	r2, r3
 305 0026 01D2     		bcs	.L14
 306              		.loc 4 140 0
 307 0028 0023     		movs	r3, #0
 308 002a 09E0     		b	.L15
 309              	.L14:
 310              		.loc 4 142 0
 311 002c 074B     		ldr	r3, .L16+4
 312 002e 1B68     		ldr	r3, [r3]
 313 0030 0393     		str	r3, [sp, #12]
 314              		.loc 4 143 0
 315 0032 064B     		ldr	r3, .L16+4
 316 0034 1A68     		ldr	r2, [r3]
 317 0036 019B     		ldr	r3, [sp, #4]
 318 0038 D218     		adds	r2, r2, r3
 319 003a 044B     		ldr	r3, .L16+4
 320 003c 1A60     		str	r2, [r3]
 321              		.loc 4 145 0
 322 003e 039B     		ldr	r3, [sp, #12]
 323              	.L15:
 324              		.loc 4 146 0
 325 0040 1800     		movs	r0, r3
 326 0042 05B0     		add	sp, sp, #20
 327              		@ sp needed
 328 0044 00BD     		pop	{pc}
 329              	.L17:
 330 0046 C046     		.align	2
 331              	.L16:
 332 0048 00000000 		.word	endmem
 333 004c 00000000 		.word	nextmem
 334              		.cfi_endproc
 335              	.LFE154:
 336              		.size	chCoreAllocI, .-chCoreAllocI
 337              		.section	.text.chCoreGetStatusX,"ax",%progbits
 338              		.align	1
 339              		.p2align 4,,15
 340              		.global	chCoreGetStatusX
 341              		.syntax unified
 342              		.code	16
ARM GAS  /tmp/ccUqcqgn.s 			page 7


 343              		.thumb_func
 344              		.fpu softvfp
 345              		.type	chCoreGetStatusX, %function
 346              	chCoreGetStatusX:
 347              	.LFB155:
 348              		.loc 4 155 0
 349              		.cfi_startproc
 350              		@ args = 0, pretend = 0, frame = 0
 351              		@ frame_needed = 0, uses_anonymous_args = 0
 352              		@ link register save eliminated.
 353              		.loc 4 158 0
 354 0000 034B     		ldr	r3, .L20
 355 0002 1B68     		ldr	r3, [r3]
 356 0004 1A00     		movs	r2, r3
 357 0006 034B     		ldr	r3, .L20+4
 358 0008 1B68     		ldr	r3, [r3]
 359 000a D31A     		subs	r3, r2, r3
 360              		.loc 4 160 0
 361 000c 1800     		movs	r0, r3
 362              		@ sp needed
 363 000e 7047     		bx	lr
 364              	.L21:
 365              		.align	2
 366              	.L20:
 367 0010 00000000 		.word	endmem
 368 0014 00000000 		.word	nextmem
 369              		.cfi_endproc
 370              	.LFE155:
 371              		.size	chCoreGetStatusX, .-chCoreGetStatusX
 372              		.section	.rodata.__func__.4993,"a",%progbits
 373              		.align	2
 374              		.type	__func__.4993, %object
 375              		.size	__func__.4993, 12
 376              	__func__.4993:
 377 0000 63685379 		.ascii	"chSysUnlock\000"
 377      73556E6C 
 377      6F636B00 
 378              		.text
 379              	.Letext0:
 380              		.file 5 "/home/felix/opt/gcc-arm-none-eabi-6-2017-q1-update/lib/gcc/arm-none-eabi/6.3.1/include/st
 381              		.file 6 "/home/felix/opt/gcc-arm-none-eabi-6-2017-q1-update/arm-none-eabi/include/machine/_default
 382              		.file 7 "/home/felix/opt/gcc-arm-none-eabi-6-2017-q1-update/arm-none-eabi/include/sys/_stdint.h"
 383              		.file 8 "ChibiOS/os/rt/ports/ARMCMx/compilers/GCC/chtypes.h"
 384              		.file 9 "ChibiOS/os/rt/include/chsystypes.h"
 385              		.file 10 "ChibiOS/os/rt/include/chschd.h"
 386              		.file 11 "ChibiOS/os/rt/ports/ARMCMx/chcore.h"
 387              		.file 12 "ChibiOS/os/rt/include/chdebug.h"
 388              		.file 13 "ChibiOS/os/rt/include/chsem.h"
 389              		.file 14 "ChibiOS/os/rt/include/chmtx.h"
 390              		.file 15 "ChibiOS/os/rt/include/chregistry.h"
 391              		.file 16 "ChibiOS/os/ext/CMSIS/ST/STM32F0xx/system_stm32f0xx.h"
 392              		.section	.debug_info,"",%progbits
 393              	.Ldebug_info0:
 394 0000 7C090000 		.4byte	0x97c
 395 0004 0400     		.2byte	0x4
 396 0006 00000000 		.4byte	.Ldebug_abbrev0
 397 000a 04       		.byte	0x4
ARM GAS  /tmp/ccUqcqgn.s 			page 8


 398 000b 01       		.uleb128 0x1
 399 000c 98020000 		.4byte	.LASF149
 400 0010 0C       		.byte	0xc
 401 0011 5F040000 		.4byte	.LASF150
 402 0015 58010000 		.4byte	.LASF151
 403 0019 00000000 		.4byte	.Ldebug_ranges0+0
 404 001d 00000000 		.4byte	0
 405 0021 00000000 		.4byte	.Ldebug_line0
 406 0025 02       		.uleb128 0x2
 407 0026 04       		.byte	0x4
 408 0027 05       		.byte	0x5
 409 0028 696E7400 		.ascii	"int\000"
 410 002c 03       		.uleb128 0x3
 411 002d 59020000 		.4byte	.LASF4
 412 0031 05       		.byte	0x5
 413 0032 D8       		.byte	0xd8
 414 0033 37000000 		.4byte	0x37
 415 0037 04       		.uleb128 0x4
 416 0038 04       		.byte	0x4
 417 0039 07       		.byte	0x7
 418 003a 88000000 		.4byte	.LASF0
 419 003e 04       		.uleb128 0x4
 420 003f 08       		.byte	0x8
 421 0040 05       		.byte	0x5
 422 0041 3D040000 		.4byte	.LASF1
 423 0045 04       		.uleb128 0x4
 424 0046 08       		.byte	0x8
 425 0047 04       		.byte	0x4
 426 0048 FE040000 		.4byte	.LASF2
 427 004c 04       		.uleb128 0x4
 428 004d 01       		.byte	0x1
 429 004e 06       		.byte	0x6
 430 004f BB060000 		.4byte	.LASF3
 431 0053 03       		.uleb128 0x3
 432 0054 C3050000 		.4byte	.LASF5
 433 0058 06       		.byte	0x6
 434 0059 2B       		.byte	0x2b
 435 005a 5E000000 		.4byte	0x5e
 436 005e 04       		.uleb128 0x4
 437 005f 01       		.byte	0x1
 438 0060 08       		.byte	0x8
 439 0061 52060000 		.4byte	.LASF6
 440 0065 04       		.uleb128 0x4
 441 0066 02       		.byte	0x2
 442 0067 05       		.byte	0x5
 443 0068 3C050000 		.4byte	.LASF7
 444 006c 03       		.uleb128 0x3
 445 006d EB010000 		.4byte	.LASF8
 446 0071 06       		.byte	0x6
 447 0072 39       		.byte	0x39
 448 0073 77000000 		.4byte	0x77
 449 0077 04       		.uleb128 0x4
 450 0078 02       		.byte	0x2
 451 0079 07       		.byte	0x7
 452 007a D4060000 		.4byte	.LASF9
 453 007e 03       		.uleb128 0x3
 454 007f A4000000 		.4byte	.LASF10
ARM GAS  /tmp/ccUqcqgn.s 			page 9


 455 0083 06       		.byte	0x6
 456 0084 4D       		.byte	0x4d
 457 0085 89000000 		.4byte	0x89
 458 0089 04       		.uleb128 0x4
 459 008a 04       		.byte	0x4
 460 008b 05       		.byte	0x5
 461 008c 63050000 		.4byte	.LASF11
 462 0090 03       		.uleb128 0x3
 463 0091 60060000 		.4byte	.LASF12
 464 0095 06       		.byte	0x6
 465 0096 4F       		.byte	0x4f
 466 0097 9B000000 		.4byte	0x9b
 467 009b 04       		.uleb128 0x4
 468 009c 04       		.byte	0x4
 469 009d 07       		.byte	0x7
 470 009e F3050000 		.4byte	.LASF13
 471 00a2 03       		.uleb128 0x3
 472 00a3 6F030000 		.4byte	.LASF14
 473 00a7 06       		.byte	0x6
 474 00a8 69       		.byte	0x69
 475 00a9 AD000000 		.4byte	0xad
 476 00ad 04       		.uleb128 0x4
 477 00ae 08       		.byte	0x8
 478 00af 07       		.byte	0x7
 479 00b0 CA010000 		.4byte	.LASF15
 480 00b4 03       		.uleb128 0x3
 481 00b5 F8030000 		.4byte	.LASF16
 482 00b9 07       		.byte	0x7
 483 00ba 18       		.byte	0x18
 484 00bb 53000000 		.4byte	0x53
 485 00bf 03       		.uleb128 0x3
 486 00c0 0A050000 		.4byte	.LASF17
 487 00c4 07       		.byte	0x7
 488 00c5 24       		.byte	0x24
 489 00c6 6C000000 		.4byte	0x6c
 490 00ca 03       		.uleb128 0x3
 491 00cb 1F060000 		.4byte	.LASF18
 492 00cf 07       		.byte	0x7
 493 00d0 2C       		.byte	0x2c
 494 00d1 7E000000 		.4byte	0x7e
 495 00d5 03       		.uleb128 0x3
 496 00d6 75010000 		.4byte	.LASF19
 497 00da 07       		.byte	0x7
 498 00db 30       		.byte	0x30
 499 00dc 90000000 		.4byte	0x90
 500 00e0 03       		.uleb128 0x3
 501 00e1 96050000 		.4byte	.LASF20
 502 00e5 07       		.byte	0x7
 503 00e6 3C       		.byte	0x3c
 504 00e7 A2000000 		.4byte	0xa2
 505 00eb 03       		.uleb128 0x3
 506 00ec E3040000 		.4byte	.LASF21
 507 00f0 08       		.byte	0x8
 508 00f1 3C       		.byte	0x3c
 509 00f2 B4000000 		.4byte	0xb4
 510 00f6 03       		.uleb128 0x3
 511 00f7 CE030000 		.4byte	.LASF22
ARM GAS  /tmp/ccUqcqgn.s 			page 10


 512 00fb 08       		.byte	0x8
 513 00fc 3D       		.byte	0x3d
 514 00fd B4000000 		.4byte	0xb4
 515 0101 03       		.uleb128 0x3
 516 0102 EB050000 		.4byte	.LASF23
 517 0106 08       		.byte	0x8
 518 0107 3E       		.byte	0x3e
 519 0108 B4000000 		.4byte	0xb4
 520 010c 03       		.uleb128 0x3
 521 010d B1010000 		.4byte	.LASF24
 522 0111 08       		.byte	0x8
 523 0112 40       		.byte	0x40
 524 0113 D5000000 		.4byte	0xd5
 525 0117 03       		.uleb128 0x3
 526 0118 85040000 		.4byte	.LASF25
 527 011c 08       		.byte	0x8
 528 011d 41       		.byte	0x41
 529 011e CA000000 		.4byte	0xca
 530 0122 03       		.uleb128 0x3
 531 0123 8A010000 		.4byte	.LASF26
 532 0127 08       		.byte	0x8
 533 0128 43       		.byte	0x43
 534 0129 D5000000 		.4byte	0xd5
 535 012d 03       		.uleb128 0x3
 536 012e F6010000 		.4byte	.LASF27
 537 0132 08       		.byte	0x8
 538 0133 45       		.byte	0x45
 539 0134 CA000000 		.4byte	0xca
 540 0138 03       		.uleb128 0x3
 541 0139 56000000 		.4byte	.LASF28
 542 013d 09       		.byte	0x9
 543 013e 35       		.byte	0x35
 544 013f BF000000 		.4byte	0xbf
 545 0143 03       		.uleb128 0x3
 546 0144 37020000 		.4byte	.LASF29
 547 0148 09       		.byte	0x9
 548 0149 3F       		.byte	0x3f
 549 014a 4E010000 		.4byte	0x14e
 550 014e 05       		.uleb128 0x5
 551 014f 1C040000 		.4byte	.LASF50
 552 0153 48       		.byte	0x48
 553 0154 0A       		.byte	0xa
 554 0155 C2       		.byte	0xc2
 555 0156 47020000 		.4byte	0x247
 556 015a 06       		.uleb128 0x6
 557 015b 8F050000 		.4byte	.LASF30
 558 015f 0A       		.byte	0xa
 559 0160 C3       		.byte	0xc3
 560 0161 52020000 		.4byte	0x252
 561 0165 00       		.byte	0
 562 0166 06       		.uleb128 0x6
 563 0167 DB050000 		.4byte	.LASF31
 564 016b 0A       		.byte	0xa
 565 016c C5       		.byte	0xc5
 566 016d 52020000 		.4byte	0x252
 567 0171 04       		.byte	0x4
 568 0172 06       		.uleb128 0x6
ARM GAS  /tmp/ccUqcqgn.s 			page 11


 569 0173 4F000000 		.4byte	.LASF32
 570 0177 0A       		.byte	0xa
 571 0178 C7       		.byte	0xc7
 572 0179 0C010000 		.4byte	0x10c
 573 017d 08       		.byte	0x8
 574 017e 06       		.uleb128 0x6
 575 017f 9F050000 		.4byte	.LASF33
 576 0183 0A       		.byte	0xa
 577 0184 C8       		.byte	0xc8
 578 0185 AB040000 		.4byte	0x4ab
 579 0189 0C       		.byte	0xc
 580 018a 06       		.uleb128 0x6
 581 018b 10020000 		.4byte	.LASF34
 582 018f 0A       		.byte	0xa
 583 0190 CA       		.byte	0xca
 584 0191 52020000 		.4byte	0x252
 585 0195 10       		.byte	0x10
 586 0196 06       		.uleb128 0x6
 587 0197 DD030000 		.4byte	.LASF35
 588 019b 0A       		.byte	0xa
 589 019c CB       		.byte	0xcb
 590 019d 52020000 		.4byte	0x252
 591 01a1 14       		.byte	0x14
 592 01a2 06       		.uleb128 0x6
 593 01a3 9F030000 		.4byte	.LASF36
 594 01a7 0A       		.byte	0xa
 595 01a8 D2       		.byte	0xd2
 596 01a9 94060000 		.4byte	0x694
 597 01ad 18       		.byte	0x18
 598 01ae 06       		.uleb128 0x6
 599 01af ED030000 		.4byte	.LASF37
 600 01b3 0A       		.byte	0xa
 601 01b4 D8       		.byte	0xd8
 602 01b5 AB060000 		.4byte	0x6ab
 603 01b9 1C       		.byte	0x1c
 604 01ba 06       		.uleb128 0x6
 605 01bb E5030000 		.4byte	.LASF38
 606 01bf 0A       		.byte	0xa
 607 01c0 DD       		.byte	0xdd
 608 01c1 F6000000 		.4byte	0xf6
 609 01c5 20       		.byte	0x20
 610 01c6 06       		.uleb128 0x6
 611 01c7 93040000 		.4byte	.LASF39
 612 01cb 0A       		.byte	0xa
 613 01cc E1       		.byte	0xe1
 614 01cd EB000000 		.4byte	0xeb
 615 01d1 21       		.byte	0x21
 616 01d2 06       		.uleb128 0x6
 617 01d3 81060000 		.4byte	.LASF40
 618 01d7 0A       		.byte	0xa
 619 01d8 E6       		.byte	0xe6
 620 01d9 01010000 		.4byte	0x101
 621 01dd 22       		.byte	0x22
 622 01de 07       		.uleb128 0x7
 623 01df 705F7500 		.ascii	"p_u\000"
 624 01e3 0A       		.byte	0xa
 625 01e4 3101     		.2byte	0x131
ARM GAS  /tmp/ccUqcqgn.s 			page 12


 626 01e6 CF050000 		.4byte	0x5cf
 627 01ea 24       		.byte	0x24
 628 01eb 08       		.uleb128 0x8
 629 01ec 20000000 		.4byte	.LASF41
 630 01f0 0A       		.byte	0xa
 631 01f1 3601     		.2byte	0x136
 632 01f3 58020000 		.4byte	0x258
 633 01f7 28       		.byte	0x28
 634 01f8 08       		.uleb128 0x8
 635 01f9 7D000000 		.4byte	.LASF42
 636 01fd 0A       		.byte	0xa
 637 01fe 3C01     		.2byte	0x13c
 638 0200 7C020000 		.4byte	0x27c
 639 0204 2C       		.byte	0x2c
 640 0205 08       		.uleb128 0x8
 641 0206 DD040000 		.4byte	.LASF43
 642 020a 0A       		.byte	0xa
 643 020b 4001     		.2byte	0x140
 644 020d 17010000 		.4byte	0x117
 645 0211 34       		.byte	0x34
 646 0212 08       		.uleb128 0x8
 647 0213 50050000 		.4byte	.LASF44
 648 0217 0A       		.byte	0xa
 649 0218 4601     		.2byte	0x146
 650 021a 22010000 		.4byte	0x122
 651 021e 38       		.byte	0x38
 652 021f 08       		.uleb128 0x8
 653 0220 12040000 		.4byte	.LASF45
 654 0224 0A       		.byte	0xa
 655 0225 4D01     		.2byte	0x14d
 656 0227 8E060000 		.4byte	0x68e
 657 022b 3C       		.byte	0x3c
 658 022c 08       		.uleb128 0x8
 659 022d 26050000 		.4byte	.LASF46
 660 0231 0A       		.byte	0xa
 661 0232 5101     		.2byte	0x151
 662 0234 0C010000 		.4byte	0x10c
 663 0238 40       		.byte	0x40
 664 0239 08       		.uleb128 0x8
 665 023a 0A040000 		.4byte	.LASF47
 666 023e 0A       		.byte	0xa
 667 023f 5801     		.2byte	0x158
 668 0241 2F030000 		.4byte	0x32f
 669 0245 44       		.byte	0x44
 670 0246 00       		.byte	0
 671 0247 03       		.uleb128 0x3
 672 0248 AF030000 		.4byte	.LASF48
 673 024c 09       		.byte	0x9
 674 024d 44       		.byte	0x44
 675 024e 52020000 		.4byte	0x252
 676 0252 09       		.uleb128 0x9
 677 0253 04       		.byte	0x4
 678 0254 43010000 		.4byte	0x143
 679 0258 03       		.uleb128 0x3
 680 0259 95000000 		.4byte	.LASF49
 681 025d 09       		.byte	0x9
 682 025e 49       		.byte	0x49
ARM GAS  /tmp/ccUqcqgn.s 			page 13


 683 025f 63020000 		.4byte	0x263
 684 0263 05       		.uleb128 0x5
 685 0264 00000000 		.4byte	.LASF51
 686 0268 04       		.byte	0x4
 687 0269 0A       		.byte	0xa
 688 026a B0       		.byte	0xb0
 689 026b 7C020000 		.4byte	0x27c
 690 026f 06       		.uleb128 0x6
 691 0270 8F050000 		.4byte	.LASF30
 692 0274 0A       		.byte	0xa
 693 0275 B1       		.byte	0xb1
 694 0276 52020000 		.4byte	0x252
 695 027a 00       		.byte	0
 696 027b 00       		.byte	0
 697 027c 03       		.uleb128 0x3
 698 027d 10000000 		.4byte	.LASF52
 699 0281 09       		.byte	0x9
 700 0282 50       		.byte	0x50
 701 0283 87020000 		.4byte	0x287
 702 0287 05       		.uleb128 0x5
 703 0288 0C010000 		.4byte	.LASF53
 704 028c 08       		.byte	0x8
 705 028d 0A       		.byte	0xa
 706 028e B7       		.byte	0xb7
 707 028f AC020000 		.4byte	0x2ac
 708 0293 06       		.uleb128 0x6
 709 0294 8F050000 		.4byte	.LASF30
 710 0298 0A       		.byte	0xa
 711 0299 B8       		.byte	0xb8
 712 029a 52020000 		.4byte	0x252
 713 029e 00       		.byte	0
 714 029f 06       		.uleb128 0x6
 715 02a0 DB050000 		.4byte	.LASF31
 716 02a4 0A       		.byte	0xa
 717 02a5 B9       		.byte	0xb9
 718 02a6 52020000 		.4byte	0x252
 719 02aa 04       		.byte	0x4
 720 02ab 00       		.byte	0
 721 02ac 03       		.uleb128 0x3
 722 02ad 12060000 		.4byte	.LASF54
 723 02b1 09       		.byte	0x9
 724 02b2 57       		.byte	0x57
 725 02b3 B7020000 		.4byte	0x2b7
 726 02b7 0A       		.uleb128 0xa
 727 02b8 DB000000 		.4byte	.LASF55
 728 02bc 1C       		.byte	0x1c
 729 02bd 0A       		.byte	0xa
 730 02be 9001     		.2byte	0x190
 731 02c0 13030000 		.4byte	0x313
 732 02c4 08       		.uleb128 0x8
 733 02c5 57040000 		.4byte	.LASF56
 734 02c9 0A       		.byte	0xa
 735 02ca 9101     		.2byte	0x191
 736 02cc 7C020000 		.4byte	0x27c
 737 02d0 00       		.byte	0
 738 02d1 08       		.uleb128 0x8
 739 02d2 96010000 		.4byte	.LASF57
ARM GAS  /tmp/ccUqcqgn.s 			page 14


 740 02d6 0A       		.byte	0xa
 741 02d7 9201     		.2byte	0x192
 742 02d9 0C010000 		.4byte	0x10c
 743 02dd 08       		.byte	0x8
 744 02de 08       		.uleb128 0x8
 745 02df E7060000 		.4byte	.LASF58
 746 02e3 0A       		.byte	0xa
 747 02e4 9401     		.2byte	0x194
 748 02e6 AB040000 		.4byte	0x4ab
 749 02ea 0C       		.byte	0xc
 750 02eb 08       		.uleb128 0x8
 751 02ec 7D040000 		.4byte	.LASF59
 752 02f0 0A       		.byte	0xa
 753 02f1 9701     		.2byte	0x197
 754 02f3 52020000 		.4byte	0x252
 755 02f7 10       		.byte	0x10
 756 02f8 08       		.uleb128 0x8
 757 02f9 CB040000 		.4byte	.LASF60
 758 02fd 0A       		.byte	0xa
 759 02fe 9801     		.2byte	0x198
 760 0300 52020000 		.4byte	0x252
 761 0304 14       		.byte	0x14
 762 0305 08       		.uleb128 0x8
 763 0306 46050000 		.4byte	.LASF61
 764 030a 0A       		.byte	0xa
 765 030b 9B01     		.2byte	0x19b
 766 030d 52020000 		.4byte	0x252
 767 0311 18       		.byte	0x18
 768 0312 00       		.byte	0
 769 0313 03       		.uleb128 0x3
 770 0314 28010000 		.4byte	.LASF62
 771 0318 09       		.byte	0x9
 772 0319 5C       		.byte	0x5c
 773 031a 1E030000 		.4byte	0x31e
 774 031e 09       		.uleb128 0x9
 775 031f 04       		.byte	0x4
 776 0320 24030000 		.4byte	0x324
 777 0324 0B       		.uleb128 0xb
 778 0325 2F030000 		.4byte	0x32f
 779 0329 0C       		.uleb128 0xc
 780 032a 2F030000 		.4byte	0x32f
 781 032e 00       		.byte	0
 782 032f 0D       		.uleb128 0xd
 783 0330 04       		.byte	0x4
 784 0331 03       		.uleb128 0x3
 785 0332 9B040000 		.4byte	.LASF63
 786 0336 09       		.byte	0x9
 787 0337 61       		.byte	0x61
 788 0338 3C030000 		.4byte	0x33c
 789 033c 0A       		.uleb128 0xa
 790 033d B9010000 		.4byte	.LASF64
 791 0341 14       		.byte	0x14
 792 0342 0A       		.byte	0xa
 793 0343 6B01     		.2byte	0x16b
 794 0345 8B030000 		.4byte	0x38b
 795 0349 08       		.uleb128 0x8
 796 034a 88060000 		.4byte	.LASF65
ARM GAS  /tmp/ccUqcqgn.s 			page 15


 797 034e 0A       		.byte	0xa
 798 034f 6C01     		.2byte	0x16c
 799 0351 B1060000 		.4byte	0x6b1
 800 0355 00       		.byte	0
 801 0356 08       		.uleb128 0x8
 802 0357 25070000 		.4byte	.LASF66
 803 035b 0A       		.byte	0xa
 804 035c 6D01     		.2byte	0x16d
 805 035e B1060000 		.4byte	0x6b1
 806 0362 04       		.byte	0x4
 807 0363 08       		.uleb128 0x8
 808 0364 A6030000 		.4byte	.LASF67
 809 0368 0A       		.byte	0xa
 810 0369 6E01     		.2byte	0x16e
 811 036b 38010000 		.4byte	0x138
 812 036f 08       		.byte	0x8
 813 0370 08       		.uleb128 0x8
 814 0371 11070000 		.4byte	.LASF68
 815 0375 0A       		.byte	0xa
 816 0376 6F01     		.2byte	0x16f
 817 0378 13030000 		.4byte	0x313
 818 037c 0C       		.byte	0xc
 819 037d 08       		.uleb128 0x8
 820 037e 9D010000 		.4byte	.LASF69
 821 0382 0A       		.byte	0xa
 822 0383 7101     		.2byte	0x171
 823 0385 2F030000 		.4byte	0x32f
 824 0389 10       		.byte	0x10
 825 038a 00       		.byte	0
 826 038b 03       		.uleb128 0x3
 827 038c 6B060000 		.4byte	.LASF70
 828 0390 09       		.byte	0x9
 829 0391 66       		.byte	0x66
 830 0392 96030000 		.4byte	0x396
 831 0396 0A       		.uleb128 0xa
 832 0397 18020000 		.4byte	.LASF71
 833 039b 0C       		.byte	0xc
 834 039c 0A       		.byte	0xa
 835 039d 7B01     		.2byte	0x17b
 836 039f D8030000 		.4byte	0x3d8
 837 03a3 08       		.uleb128 0x8
 838 03a4 88060000 		.4byte	.LASF65
 839 03a8 0A       		.byte	0xa
 840 03a9 7C01     		.2byte	0x17c
 841 03ab B1060000 		.4byte	0x6b1
 842 03af 00       		.byte	0
 843 03b0 08       		.uleb128 0x8
 844 03b1 25070000 		.4byte	.LASF66
 845 03b5 0A       		.byte	0xa
 846 03b6 7E01     		.2byte	0x17e
 847 03b8 B1060000 		.4byte	0x6b1
 848 03bc 04       		.byte	0x4
 849 03bd 08       		.uleb128 0x8
 850 03be A6030000 		.4byte	.LASF67
 851 03c2 0A       		.byte	0xa
 852 03c3 8001     		.2byte	0x180
 853 03c5 38010000 		.4byte	0x138
ARM GAS  /tmp/ccUqcqgn.s 			page 16


 854 03c9 08       		.byte	0x8
 855 03ca 08       		.uleb128 0x8
 856 03cb C2030000 		.4byte	.LASF72
 857 03cf 0A       		.byte	0xa
 858 03d0 8801     		.2byte	0x188
 859 03d2 38010000 		.4byte	0x138
 860 03d6 0A       		.byte	0xa
 861 03d7 00       		.byte	0
 862 03d8 03       		.uleb128 0x3
 863 03d9 2E040000 		.4byte	.LASF73
 864 03dd 09       		.byte	0x9
 865 03de 6B       		.byte	0x6b
 866 03df E3030000 		.4byte	0x3e3
 867 03e3 0E       		.uleb128 0xe
 868 03e4 48010000 		.4byte	.LASF74
 869 03e8 1404     		.2byte	0x414
 870 03ea 0A       		.byte	0xa
 871 03eb A201     		.2byte	0x1a2
 872 03ed 26040000 		.4byte	0x426
 873 03f1 08       		.uleb128 0x8
 874 03f2 D3040000 		.4byte	.LASF75
 875 03f6 0A       		.byte	0xa
 876 03f7 AA01     		.2byte	0x1aa
 877 03f9 9A060000 		.4byte	0x69a
 878 03fd 00       		.byte	0
 879 03fe 08       		.uleb128 0x8
 880 03ff 08020000 		.4byte	.LASF76
 881 0403 0A       		.byte	0xa
 882 0404 AF01     		.2byte	0x1af
 883 0406 2D010000 		.4byte	0x12d
 884 040a 04       		.byte	0x4
 885 040b 08       		.uleb128 0x8
 886 040c 1D050000 		.4byte	.LASF77
 887 0410 0A       		.byte	0xa
 888 0411 B301     		.2byte	0x1b3
 889 0413 2D010000 		.4byte	0x12d
 890 0417 08       		.byte	0x8
 891 0418 08       		.uleb128 0x8
 892 0419 27060000 		.4byte	.LASF78
 893 041d 0A       		.byte	0xa
 894 041e B901     		.2byte	0x1b9
 895 0420 C4050000 		.4byte	0x5c4
 896 0424 0C       		.byte	0xc
 897 0425 00       		.byte	0
 898 0426 03       		.uleb128 0x3
 899 0427 90060000 		.4byte	.LASF79
 900 042b 09       		.byte	0x9
 901 042c 70       		.byte	0x70
 902 042d 31040000 		.4byte	0x431
 903 0431 0E       		.uleb128 0xe
 904 0432 85050000 		.4byte	.LASF80
 905 0436 6805     		.2byte	0x568
 906 0438 0A       		.byte	0xa
 907 0439 C201     		.2byte	0x1c2
 908 043b 83040000 		.4byte	0x483
 909 043f 08       		.uleb128 0x8
 910 0440 A5050000 		.4byte	.LASF81
ARM GAS  /tmp/ccUqcqgn.s 			page 17


 911 0444 0A       		.byte	0xa
 912 0445 C601     		.2byte	0x1c6
 913 0447 AC020000 		.4byte	0x2ac
 914 044b 00       		.byte	0
 915 044c 08       		.uleb128 0x8
 916 044d D4000000 		.4byte	.LASF82
 917 0451 0A       		.byte	0xa
 918 0452 CA01     		.2byte	0x1ca
 919 0454 8B030000 		.4byte	0x38b
 920 0458 1C       		.byte	0x1c
 921 0459 07       		.uleb128 0x7
 922 045a 64626700 		.ascii	"dbg\000"
 923 045e 0A       		.byte	0xa
 924 045f CE01     		.2byte	0x1ce
 925 0461 D8030000 		.4byte	0x3d8
 926 0465 28       		.byte	0x28
 927 0466 0F       		.uleb128 0xf
 928 0467 F3040000 		.4byte	.LASF83
 929 046b 0A       		.byte	0xa
 930 046c D201     		.2byte	0x1d2
 931 046e 43010000 		.4byte	0x143
 932 0472 3C04     		.2byte	0x43c
 933 0474 0F       		.uleb128 0xf
 934 0475 E9000000 		.4byte	.LASF84
 935 0479 0A       		.byte	0xa
 936 047a E301     		.2byte	0x1e3
 937 047c B7060000 		.4byte	0x6b7
 938 0480 8804     		.2byte	0x488
 939 0482 00       		.byte	0
 940 0483 04       		.uleb128 0x4
 941 0484 04       		.byte	0x4
 942 0485 07       		.byte	0x7
 943 0486 E2050000 		.4byte	.LASF85
 944 048a 10       		.uleb128 0x10
 945 048b 2A000000 		.4byte	.LASF114
 946 048f 10       		.byte	0x10
 947 0490 4C       		.byte	0x4c
 948 0491 D5000000 		.4byte	0xd5
 949 0495 03       		.uleb128 0x3
 950 0496 46000000 		.4byte	.LASF86
 951 049a 0B       		.byte	0xb
 952 049b 65       		.byte	0x65
 953 049c 2F030000 		.4byte	0x32f
 954 04a0 03       		.uleb128 0x3
 955 04a1 ED060000 		.4byte	.LASF87
 956 04a5 0B       		.byte	0xb
 957 04a6 6D       		.byte	0x6d
 958 04a7 E0000000 		.4byte	0xe0
 959 04ab 05       		.uleb128 0x5
 960 04ac 8B040000 		.4byte	.LASF88
 961 04b0 04       		.byte	0x4
 962 04b1 0B       		.byte	0xb
 963 04b2 89       		.byte	0x89
 964 04b3 C4040000 		.4byte	0x4c4
 965 04b7 11       		.uleb128 0x11
 966 04b8 72313300 		.ascii	"r13\000"
 967 04bc 0B       		.byte	0xb
ARM GAS  /tmp/ccUqcqgn.s 			page 18


 968 04bd 8A       		.byte	0x8a
 969 04be 36050000 		.4byte	0x536
 970 04c2 00       		.byte	0
 971 04c3 00       		.byte	0
 972 04c4 05       		.uleb128 0x5
 973 04c5 6C050000 		.4byte	.LASF89
 974 04c9 24       		.byte	0x24
 975 04ca 01       		.byte	0x1
 976 04cb A4       		.byte	0xa4
 977 04cc 36050000 		.4byte	0x536
 978 04d0 11       		.uleb128 0x11
 979 04d1 723800   		.ascii	"r8\000"
 980 04d4 01       		.byte	0x1
 981 04d5 A5       		.byte	0xa5
 982 04d6 95040000 		.4byte	0x495
 983 04da 00       		.byte	0
 984 04db 11       		.uleb128 0x11
 985 04dc 723900   		.ascii	"r9\000"
 986 04df 01       		.byte	0x1
 987 04e0 A6       		.byte	0xa6
 988 04e1 95040000 		.4byte	0x495
 989 04e5 04       		.byte	0x4
 990 04e6 11       		.uleb128 0x11
 991 04e7 72313000 		.ascii	"r10\000"
 992 04eb 01       		.byte	0x1
 993 04ec A7       		.byte	0xa7
 994 04ed 95040000 		.4byte	0x495
 995 04f1 08       		.byte	0x8
 996 04f2 11       		.uleb128 0x11
 997 04f3 72313100 		.ascii	"r11\000"
 998 04f7 01       		.byte	0x1
 999 04f8 A8       		.byte	0xa8
 1000 04f9 95040000 		.4byte	0x495
 1001 04fd 0C       		.byte	0xc
 1002 04fe 11       		.uleb128 0x11
 1003 04ff 723400   		.ascii	"r4\000"
 1004 0502 01       		.byte	0x1
 1005 0503 A9       		.byte	0xa9
 1006 0504 95040000 		.4byte	0x495
 1007 0508 10       		.byte	0x10
 1008 0509 11       		.uleb128 0x11
 1009 050a 723500   		.ascii	"r5\000"
 1010 050d 01       		.byte	0x1
 1011 050e AA       		.byte	0xaa
 1012 050f 95040000 		.4byte	0x495
 1013 0513 14       		.byte	0x14
 1014 0514 11       		.uleb128 0x11
 1015 0515 723600   		.ascii	"r6\000"
 1016 0518 01       		.byte	0x1
 1017 0519 AB       		.byte	0xab
 1018 051a 95040000 		.4byte	0x495
 1019 051e 18       		.byte	0x18
 1020 051f 11       		.uleb128 0x11
 1021 0520 723700   		.ascii	"r7\000"
 1022 0523 01       		.byte	0x1
 1023 0524 AC       		.byte	0xac
 1024 0525 95040000 		.4byte	0x495
ARM GAS  /tmp/ccUqcqgn.s 			page 19


 1025 0529 1C       		.byte	0x1c
 1026 052a 11       		.uleb128 0x11
 1027 052b 6C7200   		.ascii	"lr\000"
 1028 052e 01       		.byte	0x1
 1029 052f AD       		.byte	0xad
 1030 0530 95040000 		.4byte	0x495
 1031 0534 20       		.byte	0x20
 1032 0535 00       		.byte	0
 1033 0536 09       		.uleb128 0x9
 1034 0537 04       		.byte	0x4
 1035 0538 C4040000 		.4byte	0x4c4
 1036 053c 12       		.uleb128 0x12
 1037 053d 10       		.byte	0x10
 1038 053e 0C       		.byte	0xc
 1039 053f 51       		.byte	0x51
 1040 0540 75050000 		.4byte	0x575
 1041 0544 06       		.uleb128 0x6
 1042 0545 2F020000 		.4byte	.LASF90
 1043 0549 0C       		.byte	0xc
 1044 054a 55       		.byte	0x55
 1045 054b 38010000 		.4byte	0x138
 1046 054f 00       		.byte	0
 1047 0550 06       		.uleb128 0x6
 1048 0551 D7030000 		.4byte	.LASF91
 1049 0555 0C       		.byte	0xc
 1050 0556 59       		.byte	0x59
 1051 0557 52020000 		.4byte	0x252
 1052 055b 04       		.byte	0x4
 1053 055c 06       		.uleb128 0x6
 1054 055d E1010000 		.4byte	.LASF92
 1055 0561 0C       		.byte	0xc
 1056 0562 5D       		.byte	0x5d
 1057 0563 2F030000 		.4byte	0x32f
 1058 0567 08       		.byte	0x8
 1059 0568 06       		.uleb128 0x6
 1060 0569 AE000000 		.4byte	.LASF93
 1061 056d 0C       		.byte	0xc
 1062 056e 61       		.byte	0x61
 1063 056f B4000000 		.4byte	0xb4
 1064 0573 0C       		.byte	0xc
 1065 0574 00       		.byte	0
 1066 0575 03       		.uleb128 0x3
 1067 0576 3B060000 		.4byte	.LASF94
 1068 057a 0C       		.byte	0xc
 1069 057b 62       		.byte	0x62
 1070 057c 3C050000 		.4byte	0x53c
 1071 0580 13       		.uleb128 0x13
 1072 0581 0804     		.2byte	0x408
 1073 0583 0C       		.byte	0xc
 1074 0584 67       		.byte	0x67
 1075 0585 AE050000 		.4byte	0x5ae
 1076 0589 06       		.uleb128 0x6
 1077 058a 26040000 		.4byte	.LASF95
 1078 058e 0C       		.byte	0xc
 1079 058f 6B       		.byte	0x6b
 1080 0590 37000000 		.4byte	0x37
 1081 0594 00       		.byte	0
ARM GAS  /tmp/ccUqcqgn.s 			page 20


 1082 0595 06       		.uleb128 0x6
 1083 0596 C4040000 		.4byte	.LASF96
 1084 059a 0C       		.byte	0xc
 1085 059b 6F       		.byte	0x6f
 1086 059c AE050000 		.4byte	0x5ae
 1087 05a0 04       		.byte	0x4
 1088 05a1 06       		.uleb128 0x6
 1089 05a2 00040000 		.4byte	.LASF97
 1090 05a6 0C       		.byte	0xc
 1091 05a7 73       		.byte	0x73
 1092 05a8 B4050000 		.4byte	0x5b4
 1093 05ac 08       		.byte	0x8
 1094 05ad 00       		.byte	0
 1095 05ae 09       		.uleb128 0x9
 1096 05af 04       		.byte	0x4
 1097 05b0 75050000 		.4byte	0x575
 1098 05b4 14       		.uleb128 0x14
 1099 05b5 75050000 		.4byte	0x575
 1100 05b9 C4050000 		.4byte	0x5c4
 1101 05bd 15       		.uleb128 0x15
 1102 05be 83040000 		.4byte	0x483
 1103 05c2 3F       		.byte	0x3f
 1104 05c3 00       		.byte	0
 1105 05c4 03       		.uleb128 0x3
 1106 05c5 A2060000 		.4byte	.LASF98
 1107 05c9 0C       		.byte	0xc
 1108 05ca 74       		.byte	0x74
 1109 05cb 80050000 		.4byte	0x580
 1110 05cf 16       		.uleb128 0x16
 1111 05d0 04       		.byte	0x4
 1112 05d1 0A       		.byte	0xa
 1113 05d2 FA       		.byte	0xfa
 1114 05d3 2C060000 		.4byte	0x62c
 1115 05d7 17       		.uleb128 0x17
 1116 05d8 60020000 		.4byte	.LASF99
 1117 05dc 0A       		.byte	0xa
 1118 05dd 0101     		.2byte	0x101
 1119 05df 17010000 		.4byte	0x117
 1120 05e3 17       		.uleb128 0x17
 1121 05e4 42070000 		.4byte	.LASF100
 1122 05e8 0A       		.byte	0xa
 1123 05e9 0801     		.2byte	0x108
 1124 05eb 17010000 		.4byte	0x117
 1125 05ef 17       		.uleb128 0x17
 1126 05f0 C3000000 		.4byte	.LASF101
 1127 05f4 0A       		.byte	0xa
 1128 05f5 0F01     		.2byte	0x10f
 1129 05f7 2F030000 		.4byte	0x32f
 1130 05fb 17       		.uleb128 0x17
 1131 05fc 9C060000 		.4byte	.LASF102
 1132 0600 0A       		.byte	0xa
 1133 0601 1601     		.2byte	0x116
 1134 0603 2C060000 		.4byte	0x62c
 1135 0607 17       		.uleb128 0x17
 1136 0608 34060000 		.4byte	.LASF103
 1137 060c 0A       		.byte	0xa
 1138 060d 1E01     		.2byte	0x11e
ARM GAS  /tmp/ccUqcqgn.s 			page 21


 1139 060f 57060000 		.4byte	0x657
 1140 0613 17       		.uleb128 0x17
 1141 0614 3A000000 		.4byte	.LASF104
 1142 0618 0A       		.byte	0xa
 1143 0619 2701     		.2byte	0x127
 1144 061b 8E060000 		.4byte	0x68e
 1145 061f 17       		.uleb128 0x17
 1146 0620 F8000000 		.4byte	.LASF105
 1147 0624 0A       		.byte	0xa
 1148 0625 2F01     		.2byte	0x12f
 1149 0627 22010000 		.4byte	0x122
 1150 062b 00       		.byte	0
 1151 062c 09       		.uleb128 0x9
 1152 062d 04       		.byte	0x4
 1153 062e 47020000 		.4byte	0x247
 1154 0632 05       		.uleb128 0x5
 1155 0633 A4010000 		.4byte	.LASF106
 1156 0637 0C       		.byte	0xc
 1157 0638 0D       		.byte	0xd
 1158 0639 34       		.byte	0x34
 1159 063a 57060000 		.4byte	0x657
 1160 063e 06       		.uleb128 0x6
 1161 063f 75000000 		.4byte	.LASF107
 1162 0643 0D       		.byte	0xd
 1163 0644 35       		.byte	0x35
 1164 0645 7C020000 		.4byte	0x27c
 1165 0649 00       		.byte	0
 1166 064a 06       		.uleb128 0x6
 1167 064b 42010000 		.4byte	.LASF108
 1168 064f 0D       		.byte	0xd
 1169 0650 37       		.byte	0x37
 1170 0651 2D010000 		.4byte	0x12d
 1171 0655 08       		.byte	0x8
 1172 0656 00       		.byte	0
 1173 0657 09       		.uleb128 0x9
 1174 0658 04       		.byte	0x4
 1175 0659 32060000 		.4byte	0x632
 1176 065d 05       		.uleb128 0x5
 1177 065e 66030000 		.4byte	.LASF109
 1178 0662 10       		.byte	0x10
 1179 0663 0E       		.byte	0xe
 1180 0664 39       		.byte	0x39
 1181 0665 8E060000 		.4byte	0x68e
 1182 0669 06       		.uleb128 0x6
 1183 066a 5B050000 		.4byte	.LASF110
 1184 066e 0E       		.byte	0xe
 1185 066f 3A       		.byte	0x3a
 1186 0670 7C020000 		.4byte	0x27c
 1187 0674 00       		.byte	0
 1188 0675 06       		.uleb128 0x6
 1189 0676 6D000000 		.4byte	.LASF111
 1190 067a 0E       		.byte	0xe
 1191 067b 3C       		.byte	0x3c
 1192 067c 52020000 		.4byte	0x252
 1193 0680 08       		.byte	0x8
 1194 0681 06       		.uleb128 0x6
 1195 0682 B4060000 		.4byte	.LASF112
ARM GAS  /tmp/ccUqcqgn.s 			page 22


 1196 0686 0E       		.byte	0xe
 1197 0687 3E       		.byte	0x3e
 1198 0688 E9070000 		.4byte	0x7e9
 1199 068c 0C       		.byte	0xc
 1200 068d 00       		.byte	0
 1201 068e 09       		.uleb128 0x9
 1202 068f 04       		.byte	0x4
 1203 0690 5D060000 		.4byte	0x65d
 1204 0694 09       		.uleb128 0x9
 1205 0695 04       		.byte	0x4
 1206 0696 A6060000 		.4byte	0x6a6
 1207 069a 18       		.uleb128 0x18
 1208 069b 94060000 		.4byte	0x694
 1209 069f 04       		.uleb128 0x4
 1210 06a0 01       		.byte	0x1
 1211 06a1 08       		.byte	0x8
 1212 06a2 41000000 		.4byte	.LASF113
 1213 06a6 19       		.uleb128 0x19
 1214 06a7 9F060000 		.4byte	0x69f
 1215 06ab 09       		.uleb128 0x9
 1216 06ac 04       		.byte	0x4
 1217 06ad A0040000 		.4byte	0x4a0
 1218 06b1 09       		.uleb128 0x9
 1219 06b2 04       		.byte	0x4
 1220 06b3 31030000 		.4byte	0x331
 1221 06b7 14       		.uleb128 0x14
 1222 06b8 A0040000 		.4byte	0x4a0
 1223 06bc C7060000 		.4byte	0x6c7
 1224 06c0 15       		.uleb128 0x15
 1225 06c1 83040000 		.4byte	0x483
 1226 06c5 1B       		.byte	0x1b
 1227 06c6 00       		.byte	0
 1228 06c7 1A       		.uleb128 0x1a
 1229 06c8 636800   		.ascii	"ch\000"
 1230 06cb 0A       		.byte	0xa
 1231 06cc 0902     		.2byte	0x209
 1232 06ce 26040000 		.4byte	0x426
 1233 06d2 12       		.uleb128 0x12
 1234 06d3 16       		.byte	0x16
 1235 06d4 0F       		.byte	0xf
 1236 06d5 34       		.byte	0x34
 1237 06d6 B3070000 		.4byte	0x7b3
 1238 06da 06       		.uleb128 0x6
 1239 06db CD050000 		.4byte	.LASF115
 1240 06df 0F       		.byte	0xf
 1241 06e0 35       		.byte	0x35
 1242 06e1 B3070000 		.4byte	0x7b3
 1243 06e5 00       		.byte	0
 1244 06e6 06       		.uleb128 0x6
 1245 06e7 B7040000 		.4byte	.LASF116
 1246 06eb 0F       		.byte	0xf
 1247 06ec 36       		.byte	0x36
 1248 06ed B4000000 		.4byte	0xb4
 1249 06f1 04       		.byte	0x4
 1250 06f2 06       		.uleb128 0x6
 1251 06f3 EB040000 		.4byte	.LASF117
 1252 06f7 0F       		.byte	0xf
ARM GAS  /tmp/ccUqcqgn.s 			page 23


 1253 06f8 37       		.byte	0x37
 1254 06f9 B4000000 		.4byte	0xb4
 1255 06fd 05       		.byte	0x5
 1256 06fe 06       		.uleb128 0x6
 1257 06ff 31050000 		.4byte	.LASF118
 1258 0703 0F       		.byte	0xf
 1259 0704 38       		.byte	0x38
 1260 0705 BF000000 		.4byte	0xbf
 1261 0709 06       		.byte	0x6
 1262 070a 06       		.uleb128 0x6
 1263 070b 1D010000 		.4byte	.LASF119
 1264 070f 0F       		.byte	0xf
 1265 0710 39       		.byte	0x39
 1266 0711 B4000000 		.4byte	0xb4
 1267 0715 08       		.byte	0x8
 1268 0716 06       		.uleb128 0x6
 1269 0717 7E010000 		.4byte	.LASF120
 1270 071b 0F       		.byte	0xf
 1271 071c 3A       		.byte	0x3a
 1272 071d B4000000 		.4byte	0xb4
 1273 0721 09       		.byte	0x9
 1274 0722 06       		.uleb128 0x6
 1275 0723 67020000 		.4byte	.LASF121
 1276 0727 0F       		.byte	0xf
 1277 0728 3B       		.byte	0x3b
 1278 0729 B4000000 		.4byte	0xb4
 1279 072d 0A       		.byte	0xa
 1280 072e 06       		.uleb128 0x6
 1281 072f B7050000 		.4byte	.LASF122
 1282 0733 0F       		.byte	0xf
 1283 0734 3C       		.byte	0x3c
 1284 0735 B4000000 		.4byte	0xb4
 1285 0739 0B       		.byte	0xb
 1286 073a 06       		.uleb128 0x6
 1287 073b 84030000 		.4byte	.LASF123
 1288 073f 0F       		.byte	0xf
 1289 0740 3D       		.byte	0x3d
 1290 0741 B4000000 		.4byte	0xb4
 1291 0745 0C       		.byte	0xc
 1292 0746 06       		.uleb128 0x6
 1293 0747 C7060000 		.4byte	.LASF124
 1294 074b 0F       		.byte	0xf
 1295 074c 3E       		.byte	0x3e
 1296 074d B4000000 		.4byte	0xb4
 1297 0751 0D       		.byte	0xd
 1298 0752 06       		.uleb128 0x6
 1299 0753 60000000 		.4byte	.LASF125
 1300 0757 0F       		.byte	0xf
 1301 0758 3F       		.byte	0x3f
 1302 0759 B4000000 		.4byte	0xb4
 1303 075d 0E       		.byte	0xe
 1304 075e 06       		.uleb128 0x6
 1305 075f B7000000 		.4byte	.LASF126
 1306 0763 0F       		.byte	0xf
 1307 0764 40       		.byte	0x40
 1308 0765 B4000000 		.4byte	0xb4
 1309 0769 0F       		.byte	0xf
ARM GAS  /tmp/ccUqcqgn.s 			page 24


 1310 076a 06       		.uleb128 0x6
 1311 076b 8F030000 		.4byte	.LASF127
 1312 076f 0F       		.byte	0xf
 1313 0770 41       		.byte	0x41
 1314 0771 B4000000 		.4byte	0xb4
 1315 0775 10       		.byte	0x10
 1316 0776 06       		.uleb128 0x6
 1317 0777 05060000 		.4byte	.LASF128
 1318 077b 0F       		.byte	0xf
 1319 077c 43       		.byte	0x43
 1320 077d B4000000 		.4byte	0xb4
 1321 0781 11       		.byte	0x11
 1322 0782 06       		.uleb128 0x6
 1323 0783 FF000000 		.4byte	.LASF129
 1324 0787 0F       		.byte	0xf
 1325 0788 44       		.byte	0x44
 1326 0789 B4000000 		.4byte	0xb4
 1327 078d 12       		.byte	0x12
 1328 078e 06       		.uleb128 0x6
 1329 078f AB040000 		.4byte	.LASF130
 1330 0793 0F       		.byte	0xf
 1331 0794 45       		.byte	0x45
 1332 0795 B4000000 		.4byte	0xb4
 1333 0799 13       		.byte	0x13
 1334 079a 06       		.uleb128 0x6
 1335 079b 83020000 		.4byte	.LASF131
 1336 079f 0F       		.byte	0xf
 1337 07a0 46       		.byte	0x46
 1338 07a1 B4000000 		.4byte	0xb4
 1339 07a5 14       		.byte	0x14
 1340 07a6 06       		.uleb128 0x6
 1341 07a7 AB050000 		.4byte	.LASF132
 1342 07ab 0F       		.byte	0xf
 1343 07ac 48       		.byte	0x48
 1344 07ad B4000000 		.4byte	0xb4
 1345 07b1 15       		.byte	0x15
 1346 07b2 00       		.byte	0
 1347 07b3 14       		.uleb128 0x14
 1348 07b4 9F060000 		.4byte	0x69f
 1349 07b8 C3070000 		.4byte	0x7c3
 1350 07bc 15       		.uleb128 0x15
 1351 07bd 83040000 		.4byte	0x483
 1352 07c1 03       		.byte	0x3
 1353 07c2 00       		.byte	0
 1354 07c3 03       		.uleb128 0x3
 1355 07c4 13050000 		.4byte	.LASF133
 1356 07c8 0F       		.byte	0xf
 1357 07c9 49       		.byte	0x49
 1358 07ca D2060000 		.4byte	0x6d2
 1359 07ce 19       		.uleb128 0x19
 1360 07cf C3070000 		.4byte	0x7c3
 1361 07d3 10       		.uleb128 0x10
 1362 07d4 08070000 		.4byte	.LASF134
 1363 07d8 0F       		.byte	0xf
 1364 07d9 6E       		.byte	0x6e
 1365 07da CE070000 		.4byte	0x7ce
 1366 07de 03       		.uleb128 0x3
ARM GAS  /tmp/ccUqcqgn.s 			page 25


 1367 07df 4A060000 		.4byte	.LASF135
 1368 07e3 0E       		.byte	0xe
 1369 07e4 34       		.byte	0x34
 1370 07e5 5D060000 		.4byte	0x65d
 1371 07e9 09       		.uleb128 0x9
 1372 07ea 04       		.byte	0x4
 1373 07eb DE070000 		.4byte	0x7de
 1374 07ef 04       		.uleb128 0x4
 1375 07f0 01       		.byte	0x1
 1376 07f1 02       		.byte	0x2
 1377 07f2 92020000 		.4byte	.LASF136
 1378 07f6 09       		.uleb128 0x9
 1379 07f7 04       		.byte	0x4
 1380 07f8 B4000000 		.4byte	0xb4
 1381 07fc 1B       		.uleb128 0x1b
 1382 07fd 3A070000 		.4byte	.LASF137
 1383 0801 04       		.byte	0x4
 1384 0802 3E       		.byte	0x3e
 1385 0803 F6070000 		.4byte	0x7f6
 1386 0807 05       		.uleb128 0x5
 1387 0808 03       		.byte	0x3
 1388 0809 00000000 		.4byte	nextmem
 1389 080d 1B       		.uleb128 0x1b
 1390 080e F8060000 		.4byte	.LASF138
 1391 0812 04       		.byte	0x4
 1392 0813 3F       		.byte	0x3f
 1393 0814 F6070000 		.4byte	0x7f6
 1394 0818 05       		.uleb128 0x5
 1395 0819 03       		.byte	0x3
 1396 081a 00000000 		.4byte	endmem
 1397 081e 1C       		.uleb128 0x1c
 1398 081f 31010000 		.4byte	.LASF152
 1399 0823 04       		.byte	0x4
 1400 0824 9B       		.byte	0x9b
 1401 0825 2C000000 		.4byte	0x2c
 1402 0829 00000000 		.4byte	.LFB155
 1403 082d 18000000 		.4byte	.LFE155-.LFB155
 1404 0831 01       		.uleb128 0x1
 1405 0832 9C       		.byte	0x9c
 1406 0833 1D       		.uleb128 0x1d
 1407 0834 2D070000 		.4byte	.LASF139
 1408 0838 04       		.byte	0x4
 1409 0839 83       		.byte	0x83
 1410 083a 2F030000 		.4byte	0x32f
 1411 083e 00000000 		.4byte	.LFB154
 1412 0842 50000000 		.4byte	.LFE154-.LFB154
 1413 0846 01       		.uleb128 0x1
 1414 0847 9C       		.byte	0x9c
 1415 0848 67080000 		.4byte	0x867
 1416 084c 1E       		.uleb128 0x1e
 1417 084d BF040000 		.4byte	.LASF141
 1418 0851 04       		.byte	0x4
 1419 0852 83       		.byte	0x83
 1420 0853 2C000000 		.4byte	0x2c
 1421 0857 02       		.uleb128 0x2
 1422 0858 91       		.byte	0x91
 1423 0859 6C       		.sleb128 -20
ARM GAS  /tmp/ccUqcqgn.s 			page 26


 1424 085a 1F       		.uleb128 0x1f
 1425 085b 7000     		.ascii	"p\000"
 1426 085d 04       		.byte	0x4
 1427 085e 84       		.byte	0x84
 1428 085f 2F030000 		.4byte	0x32f
 1429 0863 02       		.uleb128 0x2
 1430 0864 91       		.byte	0x91
 1431 0865 74       		.sleb128 -12
 1432 0866 00       		.byte	0
 1433 0867 1D       		.uleb128 0x1d
 1434 0868 4B040000 		.4byte	.LASF140
 1435 086c 04       		.byte	0x4
 1436 086d 6D       		.byte	0x6d
 1437 086e 2F030000 		.4byte	0x32f
 1438 0872 00000000 		.4byte	.LFB153
 1439 0876 22000000 		.4byte	.LFE153-.LFB153
 1440 087a 01       		.uleb128 0x1
 1441 087b 9C       		.byte	0x9c
 1442 087c 9B080000 		.4byte	0x89b
 1443 0880 1E       		.uleb128 0x1e
 1444 0881 BF040000 		.4byte	.LASF141
 1445 0885 04       		.byte	0x4
 1446 0886 6D       		.byte	0x6d
 1447 0887 2C000000 		.4byte	0x2c
 1448 088b 02       		.uleb128 0x2
 1449 088c 91       		.byte	0x91
 1450 088d 6C       		.sleb128 -20
 1451 088e 1F       		.uleb128 0x1f
 1452 088f 7000     		.ascii	"p\000"
 1453 0891 04       		.byte	0x4
 1454 0892 6E       		.byte	0x6e
 1455 0893 2F030000 		.4byte	0x32f
 1456 0897 02       		.uleb128 0x2
 1457 0898 91       		.byte	0x91
 1458 0899 74       		.sleb128 -12
 1459 089a 00       		.byte	0
 1460 089b 20       		.uleb128 0x20
 1461 089c 40020000 		.4byte	.LASF153
 1462 08a0 04       		.byte	0x4
 1463 08a1 4E       		.byte	0x4e
 1464 08a2 00000000 		.4byte	.LFB152
 1465 08a6 30000000 		.4byte	.LFE152-.LFB152
 1466 08aa 01       		.uleb128 0x1
 1467 08ab 9C       		.byte	0x9c
 1468 08ac C7080000 		.4byte	0x8c7
 1469 08b0 10       		.uleb128 0x10
 1470 08b1 4B020000 		.4byte	.LASF142
 1471 08b5 04       		.byte	0x4
 1472 08b6 50       		.byte	0x50
 1473 08b7 C7080000 		.4byte	0x8c7
 1474 08bb 10       		.uleb128 0x10
 1475 08bc 4B070000 		.4byte	.LASF143
 1476 08c0 04       		.byte	0x4
 1477 08c1 51       		.byte	0x51
 1478 08c2 C7080000 		.4byte	0x8c7
 1479 08c6 00       		.byte	0
 1480 08c7 14       		.uleb128 0x14
ARM GAS  /tmp/ccUqcqgn.s 			page 27


 1481 08c8 B4000000 		.4byte	0xb4
 1482 08cc D2080000 		.4byte	0x8d2
 1483 08d0 21       		.uleb128 0x21
 1484 08d1 00       		.byte	0
 1485 08d2 22       		.uleb128 0x22
 1486 08d3 FC010000 		.4byte	.LASF144
 1487 08d7 03       		.byte	0x3
 1488 08d8 6601     		.2byte	0x166
 1489 08da 00000000 		.4byte	.LFB78
 1490 08de 38000000 		.4byte	.LFE78-.LFB78
 1491 08e2 01       		.uleb128 0x1
 1492 08e3 9C       		.byte	0x9c
 1493 08e4 F8080000 		.4byte	0x8f8
 1494 08e8 23       		.uleb128 0x23
 1495 08e9 FF060000 		.4byte	.LASF154
 1496 08ed 08090000 		.4byte	0x908
 1497 08f1 05       		.uleb128 0x5
 1498 08f2 03       		.byte	0x3
 1499 08f3 00000000 		.4byte	__func__.4993
 1500 08f7 00       		.byte	0
 1501 08f8 14       		.uleb128 0x14
 1502 08f9 A6060000 		.4byte	0x6a6
 1503 08fd 08090000 		.4byte	0x908
 1504 0901 15       		.uleb128 0x15
 1505 0902 83040000 		.4byte	0x483
 1506 0906 0B       		.byte	0xb
 1507 0907 00       		.byte	0
 1508 0908 19       		.uleb128 0x19
 1509 0909 F8080000 		.4byte	0x8f8
 1510 090d 24       		.uleb128 0x24
 1511 090e 7A030000 		.4byte	.LASF155
 1512 0912 03       		.byte	0x3
 1513 0913 5A01     		.2byte	0x15a
 1514 0915 00000000 		.4byte	.LFB77
 1515 0919 0E000000 		.4byte	.LFE77-.LFB77
 1516 091d 01       		.uleb128 0x1
 1517 091e 9C       		.byte	0x9c
 1518 091f 25       		.uleb128 0x25
 1519 0920 19070000 		.4byte	.LASF145
 1520 0924 01       		.byte	0x1
 1521 0925 5301     		.2byte	0x153
 1522 0927 00000000 		.4byte	.LFB39
 1523 092b 06000000 		.4byte	.LFE39-.LFB39
 1524 092f 01       		.uleb128 0x1
 1525 0930 9C       		.byte	0x9c
 1526 0931 46090000 		.4byte	0x946
 1527 0935 26       		.uleb128 0x26
 1528 0936 76090000 		.4byte	0x976
 1529 093a 00000000 		.4byte	.LBB8
 1530 093e 02000000 		.4byte	.LBE8-.LBB8
 1531 0942 01       		.byte	0x1
 1532 0943 5501     		.2byte	0x155
 1533 0945 00       		.byte	0
 1534 0946 25       		.uleb128 0x25
 1535 0947 CA000000 		.4byte	.LASF146
 1536 094b 01       		.byte	0x1
 1537 094c 4A01     		.2byte	0x14a
ARM GAS  /tmp/ccUqcqgn.s 			page 28


 1538 094e 00000000 		.4byte	.LFB38
 1539 0952 06000000 		.4byte	.LFE38-.LFB38
 1540 0956 01       		.uleb128 0x1
 1541 0957 9C       		.byte	0x9c
 1542 0958 6D090000 		.4byte	0x96d
 1543 095c 26       		.uleb128 0x26
 1544 095d 6D090000 		.4byte	0x96d
 1545 0961 00000000 		.4byte	.LBB6
 1546 0965 02000000 		.4byte	.LBE6-.LBB6
 1547 0969 01       		.byte	0x1
 1548 096a 4C01     		.2byte	0x14c
 1549 096c 00       		.byte	0
 1550 096d 27       		.uleb128 0x27
 1551 096e 75020000 		.4byte	.LASF147
 1552 0972 02       		.byte	0x2
 1553 0973 5601     		.2byte	0x156
 1554 0975 03       		.byte	0x3
 1555 0976 27       		.uleb128 0x27
 1556 0977 78050000 		.4byte	.LASF148
 1557 097b 02       		.byte	0x2
 1558 097c 4B01     		.2byte	0x14b
 1559 097e 03       		.byte	0x3
 1560 097f 00       		.byte	0
 1561              		.section	.debug_abbrev,"",%progbits
 1562              	.Ldebug_abbrev0:
 1563 0000 01       		.uleb128 0x1
 1564 0001 11       		.uleb128 0x11
 1565 0002 01       		.byte	0x1
 1566 0003 25       		.uleb128 0x25
 1567 0004 0E       		.uleb128 0xe
 1568 0005 13       		.uleb128 0x13
 1569 0006 0B       		.uleb128 0xb
 1570 0007 03       		.uleb128 0x3
 1571 0008 0E       		.uleb128 0xe
 1572 0009 1B       		.uleb128 0x1b
 1573 000a 0E       		.uleb128 0xe
 1574 000b 55       		.uleb128 0x55
 1575 000c 17       		.uleb128 0x17
 1576 000d 11       		.uleb128 0x11
 1577 000e 01       		.uleb128 0x1
 1578 000f 10       		.uleb128 0x10
 1579 0010 17       		.uleb128 0x17
 1580 0011 00       		.byte	0
 1581 0012 00       		.byte	0
 1582 0013 02       		.uleb128 0x2
 1583 0014 24       		.uleb128 0x24
 1584 0015 00       		.byte	0
 1585 0016 0B       		.uleb128 0xb
 1586 0017 0B       		.uleb128 0xb
 1587 0018 3E       		.uleb128 0x3e
 1588 0019 0B       		.uleb128 0xb
 1589 001a 03       		.uleb128 0x3
 1590 001b 08       		.uleb128 0x8
 1591 001c 00       		.byte	0
 1592 001d 00       		.byte	0
 1593 001e 03       		.uleb128 0x3
 1594 001f 16       		.uleb128 0x16
ARM GAS  /tmp/ccUqcqgn.s 			page 29


 1595 0020 00       		.byte	0
 1596 0021 03       		.uleb128 0x3
 1597 0022 0E       		.uleb128 0xe
 1598 0023 3A       		.uleb128 0x3a
 1599 0024 0B       		.uleb128 0xb
 1600 0025 3B       		.uleb128 0x3b
 1601 0026 0B       		.uleb128 0xb
 1602 0027 49       		.uleb128 0x49
 1603 0028 13       		.uleb128 0x13
 1604 0029 00       		.byte	0
 1605 002a 00       		.byte	0
 1606 002b 04       		.uleb128 0x4
 1607 002c 24       		.uleb128 0x24
 1608 002d 00       		.byte	0
 1609 002e 0B       		.uleb128 0xb
 1610 002f 0B       		.uleb128 0xb
 1611 0030 3E       		.uleb128 0x3e
 1612 0031 0B       		.uleb128 0xb
 1613 0032 03       		.uleb128 0x3
 1614 0033 0E       		.uleb128 0xe
 1615 0034 00       		.byte	0
 1616 0035 00       		.byte	0
 1617 0036 05       		.uleb128 0x5
 1618 0037 13       		.uleb128 0x13
 1619 0038 01       		.byte	0x1
 1620 0039 03       		.uleb128 0x3
 1621 003a 0E       		.uleb128 0xe
 1622 003b 0B       		.uleb128 0xb
 1623 003c 0B       		.uleb128 0xb
 1624 003d 3A       		.uleb128 0x3a
 1625 003e 0B       		.uleb128 0xb
 1626 003f 3B       		.uleb128 0x3b
 1627 0040 0B       		.uleb128 0xb
 1628 0041 01       		.uleb128 0x1
 1629 0042 13       		.uleb128 0x13
 1630 0043 00       		.byte	0
 1631 0044 00       		.byte	0
 1632 0045 06       		.uleb128 0x6
 1633 0046 0D       		.uleb128 0xd
 1634 0047 00       		.byte	0
 1635 0048 03       		.uleb128 0x3
 1636 0049 0E       		.uleb128 0xe
 1637 004a 3A       		.uleb128 0x3a
 1638 004b 0B       		.uleb128 0xb
 1639 004c 3B       		.uleb128 0x3b
 1640 004d 0B       		.uleb128 0xb
 1641 004e 49       		.uleb128 0x49
 1642 004f 13       		.uleb128 0x13
 1643 0050 38       		.uleb128 0x38
 1644 0051 0B       		.uleb128 0xb
 1645 0052 00       		.byte	0
 1646 0053 00       		.byte	0
 1647 0054 07       		.uleb128 0x7
 1648 0055 0D       		.uleb128 0xd
 1649 0056 00       		.byte	0
 1650 0057 03       		.uleb128 0x3
 1651 0058 08       		.uleb128 0x8
ARM GAS  /tmp/ccUqcqgn.s 			page 30


 1652 0059 3A       		.uleb128 0x3a
 1653 005a 0B       		.uleb128 0xb
 1654 005b 3B       		.uleb128 0x3b
 1655 005c 05       		.uleb128 0x5
 1656 005d 49       		.uleb128 0x49
 1657 005e 13       		.uleb128 0x13
 1658 005f 38       		.uleb128 0x38
 1659 0060 0B       		.uleb128 0xb
 1660 0061 00       		.byte	0
 1661 0062 00       		.byte	0
 1662 0063 08       		.uleb128 0x8
 1663 0064 0D       		.uleb128 0xd
 1664 0065 00       		.byte	0
 1665 0066 03       		.uleb128 0x3
 1666 0067 0E       		.uleb128 0xe
 1667 0068 3A       		.uleb128 0x3a
 1668 0069 0B       		.uleb128 0xb
 1669 006a 3B       		.uleb128 0x3b
 1670 006b 05       		.uleb128 0x5
 1671 006c 49       		.uleb128 0x49
 1672 006d 13       		.uleb128 0x13
 1673 006e 38       		.uleb128 0x38
 1674 006f 0B       		.uleb128 0xb
 1675 0070 00       		.byte	0
 1676 0071 00       		.byte	0
 1677 0072 09       		.uleb128 0x9
 1678 0073 0F       		.uleb128 0xf
 1679 0074 00       		.byte	0
 1680 0075 0B       		.uleb128 0xb
 1681 0076 0B       		.uleb128 0xb
 1682 0077 49       		.uleb128 0x49
 1683 0078 13       		.uleb128 0x13
 1684 0079 00       		.byte	0
 1685 007a 00       		.byte	0
 1686 007b 0A       		.uleb128 0xa
 1687 007c 13       		.uleb128 0x13
 1688 007d 01       		.byte	0x1
 1689 007e 03       		.uleb128 0x3
 1690 007f 0E       		.uleb128 0xe
 1691 0080 0B       		.uleb128 0xb
 1692 0081 0B       		.uleb128 0xb
 1693 0082 3A       		.uleb128 0x3a
 1694 0083 0B       		.uleb128 0xb
 1695 0084 3B       		.uleb128 0x3b
 1696 0085 05       		.uleb128 0x5
 1697 0086 01       		.uleb128 0x1
 1698 0087 13       		.uleb128 0x13
 1699 0088 00       		.byte	0
 1700 0089 00       		.byte	0
 1701 008a 0B       		.uleb128 0xb
 1702 008b 15       		.uleb128 0x15
 1703 008c 01       		.byte	0x1
 1704 008d 27       		.uleb128 0x27
 1705 008e 19       		.uleb128 0x19
 1706 008f 01       		.uleb128 0x1
 1707 0090 13       		.uleb128 0x13
 1708 0091 00       		.byte	0
ARM GAS  /tmp/ccUqcqgn.s 			page 31


 1709 0092 00       		.byte	0
 1710 0093 0C       		.uleb128 0xc
 1711 0094 05       		.uleb128 0x5
 1712 0095 00       		.byte	0
 1713 0096 49       		.uleb128 0x49
 1714 0097 13       		.uleb128 0x13
 1715 0098 00       		.byte	0
 1716 0099 00       		.byte	0
 1717 009a 0D       		.uleb128 0xd
 1718 009b 0F       		.uleb128 0xf
 1719 009c 00       		.byte	0
 1720 009d 0B       		.uleb128 0xb
 1721 009e 0B       		.uleb128 0xb
 1722 009f 00       		.byte	0
 1723 00a0 00       		.byte	0
 1724 00a1 0E       		.uleb128 0xe
 1725 00a2 13       		.uleb128 0x13
 1726 00a3 01       		.byte	0x1
 1727 00a4 03       		.uleb128 0x3
 1728 00a5 0E       		.uleb128 0xe
 1729 00a6 0B       		.uleb128 0xb
 1730 00a7 05       		.uleb128 0x5
 1731 00a8 3A       		.uleb128 0x3a
 1732 00a9 0B       		.uleb128 0xb
 1733 00aa 3B       		.uleb128 0x3b
 1734 00ab 05       		.uleb128 0x5
 1735 00ac 01       		.uleb128 0x1
 1736 00ad 13       		.uleb128 0x13
 1737 00ae 00       		.byte	0
 1738 00af 00       		.byte	0
 1739 00b0 0F       		.uleb128 0xf
 1740 00b1 0D       		.uleb128 0xd
 1741 00b2 00       		.byte	0
 1742 00b3 03       		.uleb128 0x3
 1743 00b4 0E       		.uleb128 0xe
 1744 00b5 3A       		.uleb128 0x3a
 1745 00b6 0B       		.uleb128 0xb
 1746 00b7 3B       		.uleb128 0x3b
 1747 00b8 05       		.uleb128 0x5
 1748 00b9 49       		.uleb128 0x49
 1749 00ba 13       		.uleb128 0x13
 1750 00bb 38       		.uleb128 0x38
 1751 00bc 05       		.uleb128 0x5
 1752 00bd 00       		.byte	0
 1753 00be 00       		.byte	0
 1754 00bf 10       		.uleb128 0x10
 1755 00c0 34       		.uleb128 0x34
 1756 00c1 00       		.byte	0
 1757 00c2 03       		.uleb128 0x3
 1758 00c3 0E       		.uleb128 0xe
 1759 00c4 3A       		.uleb128 0x3a
 1760 00c5 0B       		.uleb128 0xb
 1761 00c6 3B       		.uleb128 0x3b
 1762 00c7 0B       		.uleb128 0xb
 1763 00c8 49       		.uleb128 0x49
 1764 00c9 13       		.uleb128 0x13
 1765 00ca 3F       		.uleb128 0x3f
ARM GAS  /tmp/ccUqcqgn.s 			page 32


 1766 00cb 19       		.uleb128 0x19
 1767 00cc 3C       		.uleb128 0x3c
 1768 00cd 19       		.uleb128 0x19
 1769 00ce 00       		.byte	0
 1770 00cf 00       		.byte	0
 1771 00d0 11       		.uleb128 0x11
 1772 00d1 0D       		.uleb128 0xd
 1773 00d2 00       		.byte	0
 1774 00d3 03       		.uleb128 0x3
 1775 00d4 08       		.uleb128 0x8
 1776 00d5 3A       		.uleb128 0x3a
 1777 00d6 0B       		.uleb128 0xb
 1778 00d7 3B       		.uleb128 0x3b
 1779 00d8 0B       		.uleb128 0xb
 1780 00d9 49       		.uleb128 0x49
 1781 00da 13       		.uleb128 0x13
 1782 00db 38       		.uleb128 0x38
 1783 00dc 0B       		.uleb128 0xb
 1784 00dd 00       		.byte	0
 1785 00de 00       		.byte	0
 1786 00df 12       		.uleb128 0x12
 1787 00e0 13       		.uleb128 0x13
 1788 00e1 01       		.byte	0x1
 1789 00e2 0B       		.uleb128 0xb
 1790 00e3 0B       		.uleb128 0xb
 1791 00e4 3A       		.uleb128 0x3a
 1792 00e5 0B       		.uleb128 0xb
 1793 00e6 3B       		.uleb128 0x3b
 1794 00e7 0B       		.uleb128 0xb
 1795 00e8 01       		.uleb128 0x1
 1796 00e9 13       		.uleb128 0x13
 1797 00ea 00       		.byte	0
 1798 00eb 00       		.byte	0
 1799 00ec 13       		.uleb128 0x13
 1800 00ed 13       		.uleb128 0x13
 1801 00ee 01       		.byte	0x1
 1802 00ef 0B       		.uleb128 0xb
 1803 00f0 05       		.uleb128 0x5
 1804 00f1 3A       		.uleb128 0x3a
 1805 00f2 0B       		.uleb128 0xb
 1806 00f3 3B       		.uleb128 0x3b
 1807 00f4 0B       		.uleb128 0xb
 1808 00f5 01       		.uleb128 0x1
 1809 00f6 13       		.uleb128 0x13
 1810 00f7 00       		.byte	0
 1811 00f8 00       		.byte	0
 1812 00f9 14       		.uleb128 0x14
 1813 00fa 01       		.uleb128 0x1
 1814 00fb 01       		.byte	0x1
 1815 00fc 49       		.uleb128 0x49
 1816 00fd 13       		.uleb128 0x13
 1817 00fe 01       		.uleb128 0x1
 1818 00ff 13       		.uleb128 0x13
 1819 0100 00       		.byte	0
 1820 0101 00       		.byte	0
 1821 0102 15       		.uleb128 0x15
 1822 0103 21       		.uleb128 0x21
ARM GAS  /tmp/ccUqcqgn.s 			page 33


 1823 0104 00       		.byte	0
 1824 0105 49       		.uleb128 0x49
 1825 0106 13       		.uleb128 0x13
 1826 0107 2F       		.uleb128 0x2f
 1827 0108 0B       		.uleb128 0xb
 1828 0109 00       		.byte	0
 1829 010a 00       		.byte	0
 1830 010b 16       		.uleb128 0x16
 1831 010c 17       		.uleb128 0x17
 1832 010d 01       		.byte	0x1
 1833 010e 0B       		.uleb128 0xb
 1834 010f 0B       		.uleb128 0xb
 1835 0110 3A       		.uleb128 0x3a
 1836 0111 0B       		.uleb128 0xb
 1837 0112 3B       		.uleb128 0x3b
 1838 0113 0B       		.uleb128 0xb
 1839 0114 01       		.uleb128 0x1
 1840 0115 13       		.uleb128 0x13
 1841 0116 00       		.byte	0
 1842 0117 00       		.byte	0
 1843 0118 17       		.uleb128 0x17
 1844 0119 0D       		.uleb128 0xd
 1845 011a 00       		.byte	0
 1846 011b 03       		.uleb128 0x3
 1847 011c 0E       		.uleb128 0xe
 1848 011d 3A       		.uleb128 0x3a
 1849 011e 0B       		.uleb128 0xb
 1850 011f 3B       		.uleb128 0x3b
 1851 0120 05       		.uleb128 0x5
 1852 0121 49       		.uleb128 0x49
 1853 0122 13       		.uleb128 0x13
 1854 0123 00       		.byte	0
 1855 0124 00       		.byte	0
 1856 0125 18       		.uleb128 0x18
 1857 0126 35       		.uleb128 0x35
 1858 0127 00       		.byte	0
 1859 0128 49       		.uleb128 0x49
 1860 0129 13       		.uleb128 0x13
 1861 012a 00       		.byte	0
 1862 012b 00       		.byte	0
 1863 012c 19       		.uleb128 0x19
 1864 012d 26       		.uleb128 0x26
 1865 012e 00       		.byte	0
 1866 012f 49       		.uleb128 0x49
 1867 0130 13       		.uleb128 0x13
 1868 0131 00       		.byte	0
 1869 0132 00       		.byte	0
 1870 0133 1A       		.uleb128 0x1a
 1871 0134 34       		.uleb128 0x34
 1872 0135 00       		.byte	0
 1873 0136 03       		.uleb128 0x3
 1874 0137 08       		.uleb128 0x8
 1875 0138 3A       		.uleb128 0x3a
 1876 0139 0B       		.uleb128 0xb
 1877 013a 3B       		.uleb128 0x3b
 1878 013b 05       		.uleb128 0x5
 1879 013c 49       		.uleb128 0x49
ARM GAS  /tmp/ccUqcqgn.s 			page 34


 1880 013d 13       		.uleb128 0x13
 1881 013e 3F       		.uleb128 0x3f
 1882 013f 19       		.uleb128 0x19
 1883 0140 3C       		.uleb128 0x3c
 1884 0141 19       		.uleb128 0x19
 1885 0142 00       		.byte	0
 1886 0143 00       		.byte	0
 1887 0144 1B       		.uleb128 0x1b
 1888 0145 34       		.uleb128 0x34
 1889 0146 00       		.byte	0
 1890 0147 03       		.uleb128 0x3
 1891 0148 0E       		.uleb128 0xe
 1892 0149 3A       		.uleb128 0x3a
 1893 014a 0B       		.uleb128 0xb
 1894 014b 3B       		.uleb128 0x3b
 1895 014c 0B       		.uleb128 0xb
 1896 014d 49       		.uleb128 0x49
 1897 014e 13       		.uleb128 0x13
 1898 014f 02       		.uleb128 0x2
 1899 0150 18       		.uleb128 0x18
 1900 0151 00       		.byte	0
 1901 0152 00       		.byte	0
 1902 0153 1C       		.uleb128 0x1c
 1903 0154 2E       		.uleb128 0x2e
 1904 0155 00       		.byte	0
 1905 0156 3F       		.uleb128 0x3f
 1906 0157 19       		.uleb128 0x19
 1907 0158 03       		.uleb128 0x3
 1908 0159 0E       		.uleb128 0xe
 1909 015a 3A       		.uleb128 0x3a
 1910 015b 0B       		.uleb128 0xb
 1911 015c 3B       		.uleb128 0x3b
 1912 015d 0B       		.uleb128 0xb
 1913 015e 27       		.uleb128 0x27
 1914 015f 19       		.uleb128 0x19
 1915 0160 49       		.uleb128 0x49
 1916 0161 13       		.uleb128 0x13
 1917 0162 11       		.uleb128 0x11
 1918 0163 01       		.uleb128 0x1
 1919 0164 12       		.uleb128 0x12
 1920 0165 06       		.uleb128 0x6
 1921 0166 40       		.uleb128 0x40
 1922 0167 18       		.uleb128 0x18
 1923 0168 9742     		.uleb128 0x2117
 1924 016a 19       		.uleb128 0x19
 1925 016b 00       		.byte	0
 1926 016c 00       		.byte	0
 1927 016d 1D       		.uleb128 0x1d
 1928 016e 2E       		.uleb128 0x2e
 1929 016f 01       		.byte	0x1
 1930 0170 3F       		.uleb128 0x3f
 1931 0171 19       		.uleb128 0x19
 1932 0172 03       		.uleb128 0x3
 1933 0173 0E       		.uleb128 0xe
 1934 0174 3A       		.uleb128 0x3a
 1935 0175 0B       		.uleb128 0xb
 1936 0176 3B       		.uleb128 0x3b
ARM GAS  /tmp/ccUqcqgn.s 			page 35


 1937 0177 0B       		.uleb128 0xb
 1938 0178 27       		.uleb128 0x27
 1939 0179 19       		.uleb128 0x19
 1940 017a 49       		.uleb128 0x49
 1941 017b 13       		.uleb128 0x13
 1942 017c 11       		.uleb128 0x11
 1943 017d 01       		.uleb128 0x1
 1944 017e 12       		.uleb128 0x12
 1945 017f 06       		.uleb128 0x6
 1946 0180 40       		.uleb128 0x40
 1947 0181 18       		.uleb128 0x18
 1948 0182 9642     		.uleb128 0x2116
 1949 0184 19       		.uleb128 0x19
 1950 0185 01       		.uleb128 0x1
 1951 0186 13       		.uleb128 0x13
 1952 0187 00       		.byte	0
 1953 0188 00       		.byte	0
 1954 0189 1E       		.uleb128 0x1e
 1955 018a 05       		.uleb128 0x5
 1956 018b 00       		.byte	0
 1957 018c 03       		.uleb128 0x3
 1958 018d 0E       		.uleb128 0xe
 1959 018e 3A       		.uleb128 0x3a
 1960 018f 0B       		.uleb128 0xb
 1961 0190 3B       		.uleb128 0x3b
 1962 0191 0B       		.uleb128 0xb
 1963 0192 49       		.uleb128 0x49
 1964 0193 13       		.uleb128 0x13
 1965 0194 02       		.uleb128 0x2
 1966 0195 18       		.uleb128 0x18
 1967 0196 00       		.byte	0
 1968 0197 00       		.byte	0
 1969 0198 1F       		.uleb128 0x1f
 1970 0199 34       		.uleb128 0x34
 1971 019a 00       		.byte	0
 1972 019b 03       		.uleb128 0x3
 1973 019c 08       		.uleb128 0x8
 1974 019d 3A       		.uleb128 0x3a
 1975 019e 0B       		.uleb128 0xb
 1976 019f 3B       		.uleb128 0x3b
 1977 01a0 0B       		.uleb128 0xb
 1978 01a1 49       		.uleb128 0x49
 1979 01a2 13       		.uleb128 0x13
 1980 01a3 02       		.uleb128 0x2
 1981 01a4 18       		.uleb128 0x18
 1982 01a5 00       		.byte	0
 1983 01a6 00       		.byte	0
 1984 01a7 20       		.uleb128 0x20
 1985 01a8 2E       		.uleb128 0x2e
 1986 01a9 01       		.byte	0x1
 1987 01aa 3F       		.uleb128 0x3f
 1988 01ab 19       		.uleb128 0x19
 1989 01ac 03       		.uleb128 0x3
 1990 01ad 0E       		.uleb128 0xe
 1991 01ae 3A       		.uleb128 0x3a
 1992 01af 0B       		.uleb128 0xb
 1993 01b0 3B       		.uleb128 0x3b
ARM GAS  /tmp/ccUqcqgn.s 			page 36


 1994 01b1 0B       		.uleb128 0xb
 1995 01b2 27       		.uleb128 0x27
 1996 01b3 19       		.uleb128 0x19
 1997 01b4 11       		.uleb128 0x11
 1998 01b5 01       		.uleb128 0x1
 1999 01b6 12       		.uleb128 0x12
 2000 01b7 06       		.uleb128 0x6
 2001 01b8 40       		.uleb128 0x40
 2002 01b9 18       		.uleb128 0x18
 2003 01ba 9742     		.uleb128 0x2117
 2004 01bc 19       		.uleb128 0x19
 2005 01bd 01       		.uleb128 0x1
 2006 01be 13       		.uleb128 0x13
 2007 01bf 00       		.byte	0
 2008 01c0 00       		.byte	0
 2009 01c1 21       		.uleb128 0x21
 2010 01c2 21       		.uleb128 0x21
 2011 01c3 00       		.byte	0
 2012 01c4 00       		.byte	0
 2013 01c5 00       		.byte	0
 2014 01c6 22       		.uleb128 0x22
 2015 01c7 2E       		.uleb128 0x2e
 2016 01c8 01       		.byte	0x1
 2017 01c9 03       		.uleb128 0x3
 2018 01ca 0E       		.uleb128 0xe
 2019 01cb 3A       		.uleb128 0x3a
 2020 01cc 0B       		.uleb128 0xb
 2021 01cd 3B       		.uleb128 0x3b
 2022 01ce 05       		.uleb128 0x5
 2023 01cf 27       		.uleb128 0x27
 2024 01d0 19       		.uleb128 0x19
 2025 01d1 11       		.uleb128 0x11
 2026 01d2 01       		.uleb128 0x1
 2027 01d3 12       		.uleb128 0x12
 2028 01d4 06       		.uleb128 0x6
 2029 01d5 40       		.uleb128 0x40
 2030 01d6 18       		.uleb128 0x18
 2031 01d7 9642     		.uleb128 0x2116
 2032 01d9 19       		.uleb128 0x19
 2033 01da 01       		.uleb128 0x1
 2034 01db 13       		.uleb128 0x13
 2035 01dc 00       		.byte	0
 2036 01dd 00       		.byte	0
 2037 01de 23       		.uleb128 0x23
 2038 01df 34       		.uleb128 0x34
 2039 01e0 00       		.byte	0
 2040 01e1 03       		.uleb128 0x3
 2041 01e2 0E       		.uleb128 0xe
 2042 01e3 49       		.uleb128 0x49
 2043 01e4 13       		.uleb128 0x13
 2044 01e5 34       		.uleb128 0x34
 2045 01e6 19       		.uleb128 0x19
 2046 01e7 02       		.uleb128 0x2
 2047 01e8 18       		.uleb128 0x18
 2048 01e9 00       		.byte	0
 2049 01ea 00       		.byte	0
 2050 01eb 24       		.uleb128 0x24
ARM GAS  /tmp/ccUqcqgn.s 			page 37


 2051 01ec 2E       		.uleb128 0x2e
 2052 01ed 00       		.byte	0
 2053 01ee 03       		.uleb128 0x3
 2054 01ef 0E       		.uleb128 0xe
 2055 01f0 3A       		.uleb128 0x3a
 2056 01f1 0B       		.uleb128 0xb
 2057 01f2 3B       		.uleb128 0x3b
 2058 01f3 05       		.uleb128 0x5
 2059 01f4 27       		.uleb128 0x27
 2060 01f5 19       		.uleb128 0x19
 2061 01f6 11       		.uleb128 0x11
 2062 01f7 01       		.uleb128 0x1
 2063 01f8 12       		.uleb128 0x12
 2064 01f9 06       		.uleb128 0x6
 2065 01fa 40       		.uleb128 0x40
 2066 01fb 18       		.uleb128 0x18
 2067 01fc 9642     		.uleb128 0x2116
 2068 01fe 19       		.uleb128 0x19
 2069 01ff 00       		.byte	0
 2070 0200 00       		.byte	0
 2071 0201 25       		.uleb128 0x25
 2072 0202 2E       		.uleb128 0x2e
 2073 0203 01       		.byte	0x1
 2074 0204 03       		.uleb128 0x3
 2075 0205 0E       		.uleb128 0xe
 2076 0206 3A       		.uleb128 0x3a
 2077 0207 0B       		.uleb128 0xb
 2078 0208 3B       		.uleb128 0x3b
 2079 0209 05       		.uleb128 0x5
 2080 020a 27       		.uleb128 0x27
 2081 020b 19       		.uleb128 0x19
 2082 020c 11       		.uleb128 0x11
 2083 020d 01       		.uleb128 0x1
 2084 020e 12       		.uleb128 0x12
 2085 020f 06       		.uleb128 0x6
 2086 0210 40       		.uleb128 0x40
 2087 0211 18       		.uleb128 0x18
 2088 0212 9742     		.uleb128 0x2117
 2089 0214 19       		.uleb128 0x19
 2090 0215 01       		.uleb128 0x1
 2091 0216 13       		.uleb128 0x13
 2092 0217 00       		.byte	0
 2093 0218 00       		.byte	0
 2094 0219 26       		.uleb128 0x26
 2095 021a 1D       		.uleb128 0x1d
 2096 021b 00       		.byte	0
 2097 021c 31       		.uleb128 0x31
 2098 021d 13       		.uleb128 0x13
 2099 021e 11       		.uleb128 0x11
 2100 021f 01       		.uleb128 0x1
 2101 0220 12       		.uleb128 0x12
 2102 0221 06       		.uleb128 0x6
 2103 0222 58       		.uleb128 0x58
 2104 0223 0B       		.uleb128 0xb
 2105 0224 59       		.uleb128 0x59
 2106 0225 05       		.uleb128 0x5
 2107 0226 00       		.byte	0
ARM GAS  /tmp/ccUqcqgn.s 			page 38


 2108 0227 00       		.byte	0
 2109 0228 27       		.uleb128 0x27
 2110 0229 2E       		.uleb128 0x2e
 2111 022a 00       		.byte	0
 2112 022b 03       		.uleb128 0x3
 2113 022c 0E       		.uleb128 0xe
 2114 022d 3A       		.uleb128 0x3a
 2115 022e 0B       		.uleb128 0xb
 2116 022f 3B       		.uleb128 0x3b
 2117 0230 05       		.uleb128 0x5
 2118 0231 27       		.uleb128 0x27
 2119 0232 19       		.uleb128 0x19
 2120 0233 20       		.uleb128 0x20
 2121 0234 0B       		.uleb128 0xb
 2122 0235 00       		.byte	0
 2123 0236 00       		.byte	0
 2124 0237 00       		.byte	0
 2125              		.section	.debug_aranges,"",%progbits
 2126 0000 54000000 		.4byte	0x54
 2127 0004 0200     		.2byte	0x2
 2128 0006 00000000 		.4byte	.Ldebug_info0
 2129 000a 04       		.byte	0x4
 2130 000b 00       		.byte	0
 2131 000c 0000     		.2byte	0
 2132 000e 0000     		.2byte	0
 2133 0010 00000000 		.4byte	.LFB38
 2134 0014 06000000 		.4byte	.LFE38-.LFB38
 2135 0018 00000000 		.4byte	.LFB39
 2136 001c 06000000 		.4byte	.LFE39-.LFB39
 2137 0020 00000000 		.4byte	.LFB77
 2138 0024 0E000000 		.4byte	.LFE77-.LFB77
 2139 0028 00000000 		.4byte	.LFB78
 2140 002c 38000000 		.4byte	.LFE78-.LFB78
 2141 0030 00000000 		.4byte	.LFB152
 2142 0034 30000000 		.4byte	.LFE152-.LFB152
 2143 0038 00000000 		.4byte	.LFB153
 2144 003c 22000000 		.4byte	.LFE153-.LFB153
 2145 0040 00000000 		.4byte	.LFB154
 2146 0044 50000000 		.4byte	.LFE154-.LFB154
 2147 0048 00000000 		.4byte	.LFB155
 2148 004c 18000000 		.4byte	.LFE155-.LFB155
 2149 0050 00000000 		.4byte	0
 2150 0054 00000000 		.4byte	0
 2151              		.section	.debug_ranges,"",%progbits
 2152              	.Ldebug_ranges0:
 2153 0000 00000000 		.4byte	.LFB38
 2154 0004 06000000 		.4byte	.LFE38
 2155 0008 00000000 		.4byte	.LFB39
 2156 000c 06000000 		.4byte	.LFE39
 2157 0010 00000000 		.4byte	.LFB77
 2158 0014 0E000000 		.4byte	.LFE77
 2159 0018 00000000 		.4byte	.LFB78
 2160 001c 38000000 		.4byte	.LFE78
 2161 0020 00000000 		.4byte	.LFB152
 2162 0024 30000000 		.4byte	.LFE152
 2163 0028 00000000 		.4byte	.LFB153
 2164 002c 22000000 		.4byte	.LFE153
ARM GAS  /tmp/ccUqcqgn.s 			page 39


 2165 0030 00000000 		.4byte	.LFB154
 2166 0034 50000000 		.4byte	.LFE154
 2167 0038 00000000 		.4byte	.LFB155
 2168 003c 18000000 		.4byte	.LFE155
 2169 0040 00000000 		.4byte	0
 2170 0044 00000000 		.4byte	0
 2171              		.section	.debug_line,"",%progbits
 2172              	.Ldebug_line0:
 2173 0000 66030000 		.section	.debug_str,"MS",%progbits,1
 2173      02009902 
 2173      00000201 
 2173      FB0E0D00 
 2173      01010101 
 2174              	.LASF51:
 2175 0000 63685F74 		.ascii	"ch_threads_list\000"
 2175      68726561 
 2175      64735F6C 
 2175      69737400 
 2176              	.LASF52:
 2177 0010 74687265 		.ascii	"threads_queue_t\000"
 2177      6164735F 
 2177      71756575 
 2177      655F7400 
 2178              	.LASF41:
 2179 0020 705F7761 		.ascii	"p_waiting\000"
 2179      6974696E 
 2179      6700
 2180              	.LASF114:
 2181 002a 53797374 		.ascii	"SystemCoreClock\000"
 2181      656D436F 
 2181      7265436C 
 2181      6F636B00 
 2182              	.LASF104:
 2183 003a 77746D74 		.ascii	"wtmtxp\000"
 2183      787000
 2184              	.LASF113:
 2185 0041 63686172 		.ascii	"char\000"
 2185      00
 2186              	.LASF86:
 2187 0046 72656761 		.ascii	"regarm_t\000"
 2187      726D5F74 
 2187      00
 2188              	.LASF32:
 2189 004f 705F7072 		.ascii	"p_prio\000"
 2189      696F00
 2190              	.LASF28:
 2191 0056 73797374 		.ascii	"systime_t\000"
 2191      696D655F 
 2191      7400
 2192              	.LASF125:
 2193 0060 63665F6F 		.ascii	"cf_off_older\000"
 2193      66665F6F 
 2193      6C646572 
 2193      00
 2194              	.LASF111:
 2195 006d 6D5F6F77 		.ascii	"m_owner\000"
 2195      6E657200 
ARM GAS  /tmp/ccUqcqgn.s 			page 40


 2196              	.LASF107:
 2197 0075 735F7175 		.ascii	"s_queue\000"
 2197      65756500 
 2198              	.LASF42:
 2199 007d 705F6D73 		.ascii	"p_msgqueue\000"
 2199      67717565 
 2199      756500
 2200              	.LASF0:
 2201 0088 756E7369 		.ascii	"unsigned int\000"
 2201      676E6564 
 2201      20696E74 
 2201      00
 2202              	.LASF49:
 2203 0095 74687265 		.ascii	"threads_list_t\000"
 2203      6164735F 
 2203      6C697374 
 2203      5F7400
 2204              	.LASF10:
 2205 00a4 5F5F696E 		.ascii	"__int32_t\000"
 2205      7433325F 
 2205      7400
 2206              	.LASF93:
 2207 00ae 73655F73 		.ascii	"se_state\000"
 2207      74617465 
 2207      00
 2208              	.LASF126:
 2209 00b7 63665F6F 		.ascii	"cf_off_name\000"
 2209      66665F6E 
 2209      616D6500 
 2210              	.LASF101:
 2211 00c3 77746F62 		.ascii	"wtobjp\000"
 2211      6A7000
 2212              	.LASF146:
 2213 00ca 706F7274 		.ascii	"port_lock\000"
 2213      5F6C6F63 
 2213      6B00
 2214              	.LASF82:
 2215 00d4 76746C69 		.ascii	"vtlist\000"
 2215      737400
 2216              	.LASF55:
 2217 00db 63685F72 		.ascii	"ch_ready_list\000"
 2217      65616479 
 2217      5F6C6973 
 2217      7400
 2218              	.LASF84:
 2219 00e9 69646C65 		.ascii	"idle_thread_wa\000"
 2219      5F746872 
 2219      6561645F 
 2219      776100
 2220              	.LASF105:
 2221 00f8 65776D61 		.ascii	"ewmask\000"
 2221      736B00
 2222              	.LASF129:
 2223 00ff 63665F6F 		.ascii	"cf_off_flags\000"
 2223      66665F66 
 2223      6C616773 
 2223      00
ARM GAS  /tmp/ccUqcqgn.s 			page 41


 2224              	.LASF53:
 2225 010c 63685F74 		.ascii	"ch_threads_queue\000"
 2225      68726561 
 2225      64735F71 
 2225      75657565 
 2225      00
 2226              	.LASF119:
 2227 011d 63685F70 		.ascii	"ch_ptrsize\000"
 2227      74727369 
 2227      7A6500
 2228              	.LASF62:
 2229 0128 76746675 		.ascii	"vtfunc_t\000"
 2229      6E635F74 
 2229      00
 2230              	.LASF152:
 2231 0131 6368436F 		.ascii	"chCoreGetStatusX\000"
 2231      72654765 
 2231      74537461 
 2231      74757358 
 2231      00
 2232              	.LASF108:
 2233 0142 735F636E 		.ascii	"s_cnt\000"
 2233      7400
 2234              	.LASF74:
 2235 0148 63685F73 		.ascii	"ch_system_debug\000"
 2235      79737465 
 2235      6D5F6465 
 2235      62756700 
 2236              	.LASF151:
 2237 0158 2F686F6D 		.ascii	"/home/felix/esho/Ultrasound/\000"
 2237      652F6665 
 2237      6C69782F 
 2237      6573686F 
 2237      2F556C74 
 2238              	.LASF19:
 2239 0175 75696E74 		.ascii	"uint32_t\000"
 2239      33325F74 
 2239      00
 2240              	.LASF120:
 2241 017e 63685F74 		.ascii	"ch_timesize\000"
 2241      696D6573 
 2241      697A6500 
 2242              	.LASF26:
 2243 018a 6576656E 		.ascii	"eventmask_t\000"
 2243      746D6173 
 2243      6B5F7400 
 2244              	.LASF57:
 2245 0196 725F7072 		.ascii	"r_prio\000"
 2245      696F00
 2246              	.LASF69:
 2247 019d 76745F70 		.ascii	"vt_par\000"
 2247      617200
 2248              	.LASF106:
 2249 01a4 63685F73 		.ascii	"ch_semaphore\000"
 2249      656D6170 
 2249      686F7265 
 2249      00
ARM GAS  /tmp/ccUqcqgn.s 			page 42


 2250              	.LASF24:
 2251 01b1 74707269 		.ascii	"tprio_t\000"
 2251      6F5F7400 
 2252              	.LASF64:
 2253 01b9 63685F76 		.ascii	"ch_virtual_timer\000"
 2253      69727475 
 2253      616C5F74 
 2253      696D6572 
 2253      00
 2254              	.LASF15:
 2255 01ca 6C6F6E67 		.ascii	"long long unsigned int\000"
 2255      206C6F6E 
 2255      6720756E 
 2255      7369676E 
 2255      65642069 
 2256              	.LASF92:
 2257 01e1 73655F77 		.ascii	"se_wtobjp\000"
 2257      746F626A 
 2257      7000
 2258              	.LASF8:
 2259 01eb 5F5F7569 		.ascii	"__uint16_t\000"
 2259      6E743136 
 2259      5F7400
 2260              	.LASF27:
 2261 01f6 636E745F 		.ascii	"cnt_t\000"
 2261      7400
 2262              	.LASF144:
 2263 01fc 63685379 		.ascii	"chSysUnlock\000"
 2263      73556E6C 
 2263      6F636B00 
 2264              	.LASF76:
 2265 0208 6973725F 		.ascii	"isr_cnt\000"
 2265      636E7400 
 2266              	.LASF34:
 2267 0210 705F6E65 		.ascii	"p_newer\000"
 2267      77657200 
 2268              	.LASF71:
 2269 0218 63685F76 		.ascii	"ch_virtual_timers_list\000"
 2269      69727475 
 2269      616C5F74 
 2269      696D6572 
 2269      735F6C69 
 2270              	.LASF90:
 2271 022f 73655F74 		.ascii	"se_time\000"
 2271      696D6500 
 2272              	.LASF29:
 2273 0237 74687265 		.ascii	"thread_t\000"
 2273      61645F74 
 2273      00
 2274              	.LASF153:
 2275 0240 5F636F72 		.ascii	"_core_init\000"
 2275      655F696E 
 2275      697400
 2276              	.LASF142:
 2277 024b 5F5F6865 		.ascii	"__heap_base__\000"
 2277      61705F62 
 2277      6173655F 
ARM GAS  /tmp/ccUqcqgn.s 			page 43


 2277      5F00
 2278              	.LASF4:
 2279 0259 73697A65 		.ascii	"size_t\000"
 2279      5F7400
 2280              	.LASF99:
 2281 0260 7264796D 		.ascii	"rdymsg\000"
 2281      736700
 2282              	.LASF121:
 2283 0267 63685F74 		.ascii	"ch_threadsize\000"
 2283      68726561 
 2283      6473697A 
 2283      6500
 2284              	.LASF147:
 2285 0275 5F5F6469 		.ascii	"__disable_irq\000"
 2285      7361626C 
 2285      655F6972 
 2285      7100
 2286              	.LASF131:
 2287 0283 63665F6F 		.ascii	"cf_off_preempt\000"
 2287      66665F70 
 2287      7265656D 
 2287      707400
 2288              	.LASF136:
 2289 0292 5F426F6F 		.ascii	"_Bool\000"
 2289      6C00
 2290              	.LASF149:
 2291 0298 474E5520 		.ascii	"GNU C11 6.3.1 20170215 (release) [ARM/embedded-6-br"
 2291      43313120 
 2291      362E332E 
 2291      31203230 
 2291      31373032 
 2292 02cb 616E6368 		.ascii	"anch revision 245512] -mcpu=cortex-m0 -mno-thumb-in"
 2292      20726576 
 2292      6973696F 
 2292      6E203234 
 2292      35353132 
 2293 02fe 74657277 		.ascii	"terwork -mthumb -ggdb -O0 -fomit-frame-pointer -fal"
 2293      6F726B20 
 2293      2D6D7468 
 2293      756D6220 
 2293      2D676764 
 2294 0331 69676E2D 		.ascii	"ign-functions=16 -ffunction-sections -fdata-section"
 2294      66756E63 
 2294      74696F6E 
 2294      733D3136 
 2294      202D6666 
 2295 0364 7300     		.ascii	"s\000"
 2296              	.LASF109:
 2297 0366 63685F6D 		.ascii	"ch_mutex\000"
 2297      75746578 
 2297      00
 2298              	.LASF14:
 2299 036f 5F5F7569 		.ascii	"__uint64_t\000"
 2299      6E743634 
 2299      5F7400
 2300              	.LASF155:
 2301 037a 63685379 		.ascii	"chSysLock\000"
ARM GAS  /tmp/ccUqcqgn.s 			page 44


 2301      734C6F63 
 2301      6B00
 2302              	.LASF123:
 2303 0384 63665F6F 		.ascii	"cf_off_ctx\000"
 2303      66665F63 
 2303      747800
 2304              	.LASF127:
 2305 038f 63665F6F 		.ascii	"cf_off_stklimit\000"
 2305      66665F73 
 2305      746B6C69 
 2305      6D697400 
 2306              	.LASF36:
 2307 039f 705F6E61 		.ascii	"p_name\000"
 2307      6D6500
 2308              	.LASF67:
 2309 03a6 76745F64 		.ascii	"vt_delta\000"
 2309      656C7461 
 2309      00
 2310              	.LASF48:
 2311 03af 74687265 		.ascii	"thread_reference_t\000"
 2311      61645F72 
 2311      65666572 
 2311      656E6365 
 2311      5F7400
 2312              	.LASF72:
 2313 03c2 76745F6C 		.ascii	"vt_lasttime\000"
 2313      61737474 
 2313      696D6500 
 2314              	.LASF22:
 2315 03ce 74737461 		.ascii	"tstate_t\000"
 2315      74655F74 
 2315      00
 2316              	.LASF91:
 2317 03d7 73655F74 		.ascii	"se_tp\000"
 2317      7000
 2318              	.LASF35:
 2319 03dd 705F6F6C 		.ascii	"p_older\000"
 2319      64657200 
 2320              	.LASF38:
 2321 03e5 705F7374 		.ascii	"p_state\000"
 2321      61746500 
 2322              	.LASF37:
 2323 03ed 705F7374 		.ascii	"p_stklimit\000"
 2323      6B6C696D 
 2323      697400
 2324              	.LASF16:
 2325 03f8 75696E74 		.ascii	"uint8_t\000"
 2325      385F7400 
 2326              	.LASF97:
 2327 0400 74625F62 		.ascii	"tb_buffer\000"
 2327      75666665 
 2327      7200
 2328              	.LASF47:
 2329 040a 705F6D70 		.ascii	"p_mpool\000"
 2329      6F6F6C00 
 2330              	.LASF45:
 2331 0412 705F6D74 		.ascii	"p_mtxlist\000"
ARM GAS  /tmp/ccUqcqgn.s 			page 45


 2331      786C6973 
 2331      7400
 2332              	.LASF50:
 2333 041c 63685F74 		.ascii	"ch_thread\000"
 2333      68726561 
 2333      6400
 2334              	.LASF95:
 2335 0426 74625F73 		.ascii	"tb_size\000"
 2335      697A6500 
 2336              	.LASF73:
 2337 042e 73797374 		.ascii	"system_debug_t\000"
 2337      656D5F64 
 2337      65627567 
 2337      5F7400
 2338              	.LASF1:
 2339 043d 6C6F6E67 		.ascii	"long long int\000"
 2339      206C6F6E 
 2339      6720696E 
 2339      7400
 2340              	.LASF140:
 2341 044b 6368436F 		.ascii	"chCoreAlloc\000"
 2341      7265416C 
 2341      6C6F6300 
 2342              	.LASF56:
 2343 0457 725F7175 		.ascii	"r_queue\000"
 2343      65756500 
 2344              	.LASF150:
 2345 045f 43686962 		.ascii	"ChibiOS/os/rt/src/chmemcore.c\000"
 2345      694F532F 
 2345      6F732F72 
 2345      742F7372 
 2345      632F6368 
 2346              	.LASF59:
 2347 047d 725F6E65 		.ascii	"r_newer\000"
 2347      77657200 
 2348              	.LASF25:
 2349 0485 6D73675F 		.ascii	"msg_t\000"
 2349      7400
 2350              	.LASF88:
 2351 048b 636F6E74 		.ascii	"context\000"
 2351      65787400 
 2352              	.LASF39:
 2353 0493 705F666C 		.ascii	"p_flags\000"
 2353      61677300 
 2354              	.LASF63:
 2355 049b 76697274 		.ascii	"virtual_timer_t\000"
 2355      75616C5F 
 2355      74696D65 
 2355      725F7400 
 2356              	.LASF130:
 2357 04ab 63665F6F 		.ascii	"cf_off_refs\000"
 2357      66665F72 
 2357      65667300 
 2358              	.LASF116:
 2359 04b7 63685F7A 		.ascii	"ch_zero\000"
 2359      65726F00 
 2360              	.LASF141:
ARM GAS  /tmp/ccUqcqgn.s 			page 46


 2361 04bf 73697A65 		.ascii	"size\000"
 2361      00
 2362              	.LASF96:
 2363 04c4 74625F70 		.ascii	"tb_ptr\000"
 2363      747200
 2364              	.LASF60:
 2365 04cb 725F6F6C 		.ascii	"r_older\000"
 2365      64657200 
 2366              	.LASF75:
 2367 04d3 70616E69 		.ascii	"panic_msg\000"
 2367      635F6D73 
 2367      6700
 2368              	.LASF43:
 2369 04dd 705F6D73 		.ascii	"p_msg\000"
 2369      6700
 2370              	.LASF21:
 2371 04e3 746D6F64 		.ascii	"tmode_t\000"
 2371      655F7400 
 2372              	.LASF117:
 2373 04eb 63685F73 		.ascii	"ch_size\000"
 2373      697A6500 
 2374              	.LASF83:
 2375 04f3 6D61696E 		.ascii	"mainthread\000"
 2375      74687265 
 2375      616400
 2376              	.LASF2:
 2377 04fe 6C6F6E67 		.ascii	"long double\000"
 2377      20646F75 
 2377      626C6500 
 2378              	.LASF17:
 2379 050a 75696E74 		.ascii	"uint16_t\000"
 2379      31365F74 
 2379      00
 2380              	.LASF133:
 2381 0513 63686465 		.ascii	"chdebug_t\000"
 2381      6275675F 
 2381      7400
 2382              	.LASF77:
 2383 051d 6C6F636B 		.ascii	"lock_cnt\000"
 2383      5F636E74 
 2383      00
 2384              	.LASF46:
 2385 0526 705F7265 		.ascii	"p_realprio\000"
 2385      616C7072 
 2385      696F00
 2386              	.LASF118:
 2387 0531 63685F76 		.ascii	"ch_version\000"
 2387      65727369 
 2387      6F6E00
 2388              	.LASF7:
 2389 053c 73686F72 		.ascii	"short int\000"
 2389      7420696E 
 2389      7400
 2390              	.LASF61:
 2391 0546 725F6375 		.ascii	"r_current\000"
 2391      7272656E 
 2391      7400
ARM GAS  /tmp/ccUqcqgn.s 			page 47


 2392              	.LASF44:
 2393 0550 705F6570 		.ascii	"p_epending\000"
 2393      656E6469 
 2393      6E6700
 2394              	.LASF110:
 2395 055b 6D5F7175 		.ascii	"m_queue\000"
 2395      65756500 
 2396              	.LASF11:
 2397 0563 6C6F6E67 		.ascii	"long int\000"
 2397      20696E74 
 2397      00
 2398              	.LASF89:
 2399 056c 706F7274 		.ascii	"port_intctx\000"
 2399      5F696E74 
 2399      63747800 
 2400              	.LASF148:
 2401 0578 5F5F656E 		.ascii	"__enable_irq\000"
 2401      61626C65 
 2401      5F697271 
 2401      00
 2402              	.LASF80:
 2403 0585 63685F73 		.ascii	"ch_system\000"
 2403      79737465 
 2403      6D00
 2404              	.LASF30:
 2405 058f 705F6E65 		.ascii	"p_next\000"
 2405      787400
 2406              	.LASF20:
 2407 0596 75696E74 		.ascii	"uint64_t\000"
 2407      36345F74 
 2407      00
 2408              	.LASF33:
 2409 059f 705F6374 		.ascii	"p_ctx\000"
 2409      7800
 2410              	.LASF81:
 2411 05a5 726C6973 		.ascii	"rlist\000"
 2411      7400
 2412              	.LASF132:
 2413 05ab 63665F6F 		.ascii	"cf_off_time\000"
 2413      66665F74 
 2413      696D6500 
 2414              	.LASF122:
 2415 05b7 63665F6F 		.ascii	"cf_off_prio\000"
 2415      66665F70 
 2415      72696F00 
 2416              	.LASF5:
 2417 05c3 5F5F7569 		.ascii	"__uint8_t\000"
 2417      6E74385F 
 2417      7400
 2418              	.LASF115:
 2419 05cd 63685F69 		.ascii	"ch_identifier\000"
 2419      64656E74 
 2419      69666965 
 2419      7200
 2420              	.LASF31:
 2421 05db 705F7072 		.ascii	"p_prev\000"
 2421      657600
ARM GAS  /tmp/ccUqcqgn.s 			page 48


 2422              	.LASF85:
 2423 05e2 73697A65 		.ascii	"sizetype\000"
 2423      74797065 
 2423      00
 2424              	.LASF23:
 2425 05eb 74726566 		.ascii	"trefs_t\000"
 2425      735F7400 
 2426              	.LASF13:
 2427 05f3 6C6F6E67 		.ascii	"long unsigned int\000"
 2427      20756E73 
 2427      69676E65 
 2427      6420696E 
 2427      7400
 2428              	.LASF128:
 2429 0605 63665F6F 		.ascii	"cf_off_state\000"
 2429      66665F73 
 2429      74617465 
 2429      00
 2430              	.LASF54:
 2431 0612 72656164 		.ascii	"ready_list_t\000"
 2431      795F6C69 
 2431      73745F74 
 2431      00
 2432              	.LASF18:
 2433 061f 696E7433 		.ascii	"int32_t\000"
 2433      325F7400 
 2434              	.LASF78:
 2435 0627 74726163 		.ascii	"trace_buffer\000"
 2435      655F6275 
 2435      66666572 
 2435      00
 2436              	.LASF103:
 2437 0634 77747365 		.ascii	"wtsemp\000"
 2437      6D7000
 2438              	.LASF94:
 2439 063b 63685F73 		.ascii	"ch_swc_event_t\000"
 2439      77635F65 
 2439      76656E74 
 2439      5F7400
 2440              	.LASF135:
 2441 064a 6D757465 		.ascii	"mutex_t\000"
 2441      785F7400 
 2442              	.LASF6:
 2443 0652 756E7369 		.ascii	"unsigned char\000"
 2443      676E6564 
 2443      20636861 
 2443      7200
 2444              	.LASF12:
 2445 0660 5F5F7569 		.ascii	"__uint32_t\000"
 2445      6E743332 
 2445      5F7400
 2446              	.LASF70:
 2447 066b 76697274 		.ascii	"virtual_timers_list_t\000"
 2447      75616C5F 
 2447      74696D65 
 2447      72735F6C 
 2447      6973745F 
ARM GAS  /tmp/ccUqcqgn.s 			page 49


 2448              	.LASF40:
 2449 0681 705F7265 		.ascii	"p_refs\000"
 2449      667300
 2450              	.LASF65:
 2451 0688 76745F6E 		.ascii	"vt_next\000"
 2451      65787400 
 2452              	.LASF79:
 2453 0690 63685F73 		.ascii	"ch_system_t\000"
 2453      79737465 
 2453      6D5F7400 
 2454              	.LASF102:
 2455 069c 77747472 		.ascii	"wttrp\000"
 2455      7000
 2456              	.LASF98:
 2457 06a2 63685F74 		.ascii	"ch_trace_buffer_t\000"
 2457      72616365 
 2457      5F627566 
 2457      6665725F 
 2457      7400
 2458              	.LASF112:
 2459 06b4 6D5F6E65 		.ascii	"m_next\000"
 2459      787400
 2460              	.LASF3:
 2461 06bb 7369676E 		.ascii	"signed char\000"
 2461      65642063 
 2461      68617200 
 2462              	.LASF124:
 2463 06c7 63665F6F 		.ascii	"cf_off_newer\000"
 2463      66665F6E 
 2463      65776572 
 2463      00
 2464              	.LASF9:
 2465 06d4 73686F72 		.ascii	"short unsigned int\000"
 2465      7420756E 
 2465      7369676E 
 2465      65642069 
 2465      6E7400
 2466              	.LASF58:
 2467 06e7 725F6374 		.ascii	"r_ctx\000"
 2467      7800
 2468              	.LASF87:
 2469 06ed 73746B61 		.ascii	"stkalign_t\000"
 2469      6C69676E 
 2469      5F7400
 2470              	.LASF138:
 2471 06f8 656E646D 		.ascii	"endmem\000"
 2471      656D00
 2472              	.LASF154:
 2473 06ff 5F5F6675 		.ascii	"__func__\000"
 2473      6E635F5F 
 2473      00
 2474              	.LASF134:
 2475 0708 63685F64 		.ascii	"ch_debug\000"
 2475      65627567 
 2475      00
 2476              	.LASF68:
 2477 0711 76745F66 		.ascii	"vt_func\000"
ARM GAS  /tmp/ccUqcqgn.s 			page 50


 2477      756E6300 
 2478              	.LASF145:
 2479 0719 706F7274 		.ascii	"port_unlock\000"
 2479      5F756E6C 
 2479      6F636B00 
 2480              	.LASF66:
 2481 0725 76745F70 		.ascii	"vt_prev\000"
 2481      72657600 
 2482              	.LASF139:
 2483 072d 6368436F 		.ascii	"chCoreAllocI\000"
 2483      7265416C 
 2483      6C6F6349 
 2483      00
 2484              	.LASF137:
 2485 073a 6E657874 		.ascii	"nextmem\000"
 2485      6D656D00 
 2486              	.LASF100:
 2487 0742 65786974 		.ascii	"exitcode\000"
 2487      636F6465 
 2487      00
 2488              	.LASF143:
 2489 074b 5F5F6865 		.ascii	"__heap_end__\000"
 2489      61705F65 
 2489      6E645F5F 
 2489      00
 2490              		.ident	"GCC: (GNU Tools for ARM Embedded Processors 6-2017-q1-update) 6.3.1 20170215 (release) [AR
ARM GAS  /tmp/ccUqcqgn.s 			page 51


DEFINED SYMBOLS
                            *ABS*:0000000000000000 chmemcore.c
     /tmp/ccUqcqgn.s:16     .text.port_lock:0000000000000000 $t
     /tmp/ccUqcqgn.s:23     .text.port_lock:0000000000000000 port_lock
     /tmp/ccUqcqgn.s:51     .text.port_unlock:0000000000000000 $t
     /tmp/ccUqcqgn.s:58     .text.port_unlock:0000000000000000 port_unlock
     /tmp/ccUqcqgn.s:84     .text.chSysLock:0000000000000000 $t
     /tmp/ccUqcqgn.s:91     .text.chSysLock:0000000000000000 chSysLock
     /tmp/ccUqcqgn.s:114    .text.chSysUnlock:0000000000000000 $t
     /tmp/ccUqcqgn.s:121    .text.chSysUnlock:0000000000000000 chSysUnlock
     /tmp/ccUqcqgn.s:162    .text.chSysUnlock:0000000000000030 $d
     /tmp/ccUqcqgn.s:376    .rodata.__func__.4993:0000000000000000 __func__.4993
     /tmp/ccUqcqgn.s:168    .bss.nextmem:0000000000000000 $d
     /tmp/ccUqcqgn.s:171    .bss.nextmem:0000000000000000 nextmem
     /tmp/ccUqcqgn.s:174    .bss.endmem:0000000000000000 $d
     /tmp/ccUqcqgn.s:177    .bss.endmem:0000000000000000 endmem
     /tmp/ccUqcqgn.s:180    .text._core_init:0000000000000000 $t
     /tmp/ccUqcqgn.s:188    .text._core_init:0000000000000000 _core_init
     /tmp/ccUqcqgn.s:218    .text._core_init:0000000000000020 $d
     /tmp/ccUqcqgn.s:226    .text.chCoreAlloc:0000000000000000 $t
     /tmp/ccUqcqgn.s:234    .text.chCoreAlloc:0000000000000000 chCoreAlloc
     /tmp/ccUqcqgn.s:275    .text.chCoreAllocI:0000000000000000 chCoreAllocI
     /tmp/ccUqcqgn.s:267    .text.chCoreAllocI:0000000000000000 $t
     /tmp/ccUqcqgn.s:332    .text.chCoreAllocI:0000000000000048 $d
     /tmp/ccUqcqgn.s:338    .text.chCoreGetStatusX:0000000000000000 $t
     /tmp/ccUqcqgn.s:346    .text.chCoreGetStatusX:0000000000000000 chCoreGetStatusX
     /tmp/ccUqcqgn.s:367    .text.chCoreGetStatusX:0000000000000010 $d
     /tmp/ccUqcqgn.s:373    .rodata.__func__.4993:0000000000000000 $d
                     .debug_frame:0000000000000010 $d

UNDEFINED SYMBOLS
_dbg_check_lock
_dbg_check_unlock
chSysHalt
ch
__heap_base__
__heap_end__
chDbgCheckClassI
