ARM GAS  /tmp/ccQEuhpD.s 			page 1


   1              		.cpu cortex-m0
   2              		.eabi_attribute 20, 1
   3              		.eabi_attribute 21, 1
   4              		.eabi_attribute 23, 3
   5              		.eabi_attribute 24, 1
   6              		.eabi_attribute 25, 1
   7              		.eabi_attribute 26, 1
   8              		.eabi_attribute 30, 6
   9              		.eabi_attribute 34, 0
  10              		.eabi_attribute 18, 4
  11              		.file	"osal.c"
  12              		.text
  13              	.Ltext0:
  14              		.cfi_sections	.debug_frame
  15              	.Letext0:
  16              		.file 1 "/home/felix/opt/gcc-arm-none-eabi-6-2017-q1-update/arm-none-eabi/include/machine/_default
  17              		.file 2 "/home/felix/opt/gcc-arm-none-eabi-6-2017-q1-update/arm-none-eabi/include/sys/_stdint.h"
  18              		.file 3 "ChibiOS/os/rt/ports/ARMCMx/compilers/GCC/chtypes.h"
  19              		.file 4 "ChibiOS/os/rt/include/chsystypes.h"
  20              		.file 5 "ChibiOS/os/rt/include/chschd.h"
  21              		.file 6 "ChibiOS/os/rt/ports/ARMCMx/chcore.h"
  22              		.file 7 "ChibiOS/os/rt/ports/ARMCMx/chcore_v6m.h"
  23              		.file 8 "ChibiOS/os/rt/include/chdebug.h"
  24              		.file 9 "ChibiOS/os/rt/include/chsem.h"
  25              		.file 10 "ChibiOS/os/rt/include/chmtx.h"
  26              		.file 11 "ChibiOS/os/rt/include/chregistry.h"
  27              		.file 12 "ChibiOS/os/ext/CMSIS/ST/STM32F0xx/system_stm32f0xx.h"
  28              		.section	.debug_info,"",%progbits
  29              	.Ldebug_info0:
  30 0000 E0070000 		.4byte	0x7e0
  31 0004 0400     		.2byte	0x4
  32 0006 00000000 		.4byte	.Ldebug_abbrev0
  33 000a 04       		.byte	0x4
  34 000b 01       		.uleb128 0x1
  35 000c 43020000 		.4byte	.LASF136
  36 0010 0C       		.byte	0xc
  37 0011 B7050000 		.4byte	.LASF137
  38 0015 3D010000 		.4byte	.LASF138
  39 0019 00000000 		.4byte	.Ldebug_line0
  40 001d 02       		.uleb128 0x2
  41 001e 04       		.byte	0x4
  42 001f 05       		.byte	0x5
  43 0020 696E7400 		.ascii	"int\000"
  44 0024 03       		.uleb128 0x3
  45 0025 04       		.byte	0x4
  46 0026 07       		.byte	0x7
  47 0027 88000000 		.4byte	.LASF0
  48 002b 03       		.uleb128 0x3
  49 002c 08       		.byte	0x8
  50 002d 05       		.byte	0x5
  51 002e DE030000 		.4byte	.LASF1
  52 0032 03       		.uleb128 0x3
  53 0033 08       		.byte	0x8
  54 0034 04       		.byte	0x4
  55 0035 70040000 		.4byte	.LASF2
  56 0039 03       		.uleb128 0x3
  57 003a 01       		.byte	0x1
ARM GAS  /tmp/ccQEuhpD.s 			page 2


  58 003b 06       		.byte	0x6
  59 003c 3E060000 		.4byte	.LASF3
  60 0040 04       		.uleb128 0x4
  61 0041 28050000 		.4byte	.LASF6
  62 0045 01       		.byte	0x1
  63 0046 2B       		.byte	0x2b
  64 0047 4B000000 		.4byte	0x4b
  65 004b 03       		.uleb128 0x3
  66 004c 01       		.byte	0x1
  67 004d 08       		.byte	0x8
  68 004e D5050000 		.4byte	.LASF4
  69 0052 03       		.uleb128 0x3
  70 0053 02       		.byte	0x2
  71 0054 05       		.byte	0x5
  72 0055 AE040000 		.4byte	.LASF5
  73 0059 04       		.uleb128 0x4
  74 005a D0010000 		.4byte	.LASF7
  75 005e 01       		.byte	0x1
  76 005f 39       		.byte	0x39
  77 0060 64000000 		.4byte	0x64
  78 0064 03       		.uleb128 0x3
  79 0065 02       		.byte	0x2
  80 0066 07       		.byte	0x7
  81 0067 57060000 		.4byte	.LASF8
  82 006b 04       		.uleb128 0x4
  83 006c A4000000 		.4byte	.LASF9
  84 0070 01       		.byte	0x1
  85 0071 4D       		.byte	0x4d
  86 0072 76000000 		.4byte	0x76
  87 0076 03       		.uleb128 0x3
  88 0077 04       		.byte	0x4
  89 0078 05       		.byte	0x5
  90 0079 D5040000 		.4byte	.LASF10
  91 007d 04       		.uleb128 0x4
  92 007e E3050000 		.4byte	.LASF11
  93 0082 01       		.byte	0x1
  94 0083 4F       		.byte	0x4f
  95 0084 88000000 		.4byte	0x88
  96 0088 03       		.uleb128 0x3
  97 0089 04       		.byte	0x4
  98 008a 07       		.byte	0x7
  99 008b 58050000 		.4byte	.LASF12
 100 008f 04       		.uleb128 0x4
 101 0090 1A030000 		.4byte	.LASF13
 102 0094 01       		.byte	0x1
 103 0095 69       		.byte	0x69
 104 0096 9A000000 		.4byte	0x9a
 105 009a 03       		.uleb128 0x3
 106 009b 08       		.byte	0x8
 107 009c 07       		.byte	0x7
 108 009d AF010000 		.4byte	.LASF14
 109 00a1 04       		.uleb128 0x4
 110 00a2 99030000 		.4byte	.LASF15
 111 00a6 02       		.byte	0x2
 112 00a7 18       		.byte	0x18
 113 00a8 40000000 		.4byte	0x40
 114 00ac 04       		.uleb128 0x4
ARM GAS  /tmp/ccQEuhpD.s 			page 3


 115 00ad 7C040000 		.4byte	.LASF16
 116 00b1 02       		.byte	0x2
 117 00b2 24       		.byte	0x24
 118 00b3 59000000 		.4byte	0x59
 119 00b7 04       		.uleb128 0x4
 120 00b8 84050000 		.4byte	.LASF17
 121 00bc 02       		.byte	0x2
 122 00bd 2C       		.byte	0x2c
 123 00be 6B000000 		.4byte	0x6b
 124 00c2 04       		.uleb128 0x4
 125 00c3 5A010000 		.4byte	.LASF18
 126 00c7 02       		.byte	0x2
 127 00c8 30       		.byte	0x30
 128 00c9 7D000000 		.4byte	0x7d
 129 00cd 04       		.uleb128 0x4
 130 00ce FB040000 		.4byte	.LASF19
 131 00d2 02       		.byte	0x2
 132 00d3 3C       		.byte	0x3c
 133 00d4 8F000000 		.4byte	0x8f
 134 00d8 04       		.uleb128 0x4
 135 00d9 55040000 		.4byte	.LASF20
 136 00dd 03       		.byte	0x3
 137 00de 3C       		.byte	0x3c
 138 00df A1000000 		.4byte	0xa1
 139 00e3 04       		.uleb128 0x4
 140 00e4 6F030000 		.4byte	.LASF21
 141 00e8 03       		.byte	0x3
 142 00e9 3D       		.byte	0x3d
 143 00ea A1000000 		.4byte	0xa1
 144 00ee 04       		.uleb128 0x4
 145 00ef 50050000 		.4byte	.LASF22
 146 00f3 03       		.byte	0x3
 147 00f4 3E       		.byte	0x3e
 148 00f5 A1000000 		.4byte	0xa1
 149 00f9 04       		.uleb128 0x4
 150 00fa 96010000 		.4byte	.LASF23
 151 00fe 03       		.byte	0x3
 152 00ff 40       		.byte	0x40
 153 0100 C2000000 		.4byte	0xc2
 154 0104 04       		.uleb128 0x4
 155 0105 FC030000 		.4byte	.LASF24
 156 0109 03       		.byte	0x3
 157 010a 41       		.byte	0x41
 158 010b B7000000 		.4byte	0xb7
 159 010f 04       		.uleb128 0x4
 160 0110 6F010000 		.4byte	.LASF25
 161 0114 03       		.byte	0x3
 162 0115 43       		.byte	0x43
 163 0116 C2000000 		.4byte	0xc2
 164 011a 04       		.uleb128 0x4
 165 011b DB010000 		.4byte	.LASF26
 166 011f 03       		.byte	0x3
 167 0120 45       		.byte	0x45
 168 0121 B7000000 		.4byte	0xb7
 169 0125 04       		.uleb128 0x4
 170 0126 56000000 		.4byte	.LASF27
 171 012a 04       		.byte	0x4
ARM GAS  /tmp/ccQEuhpD.s 			page 4


 172 012b 35       		.byte	0x35
 173 012c AC000000 		.4byte	0xac
 174 0130 04       		.uleb128 0x4
 175 0131 10020000 		.4byte	.LASF28
 176 0135 04       		.byte	0x4
 177 0136 3F       		.byte	0x3f
 178 0137 3B010000 		.4byte	0x13b
 179 013b 05       		.uleb128 0x5
 180 013c BD030000 		.4byte	.LASF49
 181 0140 48       		.byte	0x48
 182 0141 05       		.byte	0x5
 183 0142 C2       		.byte	0xc2
 184 0143 34020000 		.4byte	0x234
 185 0147 06       		.uleb128 0x6
 186 0148 F4040000 		.4byte	.LASF29
 187 014c 05       		.byte	0x5
 188 014d C3       		.byte	0xc3
 189 014e 3F020000 		.4byte	0x23f
 190 0152 00       		.byte	0
 191 0153 06       		.uleb128 0x6
 192 0154 40050000 		.4byte	.LASF30
 193 0158 05       		.byte	0x5
 194 0159 C5       		.byte	0xc5
 195 015a 3F020000 		.4byte	0x23f
 196 015e 04       		.byte	0x4
 197 015f 06       		.uleb128 0x6
 198 0160 4F000000 		.4byte	.LASF31
 199 0164 05       		.byte	0x5
 200 0165 C7       		.byte	0xc7
 201 0166 F9000000 		.4byte	0xf9
 202 016a 08       		.byte	0x8
 203 016b 06       		.uleb128 0x6
 204 016c 04050000 		.4byte	.LASF32
 205 0170 05       		.byte	0x5
 206 0171 C8       		.byte	0xc8
 207 0172 98040000 		.4byte	0x498
 208 0176 0C       		.byte	0xc
 209 0177 06       		.uleb128 0x6
 210 0178 E9010000 		.4byte	.LASF33
 211 017c 05       		.byte	0x5
 212 017d CA       		.byte	0xca
 213 017e 3F020000 		.4byte	0x23f
 214 0182 10       		.byte	0x10
 215 0183 06       		.uleb128 0x6
 216 0184 7E030000 		.4byte	.LASF34
 217 0188 05       		.byte	0x5
 218 0189 CB       		.byte	0xcb
 219 018a 3F020000 		.4byte	0x23f
 220 018e 14       		.byte	0x14
 221 018f 06       		.uleb128 0x6
 222 0190 40030000 		.4byte	.LASF35
 223 0194 05       		.byte	0x5
 224 0195 D2       		.byte	0xd2
 225 0196 81060000 		.4byte	0x681
 226 019a 18       		.byte	0x18
 227 019b 06       		.uleb128 0x6
 228 019c 8E030000 		.4byte	.LASF36
ARM GAS  /tmp/ccQEuhpD.s 			page 5


 229 01a0 05       		.byte	0x5
 230 01a1 D8       		.byte	0xd8
 231 01a2 98060000 		.4byte	0x698
 232 01a6 1C       		.byte	0x1c
 233 01a7 06       		.uleb128 0x6
 234 01a8 86030000 		.4byte	.LASF37
 235 01ac 05       		.byte	0x5
 236 01ad DD       		.byte	0xdd
 237 01ae E3000000 		.4byte	0xe3
 238 01b2 20       		.byte	0x20
 239 01b3 06       		.uleb128 0x6
 240 01b4 0A040000 		.4byte	.LASF38
 241 01b8 05       		.byte	0x5
 242 01b9 E1       		.byte	0xe1
 243 01ba D8000000 		.4byte	0xd8
 244 01be 21       		.byte	0x21
 245 01bf 06       		.uleb128 0x6
 246 01c0 04060000 		.4byte	.LASF39
 247 01c4 05       		.byte	0x5
 248 01c5 E6       		.byte	0xe6
 249 01c6 EE000000 		.4byte	0xee
 250 01ca 22       		.byte	0x22
 251 01cb 07       		.uleb128 0x7
 252 01cc 705F7500 		.ascii	"p_u\000"
 253 01d0 05       		.byte	0x5
 254 01d1 3101     		.2byte	0x131
 255 01d3 BC050000 		.4byte	0x5bc
 256 01d7 24       		.byte	0x24
 257 01d8 08       		.uleb128 0x8
 258 01d9 20000000 		.4byte	.LASF40
 259 01dd 05       		.byte	0x5
 260 01de 3601     		.2byte	0x136
 261 01e0 45020000 		.4byte	0x245
 262 01e4 28       		.byte	0x28
 263 01e5 08       		.uleb128 0x8
 264 01e6 7D000000 		.4byte	.LASF41
 265 01ea 05       		.byte	0x5
 266 01eb 3C01     		.2byte	0x13c
 267 01ed 69020000 		.4byte	0x269
 268 01f1 2C       		.byte	0x2c
 269 01f2 08       		.uleb128 0x8
 270 01f3 4F040000 		.4byte	.LASF42
 271 01f7 05       		.byte	0x5
 272 01f8 4001     		.2byte	0x140
 273 01fa 04010000 		.4byte	0x104
 274 01fe 34       		.byte	0x34
 275 01ff 08       		.uleb128 0x8
 276 0200 C2040000 		.4byte	.LASF43
 277 0204 05       		.byte	0x5
 278 0205 4601     		.2byte	0x146
 279 0207 0F010000 		.4byte	0x10f
 280 020b 38       		.byte	0x38
 281 020c 08       		.uleb128 0x8
 282 020d B3030000 		.4byte	.LASF44
 283 0211 05       		.byte	0x5
 284 0212 4D01     		.2byte	0x14d
 285 0214 7B060000 		.4byte	0x67b
ARM GAS  /tmp/ccQEuhpD.s 			page 6


 286 0218 3C       		.byte	0x3c
 287 0219 08       		.uleb128 0x8
 288 021a 98040000 		.4byte	.LASF45
 289 021e 05       		.byte	0x5
 290 021f 5101     		.2byte	0x151
 291 0221 F9000000 		.4byte	0xf9
 292 0225 40       		.byte	0x40
 293 0226 08       		.uleb128 0x8
 294 0227 AB030000 		.4byte	.LASF46
 295 022b 05       		.byte	0x5
 296 022c 5801     		.2byte	0x158
 297 022e 1C030000 		.4byte	0x31c
 298 0232 44       		.byte	0x44
 299 0233 00       		.byte	0
 300 0234 04       		.uleb128 0x4
 301 0235 50030000 		.4byte	.LASF47
 302 0239 04       		.byte	0x4
 303 023a 44       		.byte	0x44
 304 023b 3F020000 		.4byte	0x23f
 305 023f 09       		.uleb128 0x9
 306 0240 04       		.byte	0x4
 307 0241 30010000 		.4byte	0x130
 308 0245 04       		.uleb128 0x4
 309 0246 95000000 		.4byte	.LASF48
 310 024a 04       		.byte	0x4
 311 024b 49       		.byte	0x49
 312 024c 50020000 		.4byte	0x250
 313 0250 05       		.uleb128 0x5
 314 0251 00000000 		.4byte	.LASF50
 315 0255 04       		.byte	0x4
 316 0256 05       		.byte	0x5
 317 0257 B0       		.byte	0xb0
 318 0258 69020000 		.4byte	0x269
 319 025c 06       		.uleb128 0x6
 320 025d F4040000 		.4byte	.LASF29
 321 0261 05       		.byte	0x5
 322 0262 B1       		.byte	0xb1
 323 0263 3F020000 		.4byte	0x23f
 324 0267 00       		.byte	0
 325 0268 00       		.byte	0
 326 0269 04       		.uleb128 0x4
 327 026a 10000000 		.4byte	.LASF51
 328 026e 04       		.byte	0x4
 329 026f 50       		.byte	0x50
 330 0270 74020000 		.4byte	0x274
 331 0274 05       		.uleb128 0x5
 332 0275 02010000 		.4byte	.LASF52
 333 0279 08       		.byte	0x8
 334 027a 05       		.byte	0x5
 335 027b B7       		.byte	0xb7
 336 027c 99020000 		.4byte	0x299
 337 0280 06       		.uleb128 0x6
 338 0281 F4040000 		.4byte	.LASF29
 339 0285 05       		.byte	0x5
 340 0286 B8       		.byte	0xb8
 341 0287 3F020000 		.4byte	0x23f
 342 028b 00       		.byte	0
ARM GAS  /tmp/ccQEuhpD.s 			page 7


 343 028c 06       		.uleb128 0x6
 344 028d 40050000 		.4byte	.LASF30
 345 0291 05       		.byte	0x5
 346 0292 B9       		.byte	0xb9
 347 0293 3F020000 		.4byte	0x23f
 348 0297 04       		.byte	0x4
 349 0298 00       		.byte	0
 350 0299 04       		.uleb128 0x4
 351 029a 77050000 		.4byte	.LASF53
 352 029e 04       		.byte	0x4
 353 029f 57       		.byte	0x57
 354 02a0 A4020000 		.4byte	0x2a4
 355 02a4 0A       		.uleb128 0xa
 356 02a5 D1000000 		.4byte	.LASF54
 357 02a9 1C       		.byte	0x1c
 358 02aa 05       		.byte	0x5
 359 02ab 9001     		.2byte	0x190
 360 02ad 00030000 		.4byte	0x300
 361 02b1 08       		.uleb128 0x8
 362 02b2 EC030000 		.4byte	.LASF55
 363 02b6 05       		.byte	0x5
 364 02b7 9101     		.2byte	0x191
 365 02b9 69020000 		.4byte	0x269
 366 02bd 00       		.byte	0
 367 02be 08       		.uleb128 0x8
 368 02bf 7B010000 		.4byte	.LASF56
 369 02c3 05       		.byte	0x5
 370 02c4 9201     		.2byte	0x192
 371 02c6 F9000000 		.4byte	0xf9
 372 02ca 08       		.byte	0x8
 373 02cb 08       		.uleb128 0x8
 374 02cc 6A060000 		.4byte	.LASF57
 375 02d0 05       		.byte	0x5
 376 02d1 9401     		.2byte	0x194
 377 02d3 98040000 		.4byte	0x498
 378 02d7 0C       		.byte	0xc
 379 02d8 08       		.uleb128 0x8
 380 02d9 F4030000 		.4byte	.LASF58
 381 02dd 05       		.byte	0x5
 382 02de 9701     		.2byte	0x197
 383 02e0 3F020000 		.4byte	0x23f
 384 02e4 10       		.byte	0x10
 385 02e5 08       		.uleb128 0x8
 386 02e6 3D040000 		.4byte	.LASF59
 387 02ea 05       		.byte	0x5
 388 02eb 9801     		.2byte	0x198
 389 02ed 3F020000 		.4byte	0x23f
 390 02f1 14       		.byte	0x14
 391 02f2 08       		.uleb128 0x8
 392 02f3 B8040000 		.4byte	.LASF60
 393 02f7 05       		.byte	0x5
 394 02f8 9B01     		.2byte	0x19b
 395 02fa 3F020000 		.4byte	0x23f
 396 02fe 18       		.byte	0x18
 397 02ff 00       		.byte	0
 398 0300 04       		.uleb128 0x4
 399 0301 1E010000 		.4byte	.LASF61
ARM GAS  /tmp/ccQEuhpD.s 			page 8


 400 0305 04       		.byte	0x4
 401 0306 5C       		.byte	0x5c
 402 0307 0B030000 		.4byte	0x30b
 403 030b 09       		.uleb128 0x9
 404 030c 04       		.byte	0x4
 405 030d 11030000 		.4byte	0x311
 406 0311 0B       		.uleb128 0xb
 407 0312 1C030000 		.4byte	0x31c
 408 0316 0C       		.uleb128 0xc
 409 0317 1C030000 		.4byte	0x31c
 410 031b 00       		.byte	0
 411 031c 0D       		.uleb128 0xd
 412 031d 04       		.byte	0x4
 413 031e 04       		.uleb128 0x4
 414 031f 12040000 		.4byte	.LASF62
 415 0323 04       		.byte	0x4
 416 0324 61       		.byte	0x61
 417 0325 29030000 		.4byte	0x329
 418 0329 0A       		.uleb128 0xa
 419 032a 9E010000 		.4byte	.LASF63
 420 032e 14       		.byte	0x14
 421 032f 05       		.byte	0x5
 422 0330 6B01     		.2byte	0x16b
 423 0332 78030000 		.4byte	0x378
 424 0336 08       		.uleb128 0x8
 425 0337 0B060000 		.4byte	.LASF64
 426 033b 05       		.byte	0x5
 427 033c 6C01     		.2byte	0x16c
 428 033e 9E060000 		.4byte	0x69e
 429 0342 00       		.byte	0
 430 0343 08       		.uleb128 0x8
 431 0344 8C060000 		.4byte	.LASF65
 432 0348 05       		.byte	0x5
 433 0349 6D01     		.2byte	0x16d
 434 034b 9E060000 		.4byte	0x69e
 435 034f 04       		.byte	0x4
 436 0350 08       		.uleb128 0x8
 437 0351 47030000 		.4byte	.LASF66
 438 0355 05       		.byte	0x5
 439 0356 6E01     		.2byte	0x16e
 440 0358 25010000 		.4byte	0x125
 441 035c 08       		.byte	0x8
 442 035d 08       		.uleb128 0x8
 443 035e 84060000 		.4byte	.LASF67
 444 0362 05       		.byte	0x5
 445 0363 6F01     		.2byte	0x16f
 446 0365 00030000 		.4byte	0x300
 447 0369 0C       		.byte	0xc
 448 036a 08       		.uleb128 0x8
 449 036b 82010000 		.4byte	.LASF68
 450 036f 05       		.byte	0x5
 451 0370 7101     		.2byte	0x171
 452 0372 1C030000 		.4byte	0x31c
 453 0376 10       		.byte	0x10
 454 0377 00       		.byte	0
 455 0378 04       		.uleb128 0x4
 456 0379 EE050000 		.4byte	.LASF69
ARM GAS  /tmp/ccQEuhpD.s 			page 9


 457 037d 04       		.byte	0x4
 458 037e 66       		.byte	0x66
 459 037f 83030000 		.4byte	0x383
 460 0383 0A       		.uleb128 0xa
 461 0384 F1010000 		.4byte	.LASF70
 462 0388 0C       		.byte	0xc
 463 0389 05       		.byte	0x5
 464 038a 7B01     		.2byte	0x17b
 465 038c C5030000 		.4byte	0x3c5
 466 0390 08       		.uleb128 0x8
 467 0391 0B060000 		.4byte	.LASF64
 468 0395 05       		.byte	0x5
 469 0396 7C01     		.2byte	0x17c
 470 0398 9E060000 		.4byte	0x69e
 471 039c 00       		.byte	0
 472 039d 08       		.uleb128 0x8
 473 039e 8C060000 		.4byte	.LASF65
 474 03a2 05       		.byte	0x5
 475 03a3 7E01     		.2byte	0x17e
 476 03a5 9E060000 		.4byte	0x69e
 477 03a9 04       		.byte	0x4
 478 03aa 08       		.uleb128 0x8
 479 03ab 47030000 		.4byte	.LASF66
 480 03af 05       		.byte	0x5
 481 03b0 8001     		.2byte	0x180
 482 03b2 25010000 		.4byte	0x125
 483 03b6 08       		.byte	0x8
 484 03b7 08       		.uleb128 0x8
 485 03b8 63030000 		.4byte	.LASF71
 486 03bc 05       		.byte	0x5
 487 03bd 8801     		.2byte	0x188
 488 03bf 25010000 		.4byte	0x125
 489 03c3 0A       		.byte	0xa
 490 03c4 00       		.byte	0
 491 03c5 04       		.uleb128 0x4
 492 03c6 CF030000 		.4byte	.LASF72
 493 03ca 04       		.byte	0x4
 494 03cb 6B       		.byte	0x6b
 495 03cc D0030000 		.4byte	0x3d0
 496 03d0 0E       		.uleb128 0xe
 497 03d1 2D010000 		.4byte	.LASF73
 498 03d5 1404     		.2byte	0x414
 499 03d7 05       		.byte	0x5
 500 03d8 A201     		.2byte	0x1a2
 501 03da 13040000 		.4byte	0x413
 502 03de 08       		.uleb128 0x8
 503 03df 45040000 		.4byte	.LASF74
 504 03e3 05       		.byte	0x5
 505 03e4 AA01     		.2byte	0x1aa
 506 03e6 87060000 		.4byte	0x687
 507 03ea 00       		.byte	0
 508 03eb 08       		.uleb128 0x8
 509 03ec E1010000 		.4byte	.LASF75
 510 03f0 05       		.byte	0x5
 511 03f1 AF01     		.2byte	0x1af
 512 03f3 1A010000 		.4byte	0x11a
 513 03f7 04       		.byte	0x4
ARM GAS  /tmp/ccQEuhpD.s 			page 10


 514 03f8 08       		.uleb128 0x8
 515 03f9 8F040000 		.4byte	.LASF76
 516 03fd 05       		.byte	0x5
 517 03fe B301     		.2byte	0x1b3
 518 0400 1A010000 		.4byte	0x11a
 519 0404 08       		.byte	0x8
 520 0405 08       		.uleb128 0x8
 521 0406 8C050000 		.4byte	.LASF77
 522 040a 05       		.byte	0x5
 523 040b B901     		.2byte	0x1b9
 524 040d B1050000 		.4byte	0x5b1
 525 0411 0C       		.byte	0xc
 526 0412 00       		.byte	0
 527 0413 04       		.uleb128 0x4
 528 0414 13060000 		.4byte	.LASF78
 529 0418 04       		.byte	0x4
 530 0419 70       		.byte	0x70
 531 041a 1E040000 		.4byte	0x41e
 532 041e 0E       		.uleb128 0xe
 533 041f EA040000 		.4byte	.LASF79
 534 0423 6805     		.2byte	0x568
 535 0425 05       		.byte	0x5
 536 0426 C201     		.2byte	0x1c2
 537 0428 70040000 		.4byte	0x470
 538 042c 08       		.uleb128 0x8
 539 042d 0A050000 		.4byte	.LASF80
 540 0431 05       		.byte	0x5
 541 0432 C601     		.2byte	0x1c6
 542 0434 99020000 		.4byte	0x299
 543 0438 00       		.byte	0
 544 0439 08       		.uleb128 0x8
 545 043a CA000000 		.4byte	.LASF81
 546 043e 05       		.byte	0x5
 547 043f CA01     		.2byte	0x1ca
 548 0441 78030000 		.4byte	0x378
 549 0445 1C       		.byte	0x1c
 550 0446 07       		.uleb128 0x7
 551 0447 64626700 		.ascii	"dbg\000"
 552 044b 05       		.byte	0x5
 553 044c CE01     		.2byte	0x1ce
 554 044e C5030000 		.4byte	0x3c5
 555 0452 28       		.byte	0x28
 556 0453 0F       		.uleb128 0xf
 557 0454 65040000 		.4byte	.LASF82
 558 0458 05       		.byte	0x5
 559 0459 D201     		.2byte	0x1d2
 560 045b 30010000 		.4byte	0x130
 561 045f 3C04     		.2byte	0x43c
 562 0461 0F       		.uleb128 0xf
 563 0462 DF000000 		.4byte	.LASF83
 564 0466 05       		.byte	0x5
 565 0467 E301     		.2byte	0x1e3
 566 0469 A4060000 		.4byte	0x6a4
 567 046d 8804     		.2byte	0x488
 568 046f 00       		.byte	0
 569 0470 03       		.uleb128 0x3
 570 0471 04       		.byte	0x4
ARM GAS  /tmp/ccQEuhpD.s 			page 11


 571 0472 07       		.byte	0x7
 572 0473 47050000 		.4byte	.LASF84
 573 0477 10       		.uleb128 0x10
 574 0478 2A000000 		.4byte	.LASF113
 575 047c 0C       		.byte	0xc
 576 047d 4C       		.byte	0x4c
 577 047e C2000000 		.4byte	0xc2
 578 0482 04       		.uleb128 0x4
 579 0483 46000000 		.4byte	.LASF85
 580 0487 06       		.byte	0x6
 581 0488 65       		.byte	0x65
 582 0489 1C030000 		.4byte	0x31c
 583 048d 04       		.uleb128 0x4
 584 048e 70060000 		.4byte	.LASF86
 585 0492 06       		.byte	0x6
 586 0493 6D       		.byte	0x6d
 587 0494 CD000000 		.4byte	0xcd
 588 0498 05       		.uleb128 0x5
 589 0499 02040000 		.4byte	.LASF87
 590 049d 04       		.byte	0x4
 591 049e 06       		.byte	0x6
 592 049f 89       		.byte	0x89
 593 04a0 B1040000 		.4byte	0x4b1
 594 04a4 11       		.uleb128 0x11
 595 04a5 72313300 		.ascii	"r13\000"
 596 04a9 06       		.byte	0x6
 597 04aa 8A       		.byte	0x8a
 598 04ab 23050000 		.4byte	0x523
 599 04af 00       		.byte	0
 600 04b0 00       		.byte	0
 601 04b1 05       		.uleb128 0x5
 602 04b2 DE040000 		.4byte	.LASF88
 603 04b6 24       		.byte	0x24
 604 04b7 07       		.byte	0x7
 605 04b8 A4       		.byte	0xa4
 606 04b9 23050000 		.4byte	0x523
 607 04bd 11       		.uleb128 0x11
 608 04be 723800   		.ascii	"r8\000"
 609 04c1 07       		.byte	0x7
 610 04c2 A5       		.byte	0xa5
 611 04c3 82040000 		.4byte	0x482
 612 04c7 00       		.byte	0
 613 04c8 11       		.uleb128 0x11
 614 04c9 723900   		.ascii	"r9\000"
 615 04cc 07       		.byte	0x7
 616 04cd A6       		.byte	0xa6
 617 04ce 82040000 		.4byte	0x482
 618 04d2 04       		.byte	0x4
 619 04d3 11       		.uleb128 0x11
 620 04d4 72313000 		.ascii	"r10\000"
 621 04d8 07       		.byte	0x7
 622 04d9 A7       		.byte	0xa7
 623 04da 82040000 		.4byte	0x482
 624 04de 08       		.byte	0x8
 625 04df 11       		.uleb128 0x11
 626 04e0 72313100 		.ascii	"r11\000"
 627 04e4 07       		.byte	0x7
ARM GAS  /tmp/ccQEuhpD.s 			page 12


 628 04e5 A8       		.byte	0xa8
 629 04e6 82040000 		.4byte	0x482
 630 04ea 0C       		.byte	0xc
 631 04eb 11       		.uleb128 0x11
 632 04ec 723400   		.ascii	"r4\000"
 633 04ef 07       		.byte	0x7
 634 04f0 A9       		.byte	0xa9
 635 04f1 82040000 		.4byte	0x482
 636 04f5 10       		.byte	0x10
 637 04f6 11       		.uleb128 0x11
 638 04f7 723500   		.ascii	"r5\000"
 639 04fa 07       		.byte	0x7
 640 04fb AA       		.byte	0xaa
 641 04fc 82040000 		.4byte	0x482
 642 0500 14       		.byte	0x14
 643 0501 11       		.uleb128 0x11
 644 0502 723600   		.ascii	"r6\000"
 645 0505 07       		.byte	0x7
 646 0506 AB       		.byte	0xab
 647 0507 82040000 		.4byte	0x482
 648 050b 18       		.byte	0x18
 649 050c 11       		.uleb128 0x11
 650 050d 723700   		.ascii	"r7\000"
 651 0510 07       		.byte	0x7
 652 0511 AC       		.byte	0xac
 653 0512 82040000 		.4byte	0x482
 654 0516 1C       		.byte	0x1c
 655 0517 11       		.uleb128 0x11
 656 0518 6C7200   		.ascii	"lr\000"
 657 051b 07       		.byte	0x7
 658 051c AD       		.byte	0xad
 659 051d 82040000 		.4byte	0x482
 660 0521 20       		.byte	0x20
 661 0522 00       		.byte	0
 662 0523 09       		.uleb128 0x9
 663 0524 04       		.byte	0x4
 664 0525 B1040000 		.4byte	0x4b1
 665 0529 12       		.uleb128 0x12
 666 052a 10       		.byte	0x10
 667 052b 08       		.byte	0x8
 668 052c 51       		.byte	0x51
 669 052d 62050000 		.4byte	0x562
 670 0531 06       		.uleb128 0x6
 671 0532 08020000 		.4byte	.LASF89
 672 0536 08       		.byte	0x8
 673 0537 55       		.byte	0x55
 674 0538 25010000 		.4byte	0x125
 675 053c 00       		.byte	0
 676 053d 06       		.uleb128 0x6
 677 053e 78030000 		.4byte	.LASF90
 678 0542 08       		.byte	0x8
 679 0543 59       		.byte	0x59
 680 0544 3F020000 		.4byte	0x23f
 681 0548 04       		.byte	0x4
 682 0549 06       		.uleb128 0x6
 683 054a C6010000 		.4byte	.LASF91
 684 054e 08       		.byte	0x8
ARM GAS  /tmp/ccQEuhpD.s 			page 13


 685 054f 5D       		.byte	0x5d
 686 0550 1C030000 		.4byte	0x31c
 687 0554 08       		.byte	0x8
 688 0555 06       		.uleb128 0x6
 689 0556 AE000000 		.4byte	.LASF92
 690 055a 08       		.byte	0x8
 691 055b 61       		.byte	0x61
 692 055c A1000000 		.4byte	0xa1
 693 0560 0C       		.byte	0xc
 694 0561 00       		.byte	0
 695 0562 04       		.uleb128 0x4
 696 0563 A0050000 		.4byte	.LASF93
 697 0567 08       		.byte	0x8
 698 0568 62       		.byte	0x62
 699 0569 29050000 		.4byte	0x529
 700 056d 13       		.uleb128 0x13
 701 056e 0804     		.2byte	0x408
 702 0570 08       		.byte	0x8
 703 0571 67       		.byte	0x67
 704 0572 9B050000 		.4byte	0x59b
 705 0576 06       		.uleb128 0x6
 706 0577 C7030000 		.4byte	.LASF94
 707 057b 08       		.byte	0x8
 708 057c 6B       		.byte	0x6b
 709 057d 24000000 		.4byte	0x24
 710 0581 00       		.byte	0
 711 0582 06       		.uleb128 0x6
 712 0583 36040000 		.4byte	.LASF95
 713 0587 08       		.byte	0x8
 714 0588 6F       		.byte	0x6f
 715 0589 9B050000 		.4byte	0x59b
 716 058d 04       		.byte	0x4
 717 058e 06       		.uleb128 0x6
 718 058f A1030000 		.4byte	.LASF96
 719 0593 08       		.byte	0x8
 720 0594 73       		.byte	0x73
 721 0595 A1050000 		.4byte	0x5a1
 722 0599 08       		.byte	0x8
 723 059a 00       		.byte	0
 724 059b 09       		.uleb128 0x9
 725 059c 04       		.byte	0x4
 726 059d 62050000 		.4byte	0x562
 727 05a1 14       		.uleb128 0x14
 728 05a2 62050000 		.4byte	0x562
 729 05a6 B1050000 		.4byte	0x5b1
 730 05aa 15       		.uleb128 0x15
 731 05ab 70040000 		.4byte	0x470
 732 05af 3F       		.byte	0x3f
 733 05b0 00       		.byte	0
 734 05b1 04       		.uleb128 0x4
 735 05b2 25060000 		.4byte	.LASF97
 736 05b6 08       		.byte	0x8
 737 05b7 74       		.byte	0x74
 738 05b8 6D050000 		.4byte	0x56d
 739 05bc 16       		.uleb128 0x16
 740 05bd 04       		.byte	0x4
 741 05be 05       		.byte	0x5
ARM GAS  /tmp/ccQEuhpD.s 			page 14


 742 05bf FA       		.byte	0xfa
 743 05c0 19060000 		.4byte	0x619
 744 05c4 17       		.uleb128 0x17
 745 05c5 19020000 		.4byte	.LASF98
 746 05c9 05       		.byte	0x5
 747 05ca 0101     		.2byte	0x101
 748 05cc 04010000 		.4byte	0x104
 749 05d0 17       		.uleb128 0x17
 750 05d1 94060000 		.4byte	.LASF99
 751 05d5 05       		.byte	0x5
 752 05d6 0801     		.2byte	0x108
 753 05d8 04010000 		.4byte	0x104
 754 05dc 17       		.uleb128 0x17
 755 05dd C3000000 		.4byte	.LASF100
 756 05e1 05       		.byte	0x5
 757 05e2 0F01     		.2byte	0x10f
 758 05e4 1C030000 		.4byte	0x31c
 759 05e8 17       		.uleb128 0x17
 760 05e9 1F060000 		.4byte	.LASF101
 761 05ed 05       		.byte	0x5
 762 05ee 1601     		.2byte	0x116
 763 05f0 19060000 		.4byte	0x619
 764 05f4 17       		.uleb128 0x17
 765 05f5 99050000 		.4byte	.LASF102
 766 05f9 05       		.byte	0x5
 767 05fa 1E01     		.2byte	0x11e
 768 05fc 44060000 		.4byte	0x644
 769 0600 17       		.uleb128 0x17
 770 0601 3A000000 		.4byte	.LASF103
 771 0605 05       		.byte	0x5
 772 0606 2701     		.2byte	0x127
 773 0608 7B060000 		.4byte	0x67b
 774 060c 17       		.uleb128 0x17
 775 060d EE000000 		.4byte	.LASF104
 776 0611 05       		.byte	0x5
 777 0612 2F01     		.2byte	0x12f
 778 0614 0F010000 		.4byte	0x10f
 779 0618 00       		.byte	0
 780 0619 09       		.uleb128 0x9
 781 061a 04       		.byte	0x4
 782 061b 34020000 		.4byte	0x234
 783 061f 05       		.uleb128 0x5
 784 0620 89010000 		.4byte	.LASF105
 785 0624 0C       		.byte	0xc
 786 0625 09       		.byte	0x9
 787 0626 34       		.byte	0x34
 788 0627 44060000 		.4byte	0x644
 789 062b 06       		.uleb128 0x6
 790 062c 75000000 		.4byte	.LASF106
 791 0630 09       		.byte	0x9
 792 0631 35       		.byte	0x35
 793 0632 69020000 		.4byte	0x269
 794 0636 00       		.byte	0
 795 0637 06       		.uleb128 0x6
 796 0638 27010000 		.4byte	.LASF107
 797 063c 09       		.byte	0x9
 798 063d 37       		.byte	0x37
ARM GAS  /tmp/ccQEuhpD.s 			page 15


 799 063e 1A010000 		.4byte	0x11a
 800 0642 08       		.byte	0x8
 801 0643 00       		.byte	0
 802 0644 09       		.uleb128 0x9
 803 0645 04       		.byte	0x4
 804 0646 1F060000 		.4byte	0x61f
 805 064a 05       		.uleb128 0x5
 806 064b 11030000 		.4byte	.LASF108
 807 064f 10       		.byte	0x10
 808 0650 0A       		.byte	0xa
 809 0651 39       		.byte	0x39
 810 0652 7B060000 		.4byte	0x67b
 811 0656 06       		.uleb128 0x6
 812 0657 CD040000 		.4byte	.LASF109
 813 065b 0A       		.byte	0xa
 814 065c 3A       		.byte	0x3a
 815 065d 69020000 		.4byte	0x269
 816 0661 00       		.byte	0
 817 0662 06       		.uleb128 0x6
 818 0663 6D000000 		.4byte	.LASF110
 819 0667 0A       		.byte	0xa
 820 0668 3C       		.byte	0x3c
 821 0669 3F020000 		.4byte	0x23f
 822 066d 08       		.byte	0x8
 823 066e 06       		.uleb128 0x6
 824 066f 37060000 		.4byte	.LASF111
 825 0673 0A       		.byte	0xa
 826 0674 3E       		.byte	0x3e
 827 0675 D6070000 		.4byte	0x7d6
 828 0679 0C       		.byte	0xc
 829 067a 00       		.byte	0
 830 067b 09       		.uleb128 0x9
 831 067c 04       		.byte	0x4
 832 067d 4A060000 		.4byte	0x64a
 833 0681 09       		.uleb128 0x9
 834 0682 04       		.byte	0x4
 835 0683 93060000 		.4byte	0x693
 836 0687 18       		.uleb128 0x18
 837 0688 81060000 		.4byte	0x681
 838 068c 03       		.uleb128 0x3
 839 068d 01       		.byte	0x1
 840 068e 08       		.byte	0x8
 841 068f 41000000 		.4byte	.LASF112
 842 0693 19       		.uleb128 0x19
 843 0694 8C060000 		.4byte	0x68c
 844 0698 09       		.uleb128 0x9
 845 0699 04       		.byte	0x4
 846 069a 8D040000 		.4byte	0x48d
 847 069e 09       		.uleb128 0x9
 848 069f 04       		.byte	0x4
 849 06a0 1E030000 		.4byte	0x31e
 850 06a4 14       		.uleb128 0x14
 851 06a5 8D040000 		.4byte	0x48d
 852 06a9 B4060000 		.4byte	0x6b4
 853 06ad 15       		.uleb128 0x15
 854 06ae 70040000 		.4byte	0x470
 855 06b2 1B       		.byte	0x1b
ARM GAS  /tmp/ccQEuhpD.s 			page 16


 856 06b3 00       		.byte	0
 857 06b4 1A       		.uleb128 0x1a
 858 06b5 636800   		.ascii	"ch\000"
 859 06b8 05       		.byte	0x5
 860 06b9 0902     		.2byte	0x209
 861 06bb 13040000 		.4byte	0x413
 862 06bf 12       		.uleb128 0x12
 863 06c0 16       		.byte	0x16
 864 06c1 0B       		.byte	0xb
 865 06c2 34       		.byte	0x34
 866 06c3 A0070000 		.4byte	0x7a0
 867 06c7 06       		.uleb128 0x6
 868 06c8 32050000 		.4byte	.LASF114
 869 06cc 0B       		.byte	0xb
 870 06cd 35       		.byte	0x35
 871 06ce A0070000 		.4byte	0x7a0
 872 06d2 00       		.byte	0
 873 06d3 06       		.uleb128 0x6
 874 06d4 2E040000 		.4byte	.LASF115
 875 06d8 0B       		.byte	0xb
 876 06d9 36       		.byte	0x36
 877 06da A1000000 		.4byte	0xa1
 878 06de 04       		.byte	0x4
 879 06df 06       		.uleb128 0x6
 880 06e0 5D040000 		.4byte	.LASF116
 881 06e4 0B       		.byte	0xb
 882 06e5 37       		.byte	0x37
 883 06e6 A1000000 		.4byte	0xa1
 884 06ea 05       		.byte	0x5
 885 06eb 06       		.uleb128 0x6
 886 06ec A3040000 		.4byte	.LASF117
 887 06f0 0B       		.byte	0xb
 888 06f1 38       		.byte	0x38
 889 06f2 AC000000 		.4byte	0xac
 890 06f6 06       		.byte	0x6
 891 06f7 06       		.uleb128 0x6
 892 06f8 13010000 		.4byte	.LASF118
 893 06fc 0B       		.byte	0xb
 894 06fd 39       		.byte	0x39
 895 06fe A1000000 		.4byte	0xa1
 896 0702 08       		.byte	0x8
 897 0703 06       		.uleb128 0x6
 898 0704 63010000 		.4byte	.LASF119
 899 0708 0B       		.byte	0xb
 900 0709 3A       		.byte	0x3a
 901 070a A1000000 		.4byte	0xa1
 902 070e 09       		.byte	0x9
 903 070f 06       		.uleb128 0x6
 904 0710 20020000 		.4byte	.LASF120
 905 0714 0B       		.byte	0xb
 906 0715 3B       		.byte	0x3b
 907 0716 A1000000 		.4byte	0xa1
 908 071a 0A       		.byte	0xa
 909 071b 06       		.uleb128 0x6
 910 071c 1C050000 		.4byte	.LASF121
 911 0720 0B       		.byte	0xb
 912 0721 3C       		.byte	0x3c
ARM GAS  /tmp/ccQEuhpD.s 			page 17


 913 0722 A1000000 		.4byte	0xa1
 914 0726 0B       		.byte	0xb
 915 0727 06       		.uleb128 0x6
 916 0728 25030000 		.4byte	.LASF122
 917 072c 0B       		.byte	0xb
 918 072d 3D       		.byte	0x3d
 919 072e A1000000 		.4byte	0xa1
 920 0732 0C       		.byte	0xc
 921 0733 06       		.uleb128 0x6
 922 0734 4A060000 		.4byte	.LASF123
 923 0738 0B       		.byte	0xb
 924 0739 3E       		.byte	0x3e
 925 073a A1000000 		.4byte	0xa1
 926 073e 0D       		.byte	0xd
 927 073f 06       		.uleb128 0x6
 928 0740 60000000 		.4byte	.LASF124
 929 0744 0B       		.byte	0xb
 930 0745 3F       		.byte	0x3f
 931 0746 A1000000 		.4byte	0xa1
 932 074a 0E       		.byte	0xe
 933 074b 06       		.uleb128 0x6
 934 074c B7000000 		.4byte	.LASF125
 935 0750 0B       		.byte	0xb
 936 0751 40       		.byte	0x40
 937 0752 A1000000 		.4byte	0xa1
 938 0756 0F       		.byte	0xf
 939 0757 06       		.uleb128 0x6
 940 0758 30030000 		.4byte	.LASF126
 941 075c 0B       		.byte	0xb
 942 075d 41       		.byte	0x41
 943 075e A1000000 		.4byte	0xa1
 944 0762 10       		.byte	0x10
 945 0763 06       		.uleb128 0x6
 946 0764 6A050000 		.4byte	.LASF127
 947 0768 0B       		.byte	0xb
 948 0769 43       		.byte	0x43
 949 076a A1000000 		.4byte	0xa1
 950 076e 11       		.byte	0x11
 951 076f 06       		.uleb128 0x6
 952 0770 F5000000 		.4byte	.LASF128
 953 0774 0B       		.byte	0xb
 954 0775 44       		.byte	0x44
 955 0776 A1000000 		.4byte	0xa1
 956 077a 12       		.byte	0x12
 957 077b 06       		.uleb128 0x6
 958 077c 22040000 		.4byte	.LASF129
 959 0780 0B       		.byte	0xb
 960 0781 45       		.byte	0x45
 961 0782 A1000000 		.4byte	0xa1
 962 0786 13       		.byte	0x13
 963 0787 06       		.uleb128 0x6
 964 0788 2E020000 		.4byte	.LASF130
 965 078c 0B       		.byte	0xb
 966 078d 46       		.byte	0x46
 967 078e A1000000 		.4byte	0xa1
 968 0792 14       		.byte	0x14
 969 0793 06       		.uleb128 0x6
ARM GAS  /tmp/ccQEuhpD.s 			page 18


 970 0794 10050000 		.4byte	.LASF131
 971 0798 0B       		.byte	0xb
 972 0799 48       		.byte	0x48
 973 079a A1000000 		.4byte	0xa1
 974 079e 15       		.byte	0x15
 975 079f 00       		.byte	0
 976 07a0 14       		.uleb128 0x14
 977 07a1 8C060000 		.4byte	0x68c
 978 07a5 B0070000 		.4byte	0x7b0
 979 07a9 15       		.uleb128 0x15
 980 07aa 70040000 		.4byte	0x470
 981 07ae 03       		.byte	0x3
 982 07af 00       		.byte	0
 983 07b0 04       		.uleb128 0x4
 984 07b1 85040000 		.4byte	.LASF132
 985 07b5 0B       		.byte	0xb
 986 07b6 49       		.byte	0x49
 987 07b7 BF060000 		.4byte	0x6bf
 988 07bb 19       		.uleb128 0x19
 989 07bc B0070000 		.4byte	0x7b0
 990 07c0 10       		.uleb128 0x10
 991 07c1 7B060000 		.4byte	.LASF133
 992 07c5 0B       		.byte	0xb
 993 07c6 6E       		.byte	0x6e
 994 07c7 BB070000 		.4byte	0x7bb
 995 07cb 04       		.uleb128 0x4
 996 07cc AF050000 		.4byte	.LASF134
 997 07d0 0A       		.byte	0xa
 998 07d1 34       		.byte	0x34
 999 07d2 4A060000 		.4byte	0x64a
 1000 07d6 09       		.uleb128 0x9
 1001 07d7 04       		.byte	0x4
 1002 07d8 CB070000 		.4byte	0x7cb
 1003 07dc 03       		.uleb128 0x3
 1004 07dd 01       		.byte	0x1
 1005 07de 02       		.byte	0x2
 1006 07df 3D020000 		.4byte	.LASF135
 1007 07e3 00       		.byte	0
 1008              		.section	.debug_abbrev,"",%progbits
 1009              	.Ldebug_abbrev0:
 1010 0000 01       		.uleb128 0x1
 1011 0001 11       		.uleb128 0x11
 1012 0002 01       		.byte	0x1
 1013 0003 25       		.uleb128 0x25
 1014 0004 0E       		.uleb128 0xe
 1015 0005 13       		.uleb128 0x13
 1016 0006 0B       		.uleb128 0xb
 1017 0007 03       		.uleb128 0x3
 1018 0008 0E       		.uleb128 0xe
 1019 0009 1B       		.uleb128 0x1b
 1020 000a 0E       		.uleb128 0xe
 1021 000b 10       		.uleb128 0x10
 1022 000c 17       		.uleb128 0x17
 1023 000d 00       		.byte	0
 1024 000e 00       		.byte	0
 1025 000f 02       		.uleb128 0x2
 1026 0010 24       		.uleb128 0x24
ARM GAS  /tmp/ccQEuhpD.s 			page 19


 1027 0011 00       		.byte	0
 1028 0012 0B       		.uleb128 0xb
 1029 0013 0B       		.uleb128 0xb
 1030 0014 3E       		.uleb128 0x3e
 1031 0015 0B       		.uleb128 0xb
 1032 0016 03       		.uleb128 0x3
 1033 0017 08       		.uleb128 0x8
 1034 0018 00       		.byte	0
 1035 0019 00       		.byte	0
 1036 001a 03       		.uleb128 0x3
 1037 001b 24       		.uleb128 0x24
 1038 001c 00       		.byte	0
 1039 001d 0B       		.uleb128 0xb
 1040 001e 0B       		.uleb128 0xb
 1041 001f 3E       		.uleb128 0x3e
 1042 0020 0B       		.uleb128 0xb
 1043 0021 03       		.uleb128 0x3
 1044 0022 0E       		.uleb128 0xe
 1045 0023 00       		.byte	0
 1046 0024 00       		.byte	0
 1047 0025 04       		.uleb128 0x4
 1048 0026 16       		.uleb128 0x16
 1049 0027 00       		.byte	0
 1050 0028 03       		.uleb128 0x3
 1051 0029 0E       		.uleb128 0xe
 1052 002a 3A       		.uleb128 0x3a
 1053 002b 0B       		.uleb128 0xb
 1054 002c 3B       		.uleb128 0x3b
 1055 002d 0B       		.uleb128 0xb
 1056 002e 49       		.uleb128 0x49
 1057 002f 13       		.uleb128 0x13
 1058 0030 00       		.byte	0
 1059 0031 00       		.byte	0
 1060 0032 05       		.uleb128 0x5
 1061 0033 13       		.uleb128 0x13
 1062 0034 01       		.byte	0x1
 1063 0035 03       		.uleb128 0x3
 1064 0036 0E       		.uleb128 0xe
 1065 0037 0B       		.uleb128 0xb
 1066 0038 0B       		.uleb128 0xb
 1067 0039 3A       		.uleb128 0x3a
 1068 003a 0B       		.uleb128 0xb
 1069 003b 3B       		.uleb128 0x3b
 1070 003c 0B       		.uleb128 0xb
 1071 003d 01       		.uleb128 0x1
 1072 003e 13       		.uleb128 0x13
 1073 003f 00       		.byte	0
 1074 0040 00       		.byte	0
 1075 0041 06       		.uleb128 0x6
 1076 0042 0D       		.uleb128 0xd
 1077 0043 00       		.byte	0
 1078 0044 03       		.uleb128 0x3
 1079 0045 0E       		.uleb128 0xe
 1080 0046 3A       		.uleb128 0x3a
 1081 0047 0B       		.uleb128 0xb
 1082 0048 3B       		.uleb128 0x3b
 1083 0049 0B       		.uleb128 0xb
ARM GAS  /tmp/ccQEuhpD.s 			page 20


 1084 004a 49       		.uleb128 0x49
 1085 004b 13       		.uleb128 0x13
 1086 004c 38       		.uleb128 0x38
 1087 004d 0B       		.uleb128 0xb
 1088 004e 00       		.byte	0
 1089 004f 00       		.byte	0
 1090 0050 07       		.uleb128 0x7
 1091 0051 0D       		.uleb128 0xd
 1092 0052 00       		.byte	0
 1093 0053 03       		.uleb128 0x3
 1094 0054 08       		.uleb128 0x8
 1095 0055 3A       		.uleb128 0x3a
 1096 0056 0B       		.uleb128 0xb
 1097 0057 3B       		.uleb128 0x3b
 1098 0058 05       		.uleb128 0x5
 1099 0059 49       		.uleb128 0x49
 1100 005a 13       		.uleb128 0x13
 1101 005b 38       		.uleb128 0x38
 1102 005c 0B       		.uleb128 0xb
 1103 005d 00       		.byte	0
 1104 005e 00       		.byte	0
 1105 005f 08       		.uleb128 0x8
 1106 0060 0D       		.uleb128 0xd
 1107 0061 00       		.byte	0
 1108 0062 03       		.uleb128 0x3
 1109 0063 0E       		.uleb128 0xe
 1110 0064 3A       		.uleb128 0x3a
 1111 0065 0B       		.uleb128 0xb
 1112 0066 3B       		.uleb128 0x3b
 1113 0067 05       		.uleb128 0x5
 1114 0068 49       		.uleb128 0x49
 1115 0069 13       		.uleb128 0x13
 1116 006a 38       		.uleb128 0x38
 1117 006b 0B       		.uleb128 0xb
 1118 006c 00       		.byte	0
 1119 006d 00       		.byte	0
 1120 006e 09       		.uleb128 0x9
 1121 006f 0F       		.uleb128 0xf
 1122 0070 00       		.byte	0
 1123 0071 0B       		.uleb128 0xb
 1124 0072 0B       		.uleb128 0xb
 1125 0073 49       		.uleb128 0x49
 1126 0074 13       		.uleb128 0x13
 1127 0075 00       		.byte	0
 1128 0076 00       		.byte	0
 1129 0077 0A       		.uleb128 0xa
 1130 0078 13       		.uleb128 0x13
 1131 0079 01       		.byte	0x1
 1132 007a 03       		.uleb128 0x3
 1133 007b 0E       		.uleb128 0xe
 1134 007c 0B       		.uleb128 0xb
 1135 007d 0B       		.uleb128 0xb
 1136 007e 3A       		.uleb128 0x3a
 1137 007f 0B       		.uleb128 0xb
 1138 0080 3B       		.uleb128 0x3b
 1139 0081 05       		.uleb128 0x5
 1140 0082 01       		.uleb128 0x1
ARM GAS  /tmp/ccQEuhpD.s 			page 21


 1141 0083 13       		.uleb128 0x13
 1142 0084 00       		.byte	0
 1143 0085 00       		.byte	0
 1144 0086 0B       		.uleb128 0xb
 1145 0087 15       		.uleb128 0x15
 1146 0088 01       		.byte	0x1
 1147 0089 27       		.uleb128 0x27
 1148 008a 19       		.uleb128 0x19
 1149 008b 01       		.uleb128 0x1
 1150 008c 13       		.uleb128 0x13
 1151 008d 00       		.byte	0
 1152 008e 00       		.byte	0
 1153 008f 0C       		.uleb128 0xc
 1154 0090 05       		.uleb128 0x5
 1155 0091 00       		.byte	0
 1156 0092 49       		.uleb128 0x49
 1157 0093 13       		.uleb128 0x13
 1158 0094 00       		.byte	0
 1159 0095 00       		.byte	0
 1160 0096 0D       		.uleb128 0xd
 1161 0097 0F       		.uleb128 0xf
 1162 0098 00       		.byte	0
 1163 0099 0B       		.uleb128 0xb
 1164 009a 0B       		.uleb128 0xb
 1165 009b 00       		.byte	0
 1166 009c 00       		.byte	0
 1167 009d 0E       		.uleb128 0xe
 1168 009e 13       		.uleb128 0x13
 1169 009f 01       		.byte	0x1
 1170 00a0 03       		.uleb128 0x3
 1171 00a1 0E       		.uleb128 0xe
 1172 00a2 0B       		.uleb128 0xb
 1173 00a3 05       		.uleb128 0x5
 1174 00a4 3A       		.uleb128 0x3a
 1175 00a5 0B       		.uleb128 0xb
 1176 00a6 3B       		.uleb128 0x3b
 1177 00a7 05       		.uleb128 0x5
 1178 00a8 01       		.uleb128 0x1
 1179 00a9 13       		.uleb128 0x13
 1180 00aa 00       		.byte	0
 1181 00ab 00       		.byte	0
 1182 00ac 0F       		.uleb128 0xf
 1183 00ad 0D       		.uleb128 0xd
 1184 00ae 00       		.byte	0
 1185 00af 03       		.uleb128 0x3
 1186 00b0 0E       		.uleb128 0xe
 1187 00b1 3A       		.uleb128 0x3a
 1188 00b2 0B       		.uleb128 0xb
 1189 00b3 3B       		.uleb128 0x3b
 1190 00b4 05       		.uleb128 0x5
 1191 00b5 49       		.uleb128 0x49
 1192 00b6 13       		.uleb128 0x13
 1193 00b7 38       		.uleb128 0x38
 1194 00b8 05       		.uleb128 0x5
 1195 00b9 00       		.byte	0
 1196 00ba 00       		.byte	0
 1197 00bb 10       		.uleb128 0x10
ARM GAS  /tmp/ccQEuhpD.s 			page 22


 1198 00bc 34       		.uleb128 0x34
 1199 00bd 00       		.byte	0
 1200 00be 03       		.uleb128 0x3
 1201 00bf 0E       		.uleb128 0xe
 1202 00c0 3A       		.uleb128 0x3a
 1203 00c1 0B       		.uleb128 0xb
 1204 00c2 3B       		.uleb128 0x3b
 1205 00c3 0B       		.uleb128 0xb
 1206 00c4 49       		.uleb128 0x49
 1207 00c5 13       		.uleb128 0x13
 1208 00c6 3F       		.uleb128 0x3f
 1209 00c7 19       		.uleb128 0x19
 1210 00c8 3C       		.uleb128 0x3c
 1211 00c9 19       		.uleb128 0x19
 1212 00ca 00       		.byte	0
 1213 00cb 00       		.byte	0
 1214 00cc 11       		.uleb128 0x11
 1215 00cd 0D       		.uleb128 0xd
 1216 00ce 00       		.byte	0
 1217 00cf 03       		.uleb128 0x3
 1218 00d0 08       		.uleb128 0x8
 1219 00d1 3A       		.uleb128 0x3a
 1220 00d2 0B       		.uleb128 0xb
 1221 00d3 3B       		.uleb128 0x3b
 1222 00d4 0B       		.uleb128 0xb
 1223 00d5 49       		.uleb128 0x49
 1224 00d6 13       		.uleb128 0x13
 1225 00d7 38       		.uleb128 0x38
 1226 00d8 0B       		.uleb128 0xb
 1227 00d9 00       		.byte	0
 1228 00da 00       		.byte	0
 1229 00db 12       		.uleb128 0x12
 1230 00dc 13       		.uleb128 0x13
 1231 00dd 01       		.byte	0x1
 1232 00de 0B       		.uleb128 0xb
 1233 00df 0B       		.uleb128 0xb
 1234 00e0 3A       		.uleb128 0x3a
 1235 00e1 0B       		.uleb128 0xb
 1236 00e2 3B       		.uleb128 0x3b
 1237 00e3 0B       		.uleb128 0xb
 1238 00e4 01       		.uleb128 0x1
 1239 00e5 13       		.uleb128 0x13
 1240 00e6 00       		.byte	0
 1241 00e7 00       		.byte	0
 1242 00e8 13       		.uleb128 0x13
 1243 00e9 13       		.uleb128 0x13
 1244 00ea 01       		.byte	0x1
 1245 00eb 0B       		.uleb128 0xb
 1246 00ec 05       		.uleb128 0x5
 1247 00ed 3A       		.uleb128 0x3a
 1248 00ee 0B       		.uleb128 0xb
 1249 00ef 3B       		.uleb128 0x3b
 1250 00f0 0B       		.uleb128 0xb
 1251 00f1 01       		.uleb128 0x1
 1252 00f2 13       		.uleb128 0x13
 1253 00f3 00       		.byte	0
 1254 00f4 00       		.byte	0
ARM GAS  /tmp/ccQEuhpD.s 			page 23


 1255 00f5 14       		.uleb128 0x14
 1256 00f6 01       		.uleb128 0x1
 1257 00f7 01       		.byte	0x1
 1258 00f8 49       		.uleb128 0x49
 1259 00f9 13       		.uleb128 0x13
 1260 00fa 01       		.uleb128 0x1
 1261 00fb 13       		.uleb128 0x13
 1262 00fc 00       		.byte	0
 1263 00fd 00       		.byte	0
 1264 00fe 15       		.uleb128 0x15
 1265 00ff 21       		.uleb128 0x21
 1266 0100 00       		.byte	0
 1267 0101 49       		.uleb128 0x49
 1268 0102 13       		.uleb128 0x13
 1269 0103 2F       		.uleb128 0x2f
 1270 0104 0B       		.uleb128 0xb
 1271 0105 00       		.byte	0
 1272 0106 00       		.byte	0
 1273 0107 16       		.uleb128 0x16
 1274 0108 17       		.uleb128 0x17
 1275 0109 01       		.byte	0x1
 1276 010a 0B       		.uleb128 0xb
 1277 010b 0B       		.uleb128 0xb
 1278 010c 3A       		.uleb128 0x3a
 1279 010d 0B       		.uleb128 0xb
 1280 010e 3B       		.uleb128 0x3b
 1281 010f 0B       		.uleb128 0xb
 1282 0110 01       		.uleb128 0x1
 1283 0111 13       		.uleb128 0x13
 1284 0112 00       		.byte	0
 1285 0113 00       		.byte	0
 1286 0114 17       		.uleb128 0x17
 1287 0115 0D       		.uleb128 0xd
 1288 0116 00       		.byte	0
 1289 0117 03       		.uleb128 0x3
 1290 0118 0E       		.uleb128 0xe
 1291 0119 3A       		.uleb128 0x3a
 1292 011a 0B       		.uleb128 0xb
 1293 011b 3B       		.uleb128 0x3b
 1294 011c 05       		.uleb128 0x5
 1295 011d 49       		.uleb128 0x49
 1296 011e 13       		.uleb128 0x13
 1297 011f 00       		.byte	0
 1298 0120 00       		.byte	0
 1299 0121 18       		.uleb128 0x18
 1300 0122 35       		.uleb128 0x35
 1301 0123 00       		.byte	0
 1302 0124 49       		.uleb128 0x49
 1303 0125 13       		.uleb128 0x13
 1304 0126 00       		.byte	0
 1305 0127 00       		.byte	0
 1306 0128 19       		.uleb128 0x19
 1307 0129 26       		.uleb128 0x26
 1308 012a 00       		.byte	0
 1309 012b 49       		.uleb128 0x49
 1310 012c 13       		.uleb128 0x13
 1311 012d 00       		.byte	0
ARM GAS  /tmp/ccQEuhpD.s 			page 24


 1312 012e 00       		.byte	0
 1313 012f 1A       		.uleb128 0x1a
 1314 0130 34       		.uleb128 0x34
 1315 0131 00       		.byte	0
 1316 0132 03       		.uleb128 0x3
 1317 0133 08       		.uleb128 0x8
 1318 0134 3A       		.uleb128 0x3a
 1319 0135 0B       		.uleb128 0xb
 1320 0136 3B       		.uleb128 0x3b
 1321 0137 05       		.uleb128 0x5
 1322 0138 49       		.uleb128 0x49
 1323 0139 13       		.uleb128 0x13
 1324 013a 3F       		.uleb128 0x3f
 1325 013b 19       		.uleb128 0x19
 1326 013c 3C       		.uleb128 0x3c
 1327 013d 19       		.uleb128 0x19
 1328 013e 00       		.byte	0
 1329 013f 00       		.byte	0
 1330 0140 00       		.byte	0
 1331              		.section	.debug_aranges,"",%progbits
 1332 0000 14000000 		.4byte	0x14
 1333 0004 0200     		.2byte	0x2
 1334 0006 00000000 		.4byte	.Ldebug_info0
 1335 000a 04       		.byte	0x4
 1336 000b 00       		.byte	0
 1337 000c 0000     		.2byte	0
 1338 000e 0000     		.2byte	0
 1339 0010 00000000 		.4byte	0
 1340 0014 00000000 		.4byte	0
 1341              		.section	.debug_line,"",%progbits
 1342              	.Ldebug_line0:
 1343 0000 E2010000 		.section	.debug_str,"MS",%progbits,1
 1343      0200DC01 
 1343      00000201 
 1343      FB0E0D00 
 1343      01010101 
 1344              	.LASF50:
 1345 0000 63685F74 		.ascii	"ch_threads_list\000"
 1345      68726561 
 1345      64735F6C 
 1345      69737400 
 1346              	.LASF51:
 1347 0010 74687265 		.ascii	"threads_queue_t\000"
 1347      6164735F 
 1347      71756575 
 1347      655F7400 
 1348              	.LASF40:
 1349 0020 705F7761 		.ascii	"p_waiting\000"
 1349      6974696E 
 1349      6700
 1350              	.LASF113:
 1351 002a 53797374 		.ascii	"SystemCoreClock\000"
 1351      656D436F 
 1351      7265436C 
 1351      6F636B00 
 1352              	.LASF103:
 1353 003a 77746D74 		.ascii	"wtmtxp\000"
ARM GAS  /tmp/ccQEuhpD.s 			page 25


 1353      787000
 1354              	.LASF112:
 1355 0041 63686172 		.ascii	"char\000"
 1355      00
 1356              	.LASF85:
 1357 0046 72656761 		.ascii	"regarm_t\000"
 1357      726D5F74 
 1357      00
 1358              	.LASF31:
 1359 004f 705F7072 		.ascii	"p_prio\000"
 1359      696F00
 1360              	.LASF27:
 1361 0056 73797374 		.ascii	"systime_t\000"
 1361      696D655F 
 1361      7400
 1362              	.LASF124:
 1363 0060 63665F6F 		.ascii	"cf_off_older\000"
 1363      66665F6F 
 1363      6C646572 
 1363      00
 1364              	.LASF110:
 1365 006d 6D5F6F77 		.ascii	"m_owner\000"
 1365      6E657200 
 1366              	.LASF106:
 1367 0075 735F7175 		.ascii	"s_queue\000"
 1367      65756500 
 1368              	.LASF41:
 1369 007d 705F6D73 		.ascii	"p_msgqueue\000"
 1369      67717565 
 1369      756500
 1370              	.LASF0:
 1371 0088 756E7369 		.ascii	"unsigned int\000"
 1371      676E6564 
 1371      20696E74 
 1371      00
 1372              	.LASF48:
 1373 0095 74687265 		.ascii	"threads_list_t\000"
 1373      6164735F 
 1373      6C697374 
 1373      5F7400
 1374              	.LASF9:
 1375 00a4 5F5F696E 		.ascii	"__int32_t\000"
 1375      7433325F 
 1375      7400
 1376              	.LASF92:
 1377 00ae 73655F73 		.ascii	"se_state\000"
 1377      74617465 
 1377      00
 1378              	.LASF125:
 1379 00b7 63665F6F 		.ascii	"cf_off_name\000"
 1379      66665F6E 
 1379      616D6500 
 1380              	.LASF100:
 1381 00c3 77746F62 		.ascii	"wtobjp\000"
 1381      6A7000
 1382              	.LASF81:
 1383 00ca 76746C69 		.ascii	"vtlist\000"
ARM GAS  /tmp/ccQEuhpD.s 			page 26


 1383      737400
 1384              	.LASF54:
 1385 00d1 63685F72 		.ascii	"ch_ready_list\000"
 1385      65616479 
 1385      5F6C6973 
 1385      7400
 1386              	.LASF83:
 1387 00df 69646C65 		.ascii	"idle_thread_wa\000"
 1387      5F746872 
 1387      6561645F 
 1387      776100
 1388              	.LASF104:
 1389 00ee 65776D61 		.ascii	"ewmask\000"
 1389      736B00
 1390              	.LASF128:
 1391 00f5 63665F6F 		.ascii	"cf_off_flags\000"
 1391      66665F66 
 1391      6C616773 
 1391      00
 1392              	.LASF52:
 1393 0102 63685F74 		.ascii	"ch_threads_queue\000"
 1393      68726561 
 1393      64735F71 
 1393      75657565 
 1393      00
 1394              	.LASF118:
 1395 0113 63685F70 		.ascii	"ch_ptrsize\000"
 1395      74727369 
 1395      7A6500
 1396              	.LASF61:
 1397 011e 76746675 		.ascii	"vtfunc_t\000"
 1397      6E635F74 
 1397      00
 1398              	.LASF107:
 1399 0127 735F636E 		.ascii	"s_cnt\000"
 1399      7400
 1400              	.LASF73:
 1401 012d 63685F73 		.ascii	"ch_system_debug\000"
 1401      79737465 
 1401      6D5F6465 
 1401      62756700 
 1402              	.LASF138:
 1403 013d 2F686F6D 		.ascii	"/home/felix/esho/Ultrasound/\000"
 1403      652F6665 
 1403      6C69782F 
 1403      6573686F 
 1403      2F556C74 
 1404              	.LASF18:
 1405 015a 75696E74 		.ascii	"uint32_t\000"
 1405      33325F74 
 1405      00
 1406              	.LASF119:
 1407 0163 63685F74 		.ascii	"ch_timesize\000"
 1407      696D6573 
 1407      697A6500 
 1408              	.LASF25:
 1409 016f 6576656E 		.ascii	"eventmask_t\000"
ARM GAS  /tmp/ccQEuhpD.s 			page 27


 1409      746D6173 
 1409      6B5F7400 
 1410              	.LASF56:
 1411 017b 725F7072 		.ascii	"r_prio\000"
 1411      696F00
 1412              	.LASF68:
 1413 0182 76745F70 		.ascii	"vt_par\000"
 1413      617200
 1414              	.LASF105:
 1415 0189 63685F73 		.ascii	"ch_semaphore\000"
 1415      656D6170 
 1415      686F7265 
 1415      00
 1416              	.LASF23:
 1417 0196 74707269 		.ascii	"tprio_t\000"
 1417      6F5F7400 
 1418              	.LASF63:
 1419 019e 63685F76 		.ascii	"ch_virtual_timer\000"
 1419      69727475 
 1419      616C5F74 
 1419      696D6572 
 1419      00
 1420              	.LASF14:
 1421 01af 6C6F6E67 		.ascii	"long long unsigned int\000"
 1421      206C6F6E 
 1421      6720756E 
 1421      7369676E 
 1421      65642069 
 1422              	.LASF91:
 1423 01c6 73655F77 		.ascii	"se_wtobjp\000"
 1423      746F626A 
 1423      7000
 1424              	.LASF7:
 1425 01d0 5F5F7569 		.ascii	"__uint16_t\000"
 1425      6E743136 
 1425      5F7400
 1426              	.LASF26:
 1427 01db 636E745F 		.ascii	"cnt_t\000"
 1427      7400
 1428              	.LASF75:
 1429 01e1 6973725F 		.ascii	"isr_cnt\000"
 1429      636E7400 
 1430              	.LASF33:
 1431 01e9 705F6E65 		.ascii	"p_newer\000"
 1431      77657200 
 1432              	.LASF70:
 1433 01f1 63685F76 		.ascii	"ch_virtual_timers_list\000"
 1433      69727475 
 1433      616C5F74 
 1433      696D6572 
 1433      735F6C69 
 1434              	.LASF89:
 1435 0208 73655F74 		.ascii	"se_time\000"
 1435      696D6500 
 1436              	.LASF28:
 1437 0210 74687265 		.ascii	"thread_t\000"
 1437      61645F74 
ARM GAS  /tmp/ccQEuhpD.s 			page 28


 1437      00
 1438              	.LASF98:
 1439 0219 7264796D 		.ascii	"rdymsg\000"
 1439      736700
 1440              	.LASF120:
 1441 0220 63685F74 		.ascii	"ch_threadsize\000"
 1441      68726561 
 1441      6473697A 
 1441      6500
 1442              	.LASF130:
 1443 022e 63665F6F 		.ascii	"cf_off_preempt\000"
 1443      66665F70 
 1443      7265656D 
 1443      707400
 1444              	.LASF135:
 1445 023d 5F426F6F 		.ascii	"_Bool\000"
 1445      6C00
 1446              	.LASF136:
 1447 0243 474E5520 		.ascii	"GNU C11 6.3.1 20170215 (release) [ARM/embedded-6-br"
 1447      43313120 
 1447      362E332E 
 1447      31203230 
 1447      31373032 
 1448 0276 616E6368 		.ascii	"anch revision 245512] -mcpu=cortex-m0 -mno-thumb-in"
 1448      20726576 
 1448      6973696F 
 1448      6E203234 
 1448      35353132 
 1449 02a9 74657277 		.ascii	"terwork -mthumb -ggdb -O0 -fomit-frame-pointer -fal"
 1449      6F726B20 
 1449      2D6D7468 
 1449      756D6220 
 1449      2D676764 
 1450 02dc 69676E2D 		.ascii	"ign-functions=16 -ffunction-sections -fdata-section"
 1450      66756E63 
 1450      74696F6E 
 1450      733D3136 
 1450      202D6666 
 1451 030f 7300     		.ascii	"s\000"
 1452              	.LASF108:
 1453 0311 63685F6D 		.ascii	"ch_mutex\000"
 1453      75746578 
 1453      00
 1454              	.LASF13:
 1455 031a 5F5F7569 		.ascii	"__uint64_t\000"
 1455      6E743634 
 1455      5F7400
 1456              	.LASF122:
 1457 0325 63665F6F 		.ascii	"cf_off_ctx\000"
 1457      66665F63 
 1457      747800
 1458              	.LASF126:
 1459 0330 63665F6F 		.ascii	"cf_off_stklimit\000"
 1459      66665F73 
 1459      746B6C69 
 1459      6D697400 
 1460              	.LASF35:
ARM GAS  /tmp/ccQEuhpD.s 			page 29


 1461 0340 705F6E61 		.ascii	"p_name\000"
 1461      6D6500
 1462              	.LASF66:
 1463 0347 76745F64 		.ascii	"vt_delta\000"
 1463      656C7461 
 1463      00
 1464              	.LASF47:
 1465 0350 74687265 		.ascii	"thread_reference_t\000"
 1465      61645F72 
 1465      65666572 
 1465      656E6365 
 1465      5F7400
 1466              	.LASF71:
 1467 0363 76745F6C 		.ascii	"vt_lasttime\000"
 1467      61737474 
 1467      696D6500 
 1468              	.LASF21:
 1469 036f 74737461 		.ascii	"tstate_t\000"
 1469      74655F74 
 1469      00
 1470              	.LASF90:
 1471 0378 73655F74 		.ascii	"se_tp\000"
 1471      7000
 1472              	.LASF34:
 1473 037e 705F6F6C 		.ascii	"p_older\000"
 1473      64657200 
 1474              	.LASF37:
 1475 0386 705F7374 		.ascii	"p_state\000"
 1475      61746500 
 1476              	.LASF36:
 1477 038e 705F7374 		.ascii	"p_stklimit\000"
 1477      6B6C696D 
 1477      697400
 1478              	.LASF15:
 1479 0399 75696E74 		.ascii	"uint8_t\000"
 1479      385F7400 
 1480              	.LASF96:
 1481 03a1 74625F62 		.ascii	"tb_buffer\000"
 1481      75666665 
 1481      7200
 1482              	.LASF46:
 1483 03ab 705F6D70 		.ascii	"p_mpool\000"
 1483      6F6F6C00 
 1484              	.LASF44:
 1485 03b3 705F6D74 		.ascii	"p_mtxlist\000"
 1485      786C6973 
 1485      7400
 1486              	.LASF49:
 1487 03bd 63685F74 		.ascii	"ch_thread\000"
 1487      68726561 
 1487      6400
 1488              	.LASF94:
 1489 03c7 74625F73 		.ascii	"tb_size\000"
 1489      697A6500 
 1490              	.LASF72:
 1491 03cf 73797374 		.ascii	"system_debug_t\000"
 1491      656D5F64 
ARM GAS  /tmp/ccQEuhpD.s 			page 30


 1491      65627567 
 1491      5F7400
 1492              	.LASF1:
 1493 03de 6C6F6E67 		.ascii	"long long int\000"
 1493      206C6F6E 
 1493      6720696E 
 1493      7400
 1494              	.LASF55:
 1495 03ec 725F7175 		.ascii	"r_queue\000"
 1495      65756500 
 1496              	.LASF58:
 1497 03f4 725F6E65 		.ascii	"r_newer\000"
 1497      77657200 
 1498              	.LASF24:
 1499 03fc 6D73675F 		.ascii	"msg_t\000"
 1499      7400
 1500              	.LASF87:
 1501 0402 636F6E74 		.ascii	"context\000"
 1501      65787400 
 1502              	.LASF38:
 1503 040a 705F666C 		.ascii	"p_flags\000"
 1503      61677300 
 1504              	.LASF62:
 1505 0412 76697274 		.ascii	"virtual_timer_t\000"
 1505      75616C5F 
 1505      74696D65 
 1505      725F7400 
 1506              	.LASF129:
 1507 0422 63665F6F 		.ascii	"cf_off_refs\000"
 1507      66665F72 
 1507      65667300 
 1508              	.LASF115:
 1509 042e 63685F7A 		.ascii	"ch_zero\000"
 1509      65726F00 
 1510              	.LASF95:
 1511 0436 74625F70 		.ascii	"tb_ptr\000"
 1511      747200
 1512              	.LASF59:
 1513 043d 725F6F6C 		.ascii	"r_older\000"
 1513      64657200 
 1514              	.LASF74:
 1515 0445 70616E69 		.ascii	"panic_msg\000"
 1515      635F6D73 
 1515      6700
 1516              	.LASF42:
 1517 044f 705F6D73 		.ascii	"p_msg\000"
 1517      6700
 1518              	.LASF20:
 1519 0455 746D6F64 		.ascii	"tmode_t\000"
 1519      655F7400 
 1520              	.LASF116:
 1521 045d 63685F73 		.ascii	"ch_size\000"
 1521      697A6500 
 1522              	.LASF82:
 1523 0465 6D61696E 		.ascii	"mainthread\000"
 1523      74687265 
 1523      616400
ARM GAS  /tmp/ccQEuhpD.s 			page 31


 1524              	.LASF2:
 1525 0470 6C6F6E67 		.ascii	"long double\000"
 1525      20646F75 
 1525      626C6500 
 1526              	.LASF16:
 1527 047c 75696E74 		.ascii	"uint16_t\000"
 1527      31365F74 
 1527      00
 1528              	.LASF132:
 1529 0485 63686465 		.ascii	"chdebug_t\000"
 1529      6275675F 
 1529      7400
 1530              	.LASF76:
 1531 048f 6C6F636B 		.ascii	"lock_cnt\000"
 1531      5F636E74 
 1531      00
 1532              	.LASF45:
 1533 0498 705F7265 		.ascii	"p_realprio\000"
 1533      616C7072 
 1533      696F00
 1534              	.LASF117:
 1535 04a3 63685F76 		.ascii	"ch_version\000"
 1535      65727369 
 1535      6F6E00
 1536              	.LASF5:
 1537 04ae 73686F72 		.ascii	"short int\000"
 1537      7420696E 
 1537      7400
 1538              	.LASF60:
 1539 04b8 725F6375 		.ascii	"r_current\000"
 1539      7272656E 
 1539      7400
 1540              	.LASF43:
 1541 04c2 705F6570 		.ascii	"p_epending\000"
 1541      656E6469 
 1541      6E6700
 1542              	.LASF109:
 1543 04cd 6D5F7175 		.ascii	"m_queue\000"
 1543      65756500 
 1544              	.LASF10:
 1545 04d5 6C6F6E67 		.ascii	"long int\000"
 1545      20696E74 
 1545      00
 1546              	.LASF88:
 1547 04de 706F7274 		.ascii	"port_intctx\000"
 1547      5F696E74 
 1547      63747800 
 1548              	.LASF79:
 1549 04ea 63685F73 		.ascii	"ch_system\000"
 1549      79737465 
 1549      6D00
 1550              	.LASF29:
 1551 04f4 705F6E65 		.ascii	"p_next\000"
 1551      787400
 1552              	.LASF19:
 1553 04fb 75696E74 		.ascii	"uint64_t\000"
 1553      36345F74 
ARM GAS  /tmp/ccQEuhpD.s 			page 32


 1553      00
 1554              	.LASF32:
 1555 0504 705F6374 		.ascii	"p_ctx\000"
 1555      7800
 1556              	.LASF80:
 1557 050a 726C6973 		.ascii	"rlist\000"
 1557      7400
 1558              	.LASF131:
 1559 0510 63665F6F 		.ascii	"cf_off_time\000"
 1559      66665F74 
 1559      696D6500 
 1560              	.LASF121:
 1561 051c 63665F6F 		.ascii	"cf_off_prio\000"
 1561      66665F70 
 1561      72696F00 
 1562              	.LASF6:
 1563 0528 5F5F7569 		.ascii	"__uint8_t\000"
 1563      6E74385F 
 1563      7400
 1564              	.LASF114:
 1565 0532 63685F69 		.ascii	"ch_identifier\000"
 1565      64656E74 
 1565      69666965 
 1565      7200
 1566              	.LASF30:
 1567 0540 705F7072 		.ascii	"p_prev\000"
 1567      657600
 1568              	.LASF84:
 1569 0547 73697A65 		.ascii	"sizetype\000"
 1569      74797065 
 1569      00
 1570              	.LASF22:
 1571 0550 74726566 		.ascii	"trefs_t\000"
 1571      735F7400 
 1572              	.LASF12:
 1573 0558 6C6F6E67 		.ascii	"long unsigned int\000"
 1573      20756E73 
 1573      69676E65 
 1573      6420696E 
 1573      7400
 1574              	.LASF127:
 1575 056a 63665F6F 		.ascii	"cf_off_state\000"
 1575      66665F73 
 1575      74617465 
 1575      00
 1576              	.LASF53:
 1577 0577 72656164 		.ascii	"ready_list_t\000"
 1577      795F6C69 
 1577      73745F74 
 1577      00
 1578              	.LASF17:
 1579 0584 696E7433 		.ascii	"int32_t\000"
 1579      325F7400 
 1580              	.LASF77:
 1581 058c 74726163 		.ascii	"trace_buffer\000"
 1581      655F6275 
 1581      66666572 
ARM GAS  /tmp/ccQEuhpD.s 			page 33


 1581      00
 1582              	.LASF102:
 1583 0599 77747365 		.ascii	"wtsemp\000"
 1583      6D7000
 1584              	.LASF93:
 1585 05a0 63685F73 		.ascii	"ch_swc_event_t\000"
 1585      77635F65 
 1585      76656E74 
 1585      5F7400
 1586              	.LASF134:
 1587 05af 6D757465 		.ascii	"mutex_t\000"
 1587      785F7400 
 1588              	.LASF137:
 1589 05b7 43686962 		.ascii	"ChibiOS/os/hal/osal/rt/osal.c\000"
 1589      694F532F 
 1589      6F732F68 
 1589      616C2F6F 
 1589      73616C2F 
 1590              	.LASF4:
 1591 05d5 756E7369 		.ascii	"unsigned char\000"
 1591      676E6564 
 1591      20636861 
 1591      7200
 1592              	.LASF11:
 1593 05e3 5F5F7569 		.ascii	"__uint32_t\000"
 1593      6E743332 
 1593      5F7400
 1594              	.LASF69:
 1595 05ee 76697274 		.ascii	"virtual_timers_list_t\000"
 1595      75616C5F 
 1595      74696D65 
 1595      72735F6C 
 1595      6973745F 
 1596              	.LASF39:
 1597 0604 705F7265 		.ascii	"p_refs\000"
 1597      667300
 1598              	.LASF64:
 1599 060b 76745F6E 		.ascii	"vt_next\000"
 1599      65787400 
 1600              	.LASF78:
 1601 0613 63685F73 		.ascii	"ch_system_t\000"
 1601      79737465 
 1601      6D5F7400 
 1602              	.LASF101:
 1603 061f 77747472 		.ascii	"wttrp\000"
 1603      7000
 1604              	.LASF97:
 1605 0625 63685F74 		.ascii	"ch_trace_buffer_t\000"
 1605      72616365 
 1605      5F627566 
 1605      6665725F 
 1605      7400
 1606              	.LASF111:
 1607 0637 6D5F6E65 		.ascii	"m_next\000"
 1607      787400
 1608              	.LASF3:
 1609 063e 7369676E 		.ascii	"signed char\000"
ARM GAS  /tmp/ccQEuhpD.s 			page 34


 1609      65642063 
 1609      68617200 
 1610              	.LASF123:
 1611 064a 63665F6F 		.ascii	"cf_off_newer\000"
 1611      66665F6E 
 1611      65776572 
 1611      00
 1612              	.LASF8:
 1613 0657 73686F72 		.ascii	"short unsigned int\000"
 1613      7420756E 
 1613      7369676E 
 1613      65642069 
 1613      6E7400
 1614              	.LASF57:
 1615 066a 725F6374 		.ascii	"r_ctx\000"
 1615      7800
 1616              	.LASF86:
 1617 0670 73746B61 		.ascii	"stkalign_t\000"
 1617      6C69676E 
 1617      5F7400
 1618              	.LASF133:
 1619 067b 63685F64 		.ascii	"ch_debug\000"
 1619      65627567 
 1619      00
 1620              	.LASF67:
 1621 0684 76745F66 		.ascii	"vt_func\000"
 1621      756E6300 
 1622              	.LASF65:
 1623 068c 76745F70 		.ascii	"vt_prev\000"
 1623      72657600 
 1624              	.LASF99:
 1625 0694 65786974 		.ascii	"exitcode\000"
 1625      636F6465 
 1625      00
 1626              		.ident	"GCC: (GNU Tools for ARM Embedded Processors 6-2017-q1-update) 6.3.1 20170215 (release) [AR
ARM GAS  /tmp/ccQEuhpD.s 			page 35


DEFINED SYMBOLS
                            *ABS*:0000000000000000 osal.c

NO UNDEFINED SYMBOLS
